[2022-10-05T16:46:52.487+0000] {taskinstance.py:1165} INFO - Dependencies all met for <TaskInstance: dump_to_s3.dump_to_s3 manual__2022-10-05T16:46:45.074381+00:00 [queued]>
[2022-10-05T16:46:52.496+0000] {taskinstance.py:1165} INFO - Dependencies all met for <TaskInstance: dump_to_s3.dump_to_s3 manual__2022-10-05T16:46:45.074381+00:00 [queued]>
[2022-10-05T16:46:52.496+0000] {taskinstance.py:1362} INFO - 
--------------------------------------------------------------------------------
[2022-10-05T16:46:52.496+0000] {taskinstance.py:1363} INFO - Starting attempt 1 of 1
[2022-10-05T16:46:52.496+0000] {taskinstance.py:1364} INFO - 
--------------------------------------------------------------------------------
[2022-10-05T16:46:52.584+0000] {taskinstance.py:1383} INFO - Executing <Task(_PythonDecoratedOperator): dump_to_s3> on 2022-10-05 16:46:45.074381+00:00
[2022-10-05T16:46:52.587+0000] {standard_task_runner.py:54} INFO - Started process 27655 to run task
[2022-10-05T16:46:52.591+0000] {standard_task_runner.py:82} INFO - Running: ['airflow', 'tasks', 'run', 'dump_to_s3', 'dump_to_s3', 'manual__2022-10-05T16:46:45.074381+00:00', '--job-id', '64', '--raw', '--subdir', 'DAGS_FOLDER/pipeline.py', '--cfg-path', '/tmp/tmpvl35e5ik']
[2022-10-05T16:46:52.592+0000] {standard_task_runner.py:83} INFO - Job 64: Subtask dump_to_s3
[2022-10-05T16:46:52.593+0000] {dagbag.py:525} INFO - Filling up the DagBag from /workspaces/pipeline-environment/test_airflow/dags/pipeline.py
[2022-10-05T16:46:52.685+0000] {logging_mixin.py:117} WARNING - /usr/local/lib/python3.10/site-packages/airflow/models/dag.py:3393 RemovedInAirflow3Warning: Param `schedule_interval` is deprecated and will be removed in a future release. Please use `schedule` instead.
[2022-10-05T16:46:52.686+0000] {taskmixin.py:205} WARNING - Dependency <Task(_PythonDecoratedOperator): create_dump_file>, collect_messages already registered for DAG: dump_to_s3
[2022-10-05T16:46:52.687+0000] {taskmixin.py:205} WARNING - Dependency <Task(_PythonDecoratedOperator): collect_messages>, create_dump_file already registered for DAG: dump_to_s3
[2022-10-05T16:46:52.687+0000] {taskmixin.py:205} WARNING - Dependency <Task(_PythonDecoratedOperator): create_dump_file>, collect_messages already registered for DAG: dump_to_s3
[2022-10-05T16:46:52.687+0000] {taskmixin.py:205} WARNING - Dependency <Task(_PythonDecoratedOperator): collect_messages>, create_dump_file already registered for DAG: dump_to_s3
[2022-10-05T16:46:52.687+0000] {taskmixin.py:205} WARNING - Dependency <Task(_PythonDecoratedOperator): create_dump_file>, collect_messages already registered for DAG: dump_to_s3
[2022-10-05T16:46:52.687+0000] {taskmixin.py:205} WARNING - Dependency <Task(_PythonDecoratedOperator): collect_messages>, create_dump_file already registered for DAG: dump_to_s3
[2022-10-05T16:46:52.687+0000] {taskmixin.py:205} WARNING - Dependency <Task(_PythonDecoratedOperator): create_dump_file>, collect_messages already registered for DAG: dump_to_s3
[2022-10-05T16:46:52.687+0000] {taskmixin.py:205} WARNING - Dependency <Task(_PythonDecoratedOperator): collect_messages>, create_dump_file already registered for DAG: dump_to_s3
[2022-10-05T16:46:52.688+0000] {taskmixin.py:205} WARNING - Dependency <Task(_PythonDecoratedOperator): create_dump_file>, collect_messages already registered for DAG: dump_to_s3
[2022-10-05T16:46:52.688+0000] {taskmixin.py:205} WARNING - Dependency <Task(_PythonDecoratedOperator): collect_messages>, create_dump_file already registered for DAG: dump_to_s3
[2022-10-05T16:46:52.688+0000] {taskmixin.py:205} WARNING - Dependency <Task(_PythonDecoratedOperator): create_dump_file>, collect_messages already registered for DAG: dump_to_s3
[2022-10-05T16:46:52.688+0000] {taskmixin.py:205} WARNING - Dependency <Task(_PythonDecoratedOperator): collect_messages>, create_dump_file already registered for DAG: dump_to_s3
[2022-10-05T16:46:52.688+0000] {taskmixin.py:205} WARNING - Dependency <Task(_PythonDecoratedOperator): collect_messages>, dump_to_s3 already registered for DAG: dump_to_s3
[2022-10-05T16:46:52.689+0000] {taskmixin.py:205} WARNING - Dependency <Task(_PythonDecoratedOperator): dump_to_s3>, collect_messages already registered for DAG: dump_to_s3
[2022-10-05T16:46:52.689+0000] {taskmixin.py:205} WARNING - Dependency <Task(_PythonDecoratedOperator): collect_messages>, dump_to_s3 already registered for DAG: dump_to_s3
[2022-10-05T16:46:52.689+0000] {taskmixin.py:205} WARNING - Dependency <Task(_PythonDecoratedOperator): dump_to_s3>, collect_messages already registered for DAG: dump_to_s3
[2022-10-05T16:46:52.689+0000] {taskmixin.py:205} WARNING - Dependency <Task(_PythonDecoratedOperator): collect_messages>, dump_to_s3 already registered for DAG: dump_to_s3
[2022-10-05T16:46:52.689+0000] {taskmixin.py:205} WARNING - Dependency <Task(_PythonDecoratedOperator): dump_to_s3>, collect_messages already registered for DAG: dump_to_s3
[2022-10-05T16:46:52.689+0000] {taskmixin.py:205} WARNING - Dependency <Task(_PythonDecoratedOperator): collect_messages>, dump_to_s3 already registered for DAG: dump_to_s3
[2022-10-05T16:46:52.689+0000] {taskmixin.py:205} WARNING - Dependency <Task(_PythonDecoratedOperator): dump_to_s3>, collect_messages already registered for DAG: dump_to_s3
[2022-10-05T16:46:52.689+0000] {taskmixin.py:205} WARNING - Dependency <Task(_PythonDecoratedOperator): collect_messages>, dump_to_s3 already registered for DAG: dump_to_s3
[2022-10-05T16:46:52.689+0000] {taskmixin.py:205} WARNING - Dependency <Task(_PythonDecoratedOperator): dump_to_s3>, collect_messages already registered for DAG: dump_to_s3
[2022-10-05T16:46:52.690+0000] {taskmixin.py:205} WARNING - Dependency <Task(_PythonDecoratedOperator): collect_messages>, dump_to_s3 already registered for DAG: dump_to_s3
[2022-10-05T16:46:52.690+0000] {taskmixin.py:205} WARNING - Dependency <Task(_PythonDecoratedOperator): dump_to_s3>, collect_messages already registered for DAG: dump_to_s3
[2022-10-05T16:46:52.769+0000] {task_command.py:384} INFO - Running <TaskInstance: dump_to_s3.dump_to_s3 manual__2022-10-05T16:46:45.074381+00:00 [running]> on host 5967fcff9989
[2022-10-05T16:46:52.884+0000] {taskinstance.py:1590} INFO - Exporting the following env vars:
AIRFLOW_CTX_DAG_OWNER=airflow
AIRFLOW_CTX_DAG_ID=dump_to_s3
AIRFLOW_CTX_TASK_ID=dump_to_s3
AIRFLOW_CTX_EXECUTION_DATE=2022-10-05T16:46:45.074381+00:00
AIRFLOW_CTX_TRY_NUMBER=1
AIRFLOW_CTX_DAG_RUN_ID=manual__2022-10-05T16:46:45.074381+00:00
[2022-10-05T16:46:52.888+0000] {logging_mixin.py:117} INFO - Bucket 'ais' already exists
[2022-10-05T16:46:52.952+0000] {logging_mixin.py:117} INFO - '/workspaces/pipeline-environment/test_airflow/dags/data/2022-10-05 18:46:47.986967+00:00' is successfully uploaded as object '/workspaces/pipeline-environment/test_airflow/dags/data/2022-10-05 18:46:47.986967+00:00' to bucket 'path'.
[2022-10-05T16:46:52.953+0000] {python.py:177} INFO - Done. Returned value was: None
[2022-10-05T16:46:52.956+0000] {taskinstance.py:1401} INFO - Marking task as SUCCESS. dag_id=dump_to_s3, task_id=dump_to_s3, execution_date=20221005T164645, start_date=20221005T164652, end_date=20221005T164652
[2022-10-05T16:46:53.044+0000] {local_task_job.py:164} INFO - Task exited with return code 0
[2022-10-05T16:46:53.055+0000] {local_task_job.py:273} INFO - 0 downstream tasks scheduled from follow-on schedule check
