[2022-10-03T09:42:42.682+0000] {processor.py:156} INFO - Started process (PID=23939) to work on /usr/local/python/3.10.7/lib/python3.10/site-packages/airflow/example_dags/example_branch_datetime_operator.py
[2022-10-03T09:42:42.683+0000] {processor.py:758} INFO - Processing file /usr/local/python/3.10.7/lib/python3.10/site-packages/airflow/example_dags/example_branch_datetime_operator.py for tasks to queue
[2022-10-03T09:42:42.683+0000] {logging_mixin.py:117} INFO - [2022-10-03T09:42:42.683+0000] {dagbag.py:525} INFO - Filling up the DagBag from /usr/local/python/3.10.7/lib/python3.10/site-packages/airflow/example_dags/example_branch_datetime_operator.py
[2022-10-03T09:42:42.701+0000] {processor.py:768} INFO - DAG(s) dict_keys(['example_branch_datetime_operator_2', 'example_branch_datetime_operator', 'example_branch_datetime_operator_3']) retrieved from /usr/local/python/3.10.7/lib/python3.10/site-packages/airflow/example_dags/example_branch_datetime_operator.py
[2022-10-03T09:42:42.862+0000] {logging_mixin.py:117} INFO - [2022-10-03T09:42:42.861+0000] {manager.py:507} INFO - Created Permission View: can edit on DAG:example_branch_datetime_operator_2
[2022-10-03T09:42:42.898+0000] {logging_mixin.py:117} INFO - [2022-10-03T09:42:42.898+0000] {manager.py:507} INFO - Created Permission View: can delete on DAG:example_branch_datetime_operator_2
[2022-10-03T09:42:42.933+0000] {logging_mixin.py:117} INFO - [2022-10-03T09:42:42.933+0000] {manager.py:507} INFO - Created Permission View: can read on DAG:example_branch_datetime_operator_2
[2022-10-03T09:42:43.028+0000] {logging_mixin.py:117} INFO - [2022-10-03T09:42:43.028+0000] {manager.py:507} INFO - Created Permission View: can edit on DAG:example_branch_datetime_operator
[2022-10-03T09:42:43.063+0000] {logging_mixin.py:117} INFO - [2022-10-03T09:42:43.063+0000] {manager.py:507} INFO - Created Permission View: can delete on DAG:example_branch_datetime_operator
[2022-10-03T09:42:43.097+0000] {logging_mixin.py:117} INFO - [2022-10-03T09:42:43.097+0000] {manager.py:507} INFO - Created Permission View: can read on DAG:example_branch_datetime_operator
[2022-10-03T09:42:43.173+0000] {logging_mixin.py:117} INFO - [2022-10-03T09:42:43.173+0000] {manager.py:507} INFO - Created Permission View: can edit on DAG:example_branch_datetime_operator_3
[2022-10-03T09:42:43.209+0000] {logging_mixin.py:117} INFO - [2022-10-03T09:42:43.209+0000] {manager.py:507} INFO - Created Permission View: can delete on DAG:example_branch_datetime_operator_3
[2022-10-03T09:42:43.246+0000] {logging_mixin.py:117} INFO - [2022-10-03T09:42:43.246+0000] {manager.py:507} INFO - Created Permission View: can read on DAG:example_branch_datetime_operator_3
[2022-10-03T09:42:43.247+0000] {logging_mixin.py:117} INFO - [2022-10-03T09:42:43.246+0000] {dag.py:2573} INFO - Sync 3 DAGs
[2022-10-03T09:42:43.256+0000] {logging_mixin.py:117} INFO - [2022-10-03T09:42:43.256+0000] {dag.py:2594} INFO - Creating ORM DAG for example_branch_datetime_operator_3
[2022-10-03T09:42:43.257+0000] {logging_mixin.py:117} INFO - [2022-10-03T09:42:43.257+0000] {dag.py:2594} INFO - Creating ORM DAG for example_branch_datetime_operator_2
[2022-10-03T09:42:43.257+0000] {logging_mixin.py:117} INFO - [2022-10-03T09:42:43.257+0000] {dag.py:2594} INFO - Creating ORM DAG for example_branch_datetime_operator
[2022-10-03T09:42:43.266+0000] {logging_mixin.py:117} INFO - [2022-10-03T09:42:43.266+0000] {dag.py:3324} INFO - Setting next_dagrun for example_branch_datetime_operator to 2022-10-02T00:00:00+00:00, run_after=2022-10-03T00:00:00+00:00
[2022-10-03T09:42:43.268+0000] {logging_mixin.py:117} INFO - [2022-10-03T09:42:43.268+0000] {dag.py:3324} INFO - Setting next_dagrun for example_branch_datetime_operator_2 to 2022-10-02T00:00:00+00:00, run_after=2022-10-03T00:00:00+00:00
[2022-10-03T09:42:43.269+0000] {logging_mixin.py:117} INFO - [2022-10-03T09:42:43.269+0000] {dag.py:3324} INFO - Setting next_dagrun for example_branch_datetime_operator_3 to 2022-10-02T00:00:00+00:00, run_after=2022-10-03T00:00:00+00:00
[2022-10-03T09:42:43.319+0000] {processor.py:178} INFO - Processing /usr/local/python/3.10.7/lib/python3.10/site-packages/airflow/example_dags/example_branch_datetime_operator.py took 0.641 seconds
[2022-10-03T09:43:23.199+0000] {processor.py:156} INFO - Started process (PID=24217) to work on /usr/local/python/3.10.7/lib/python3.10/site-packages/airflow/example_dags/example_branch_datetime_operator.py
[2022-10-03T09:43:23.200+0000] {processor.py:758} INFO - Processing file /usr/local/python/3.10.7/lib/python3.10/site-packages/airflow/example_dags/example_branch_datetime_operator.py for tasks to queue
[2022-10-03T09:43:23.200+0000] {logging_mixin.py:117} INFO - [2022-10-03T09:43:23.200+0000] {dagbag.py:525} INFO - Filling up the DagBag from /usr/local/python/3.10.7/lib/python3.10/site-packages/airflow/example_dags/example_branch_datetime_operator.py
[2022-10-03T09:43:23.219+0000] {processor.py:768} INFO - DAG(s) dict_keys(['example_branch_datetime_operator_2', 'example_branch_datetime_operator_3', 'example_branch_datetime_operator']) retrieved from /usr/local/python/3.10.7/lib/python3.10/site-packages/airflow/example_dags/example_branch_datetime_operator.py
[2022-10-03T09:43:23.247+0000] {logging_mixin.py:117} INFO - [2022-10-03T09:43:23.247+0000] {dag.py:2573} INFO - Sync 3 DAGs
[2022-10-03T09:43:23.265+0000] {logging_mixin.py:117} INFO - [2022-10-03T09:43:23.265+0000] {dag.py:3324} INFO - Setting next_dagrun for example_branch_datetime_operator to 2022-10-02T00:00:00+00:00, run_after=2022-10-03T00:00:00+00:00
[2022-10-03T09:43:23.269+0000] {logging_mixin.py:117} INFO - [2022-10-03T09:43:23.269+0000] {dag.py:3324} INFO - Setting next_dagrun for example_branch_datetime_operator_2 to 2022-10-02T00:00:00+00:00, run_after=2022-10-03T00:00:00+00:00
[2022-10-03T09:43:23.271+0000] {logging_mixin.py:117} INFO - [2022-10-03T09:43:23.271+0000] {dag.py:3324} INFO - Setting next_dagrun for example_branch_datetime_operator_3 to 2022-10-02T00:00:00+00:00, run_after=2022-10-03T00:00:00+00:00
[2022-10-03T09:43:23.313+0000] {processor.py:178} INFO - Processing /usr/local/python/3.10.7/lib/python3.10/site-packages/airflow/example_dags/example_branch_datetime_operator.py took 0.117 seconds
[2022-10-03T09:44:05.087+0000] {processor.py:156} INFO - Started process (PID=24495) to work on /usr/local/python/3.10.7/lib/python3.10/site-packages/airflow/example_dags/example_branch_datetime_operator.py
[2022-10-03T09:44:05.088+0000] {processor.py:758} INFO - Processing file /usr/local/python/3.10.7/lib/python3.10/site-packages/airflow/example_dags/example_branch_datetime_operator.py for tasks to queue
[2022-10-03T09:44:05.089+0000] {logging_mixin.py:117} INFO - [2022-10-03T09:44:05.089+0000] {dagbag.py:525} INFO - Filling up the DagBag from /usr/local/python/3.10.7/lib/python3.10/site-packages/airflow/example_dags/example_branch_datetime_operator.py
[2022-10-03T09:44:05.108+0000] {processor.py:768} INFO - DAG(s) dict_keys(['example_branch_datetime_operator_3', 'example_branch_datetime_operator_2', 'example_branch_datetime_operator']) retrieved from /usr/local/python/3.10.7/lib/python3.10/site-packages/airflow/example_dags/example_branch_datetime_operator.py
[2022-10-03T09:44:05.135+0000] {logging_mixin.py:117} INFO - [2022-10-03T09:44:05.135+0000] {dag.py:2573} INFO - Sync 3 DAGs
[2022-10-03T09:44:05.154+0000] {logging_mixin.py:117} INFO - [2022-10-03T09:44:05.154+0000] {dag.py:3324} INFO - Setting next_dagrun for example_branch_datetime_operator to 2022-10-02T00:00:00+00:00, run_after=2022-10-03T00:00:00+00:00
[2022-10-03T09:44:05.158+0000] {logging_mixin.py:117} INFO - [2022-10-03T09:44:05.158+0000] {dag.py:3324} INFO - Setting next_dagrun for example_branch_datetime_operator_2 to 2022-10-02T00:00:00+00:00, run_after=2022-10-03T00:00:00+00:00
[2022-10-03T09:44:05.160+0000] {logging_mixin.py:117} INFO - [2022-10-03T09:44:05.160+0000] {dag.py:3324} INFO - Setting next_dagrun for example_branch_datetime_operator_3 to 2022-10-02T00:00:00+00:00, run_after=2022-10-03T00:00:00+00:00
[2022-10-03T09:44:05.203+0000] {processor.py:178} INFO - Processing /usr/local/python/3.10.7/lib/python3.10/site-packages/airflow/example_dags/example_branch_datetime_operator.py took 0.119 seconds
[2022-10-03T09:44:48.450+0000] {processor.py:156} INFO - Started process (PID=24908) to work on /usr/local/python/3.10.7/lib/python3.10/site-packages/airflow/example_dags/example_branch_datetime_operator.py
[2022-10-03T09:44:48.451+0000] {processor.py:758} INFO - Processing file /usr/local/python/3.10.7/lib/python3.10/site-packages/airflow/example_dags/example_branch_datetime_operator.py for tasks to queue
[2022-10-03T09:44:48.452+0000] {logging_mixin.py:117} INFO - [2022-10-03T09:44:48.451+0000] {dagbag.py:525} INFO - Filling up the DagBag from /usr/local/python/3.10.7/lib/python3.10/site-packages/airflow/example_dags/example_branch_datetime_operator.py
[2022-10-03T09:44:48.470+0000] {processor.py:768} INFO - DAG(s) dict_keys(['example_branch_datetime_operator_2', 'example_branch_datetime_operator', 'example_branch_datetime_operator_3']) retrieved from /usr/local/python/3.10.7/lib/python3.10/site-packages/airflow/example_dags/example_branch_datetime_operator.py
[2022-10-03T09:44:48.500+0000] {logging_mixin.py:117} INFO - [2022-10-03T09:44:48.500+0000] {dag.py:2573} INFO - Sync 3 DAGs
[2022-10-03T09:44:48.518+0000] {logging_mixin.py:117} INFO - [2022-10-03T09:44:48.518+0000] {dag.py:3324} INFO - Setting next_dagrun for example_branch_datetime_operator to 2022-10-02T00:00:00+00:00, run_after=2022-10-03T00:00:00+00:00
[2022-10-03T09:44:48.522+0000] {logging_mixin.py:117} INFO - [2022-10-03T09:44:48.522+0000] {dag.py:3324} INFO - Setting next_dagrun for example_branch_datetime_operator_2 to 2022-10-02T00:00:00+00:00, run_after=2022-10-03T00:00:00+00:00
[2022-10-03T09:44:48.525+0000] {logging_mixin.py:117} INFO - [2022-10-03T09:44:48.525+0000] {dag.py:3324} INFO - Setting next_dagrun for example_branch_datetime_operator_3 to 2022-10-02T00:00:00+00:00, run_after=2022-10-03T00:00:00+00:00
[2022-10-03T09:44:48.570+0000] {processor.py:178} INFO - Processing /usr/local/python/3.10.7/lib/python3.10/site-packages/airflow/example_dags/example_branch_datetime_operator.py took 0.123 seconds
[2022-10-03T09:45:27.888+0000] {processor.py:156} INFO - Started process (PID=25204) to work on /usr/local/python/3.10.7/lib/python3.10/site-packages/airflow/example_dags/example_branch_datetime_operator.py
[2022-10-03T09:45:27.889+0000] {processor.py:758} INFO - Processing file /usr/local/python/3.10.7/lib/python3.10/site-packages/airflow/example_dags/example_branch_datetime_operator.py for tasks to queue
[2022-10-03T09:45:27.890+0000] {logging_mixin.py:117} INFO - [2022-10-03T09:45:27.890+0000] {dagbag.py:525} INFO - Filling up the DagBag from /usr/local/python/3.10.7/lib/python3.10/site-packages/airflow/example_dags/example_branch_datetime_operator.py
[2022-10-03T09:45:27.908+0000] {processor.py:768} INFO - DAG(s) dict_keys(['example_branch_datetime_operator', 'example_branch_datetime_operator_2', 'example_branch_datetime_operator_3']) retrieved from /usr/local/python/3.10.7/lib/python3.10/site-packages/airflow/example_dags/example_branch_datetime_operator.py
[2022-10-03T09:45:27.935+0000] {logging_mixin.py:117} INFO - [2022-10-03T09:45:27.935+0000] {dag.py:2573} INFO - Sync 3 DAGs
[2022-10-03T09:45:27.952+0000] {logging_mixin.py:117} INFO - [2022-10-03T09:45:27.952+0000] {dag.py:3324} INFO - Setting next_dagrun for example_branch_datetime_operator to 2022-10-02T00:00:00+00:00, run_after=2022-10-03T00:00:00+00:00
[2022-10-03T09:45:27.957+0000] {logging_mixin.py:117} INFO - [2022-10-03T09:45:27.957+0000] {dag.py:3324} INFO - Setting next_dagrun for example_branch_datetime_operator_2 to 2022-10-02T00:00:00+00:00, run_after=2022-10-03T00:00:00+00:00
[2022-10-03T09:45:27.959+0000] {logging_mixin.py:117} INFO - [2022-10-03T09:45:27.959+0000] {dag.py:3324} INFO - Setting next_dagrun for example_branch_datetime_operator_3 to 2022-10-02T00:00:00+00:00, run_after=2022-10-03T00:00:00+00:00
[2022-10-03T09:45:28.002+0000] {processor.py:178} INFO - Processing /usr/local/python/3.10.7/lib/python3.10/site-packages/airflow/example_dags/example_branch_datetime_operator.py took 0.116 seconds
[2022-10-03T09:46:09.905+0000] {processor.py:156} INFO - Started process (PID=25486) to work on /usr/local/python/3.10.7/lib/python3.10/site-packages/airflow/example_dags/example_branch_datetime_operator.py
[2022-10-03T09:46:09.906+0000] {processor.py:758} INFO - Processing file /usr/local/python/3.10.7/lib/python3.10/site-packages/airflow/example_dags/example_branch_datetime_operator.py for tasks to queue
[2022-10-03T09:46:09.907+0000] {logging_mixin.py:117} INFO - [2022-10-03T09:46:09.907+0000] {dagbag.py:525} INFO - Filling up the DagBag from /usr/local/python/3.10.7/lib/python3.10/site-packages/airflow/example_dags/example_branch_datetime_operator.py
[2022-10-03T09:46:09.925+0000] {processor.py:768} INFO - DAG(s) dict_keys(['example_branch_datetime_operator_2', 'example_branch_datetime_operator_3', 'example_branch_datetime_operator']) retrieved from /usr/local/python/3.10.7/lib/python3.10/site-packages/airflow/example_dags/example_branch_datetime_operator.py
[2022-10-03T09:46:09.951+0000] {logging_mixin.py:117} INFO - [2022-10-03T09:46:09.951+0000] {dag.py:2573} INFO - Sync 3 DAGs
[2022-10-03T09:46:09.970+0000] {logging_mixin.py:117} INFO - [2022-10-03T09:46:09.970+0000] {dag.py:3324} INFO - Setting next_dagrun for example_branch_datetime_operator to 2022-10-02T00:00:00+00:00, run_after=2022-10-03T00:00:00+00:00
[2022-10-03T09:46:09.973+0000] {logging_mixin.py:117} INFO - [2022-10-03T09:46:09.973+0000] {dag.py:3324} INFO - Setting next_dagrun for example_branch_datetime_operator_2 to 2022-10-02T00:00:00+00:00, run_after=2022-10-03T00:00:00+00:00
[2022-10-03T09:46:09.975+0000] {logging_mixin.py:117} INFO - [2022-10-03T09:46:09.975+0000] {dag.py:3324} INFO - Setting next_dagrun for example_branch_datetime_operator_3 to 2022-10-02T00:00:00+00:00, run_after=2022-10-03T00:00:00+00:00
[2022-10-03T09:46:10.018+0000] {processor.py:178} INFO - Processing /usr/local/python/3.10.7/lib/python3.10/site-packages/airflow/example_dags/example_branch_datetime_operator.py took 0.115 seconds
[2022-10-03T09:46:47.976+0000] {processor.py:156} INFO - Started process (PID=25750) to work on /usr/local/python/3.10.7/lib/python3.10/site-packages/airflow/example_dags/example_branch_datetime_operator.py
[2022-10-03T09:46:47.977+0000] {processor.py:758} INFO - Processing file /usr/local/python/3.10.7/lib/python3.10/site-packages/airflow/example_dags/example_branch_datetime_operator.py for tasks to queue
[2022-10-03T09:46:47.978+0000] {logging_mixin.py:117} INFO - [2022-10-03T09:46:47.978+0000] {dagbag.py:525} INFO - Filling up the DagBag from /usr/local/python/3.10.7/lib/python3.10/site-packages/airflow/example_dags/example_branch_datetime_operator.py
[2022-10-03T09:46:47.995+0000] {processor.py:768} INFO - DAG(s) dict_keys(['example_branch_datetime_operator_3', 'example_branch_datetime_operator_2', 'example_branch_datetime_operator']) retrieved from /usr/local/python/3.10.7/lib/python3.10/site-packages/airflow/example_dags/example_branch_datetime_operator.py
[2022-10-03T09:46:48.022+0000] {logging_mixin.py:117} INFO - [2022-10-03T09:46:48.022+0000] {dag.py:2573} INFO - Sync 3 DAGs
[2022-10-03T09:46:48.041+0000] {logging_mixin.py:117} INFO - [2022-10-03T09:46:48.040+0000] {dag.py:3324} INFO - Setting next_dagrun for example_branch_datetime_operator to 2022-10-02T00:00:00+00:00, run_after=2022-10-03T00:00:00+00:00
[2022-10-03T09:46:48.044+0000] {logging_mixin.py:117} INFO - [2022-10-03T09:46:48.044+0000] {dag.py:3324} INFO - Setting next_dagrun for example_branch_datetime_operator_2 to 2022-10-02T00:00:00+00:00, run_after=2022-10-03T00:00:00+00:00
[2022-10-03T09:46:48.046+0000] {logging_mixin.py:117} INFO - [2022-10-03T09:46:48.046+0000] {dag.py:3324} INFO - Setting next_dagrun for example_branch_datetime_operator_3 to 2022-10-02T00:00:00+00:00, run_after=2022-10-03T00:00:00+00:00
[2022-10-03T09:46:48.103+0000] {processor.py:178} INFO - Processing /usr/local/python/3.10.7/lib/python3.10/site-packages/airflow/example_dags/example_branch_datetime_operator.py took 0.131 seconds
[2022-10-03T09:47:27.595+0000] {processor.py:156} INFO - Started process (PID=26070) to work on /usr/local/python/3.10.7/lib/python3.10/site-packages/airflow/example_dags/example_branch_datetime_operator.py
[2022-10-03T09:47:27.596+0000] {processor.py:758} INFO - Processing file /usr/local/python/3.10.7/lib/python3.10/site-packages/airflow/example_dags/example_branch_datetime_operator.py for tasks to queue
[2022-10-03T09:47:27.597+0000] {logging_mixin.py:117} INFO - [2022-10-03T09:47:27.597+0000] {dagbag.py:525} INFO - Filling up the DagBag from /usr/local/python/3.10.7/lib/python3.10/site-packages/airflow/example_dags/example_branch_datetime_operator.py
[2022-10-03T09:47:27.617+0000] {processor.py:768} INFO - DAG(s) dict_keys(['example_branch_datetime_operator', 'example_branch_datetime_operator_2', 'example_branch_datetime_operator_3']) retrieved from /usr/local/python/3.10.7/lib/python3.10/site-packages/airflow/example_dags/example_branch_datetime_operator.py
[2022-10-03T09:47:27.649+0000] {logging_mixin.py:117} INFO - [2022-10-03T09:47:27.649+0000] {dag.py:2573} INFO - Sync 3 DAGs
[2022-10-03T09:47:27.668+0000] {logging_mixin.py:117} INFO - [2022-10-03T09:47:27.667+0000] {dag.py:3324} INFO - Setting next_dagrun for example_branch_datetime_operator to 2022-10-02T00:00:00+00:00, run_after=2022-10-03T00:00:00+00:00
[2022-10-03T09:47:27.671+0000] {logging_mixin.py:117} INFO - [2022-10-03T09:47:27.671+0000] {dag.py:3324} INFO - Setting next_dagrun for example_branch_datetime_operator_2 to 2022-10-02T00:00:00+00:00, run_after=2022-10-03T00:00:00+00:00
[2022-10-03T09:47:27.673+0000] {logging_mixin.py:117} INFO - [2022-10-03T09:47:27.673+0000] {dag.py:3324} INFO - Setting next_dagrun for example_branch_datetime_operator_3 to 2022-10-02T00:00:00+00:00, run_after=2022-10-03T00:00:00+00:00
[2022-10-03T09:47:27.716+0000] {processor.py:178} INFO - Processing /usr/local/python/3.10.7/lib/python3.10/site-packages/airflow/example_dags/example_branch_datetime_operator.py took 0.124 seconds
