[2022-10-03T09:42:36.103+0000] {processor.py:156} INFO - Started process (PID=23910) to work on /usr/local/python/3.10.7/lib/python3.10/site-packages/airflow/example_dags/example_kubernetes_executor.py
[2022-10-03T09:42:36.103+0000] {processor.py:758} INFO - Processing file /usr/local/python/3.10.7/lib/python3.10/site-packages/airflow/example_dags/example_kubernetes_executor.py for tasks to queue
[2022-10-03T09:42:36.104+0000] {logging_mixin.py:117} INFO - [2022-10-03T09:42:36.104+0000] {dagbag.py:525} INFO - Filling up the DagBag from /usr/local/python/3.10.7/lib/python3.10/site-packages/airflow/example_dags/example_kubernetes_executor.py
[2022-10-03T09:42:36.118+0000] {logging_mixin.py:117} INFO - [2022-10-03T09:42:36.117+0000] {example_kubernetes_executor.py:41} WARNING - The example_kubernetes_executor example DAG requires the kubernetes provider. Please install it with: pip install apache-airflow[cncf.kubernetes]
[2022-10-03T09:42:36.118+0000] {processor.py:770} WARNING - No viable dags retrieved from /usr/local/python/3.10.7/lib/python3.10/site-packages/airflow/example_dags/example_kubernetes_executor.py
[2022-10-03T09:42:36.126+0000] {processor.py:178} INFO - Processing /usr/local/python/3.10.7/lib/python3.10/site-packages/airflow/example_dags/example_kubernetes_executor.py took 0.027 seconds
[2022-10-03T09:43:15.160+0000] {processor.py:156} INFO - Started process (PID=24155) to work on /usr/local/python/3.10.7/lib/python3.10/site-packages/airflow/example_dags/example_kubernetes_executor.py
[2022-10-03T09:43:15.161+0000] {processor.py:758} INFO - Processing file /usr/local/python/3.10.7/lib/python3.10/site-packages/airflow/example_dags/example_kubernetes_executor.py for tasks to queue
[2022-10-03T09:43:15.161+0000] {logging_mixin.py:117} INFO - [2022-10-03T09:43:15.161+0000] {dagbag.py:525} INFO - Filling up the DagBag from /usr/local/python/3.10.7/lib/python3.10/site-packages/airflow/example_dags/example_kubernetes_executor.py
[2022-10-03T09:43:15.175+0000] {logging_mixin.py:117} INFO - [2022-10-03T09:43:15.175+0000] {example_kubernetes_executor.py:41} WARNING - The example_kubernetes_executor example DAG requires the kubernetes provider. Please install it with: pip install apache-airflow[cncf.kubernetes]
[2022-10-03T09:43:15.175+0000] {processor.py:770} WARNING - No viable dags retrieved from /usr/local/python/3.10.7/lib/python3.10/site-packages/airflow/example_dags/example_kubernetes_executor.py
[2022-10-03T09:43:15.184+0000] {processor.py:178} INFO - Processing /usr/local/python/3.10.7/lib/python3.10/site-packages/airflow/example_dags/example_kubernetes_executor.py took 0.027 seconds
[2022-10-03T09:43:55.809+0000] {processor.py:156} INFO - Started process (PID=24432) to work on /usr/local/python/3.10.7/lib/python3.10/site-packages/airflow/example_dags/example_kubernetes_executor.py
[2022-10-03T09:43:55.810+0000] {processor.py:758} INFO - Processing file /usr/local/python/3.10.7/lib/python3.10/site-packages/airflow/example_dags/example_kubernetes_executor.py for tasks to queue
[2022-10-03T09:43:55.811+0000] {logging_mixin.py:117} INFO - [2022-10-03T09:43:55.811+0000] {dagbag.py:525} INFO - Filling up the DagBag from /usr/local/python/3.10.7/lib/python3.10/site-packages/airflow/example_dags/example_kubernetes_executor.py
[2022-10-03T09:43:55.825+0000] {logging_mixin.py:117} INFO - [2022-10-03T09:43:55.825+0000] {example_kubernetes_executor.py:41} WARNING - The example_kubernetes_executor example DAG requires the kubernetes provider. Please install it with: pip install apache-airflow[cncf.kubernetes]
[2022-10-03T09:43:55.825+0000] {processor.py:770} WARNING - No viable dags retrieved from /usr/local/python/3.10.7/lib/python3.10/site-packages/airflow/example_dags/example_kubernetes_executor.py
[2022-10-03T09:43:55.834+0000] {processor.py:178} INFO - Processing /usr/local/python/3.10.7/lib/python3.10/site-packages/airflow/example_dags/example_kubernetes_executor.py took 0.028 seconds
[2022-10-03T09:44:38.005+0000] {processor.py:156} INFO - Started process (PID=24763) to work on /usr/local/python/3.10.7/lib/python3.10/site-packages/airflow/example_dags/example_kubernetes_executor.py
[2022-10-03T09:44:38.005+0000] {processor.py:758} INFO - Processing file /usr/local/python/3.10.7/lib/python3.10/site-packages/airflow/example_dags/example_kubernetes_executor.py for tasks to queue
[2022-10-03T09:44:38.006+0000] {logging_mixin.py:117} INFO - [2022-10-03T09:44:38.006+0000] {dagbag.py:525} INFO - Filling up the DagBag from /usr/local/python/3.10.7/lib/python3.10/site-packages/airflow/example_dags/example_kubernetes_executor.py
[2022-10-03T09:44:38.021+0000] {logging_mixin.py:117} INFO - [2022-10-03T09:44:38.021+0000] {example_kubernetes_executor.py:41} WARNING - The example_kubernetes_executor example DAG requires the kubernetes provider. Please install it with: pip install apache-airflow[cncf.kubernetes]
[2022-10-03T09:44:38.021+0000] {processor.py:770} WARNING - No viable dags retrieved from /usr/local/python/3.10.7/lib/python3.10/site-packages/airflow/example_dags/example_kubernetes_executor.py
[2022-10-03T09:44:38.030+0000] {processor.py:178} INFO - Processing /usr/local/python/3.10.7/lib/python3.10/site-packages/airflow/example_dags/example_kubernetes_executor.py took 0.029 seconds
[2022-10-03T09:45:18.380+0000] {processor.py:156} INFO - Started process (PID=25135) to work on /usr/local/python/3.10.7/lib/python3.10/site-packages/airflow/example_dags/example_kubernetes_executor.py
[2022-10-03T09:45:18.381+0000] {processor.py:758} INFO - Processing file /usr/local/python/3.10.7/lib/python3.10/site-packages/airflow/example_dags/example_kubernetes_executor.py for tasks to queue
[2022-10-03T09:45:18.381+0000] {logging_mixin.py:117} INFO - [2022-10-03T09:45:18.381+0000] {dagbag.py:525} INFO - Filling up the DagBag from /usr/local/python/3.10.7/lib/python3.10/site-packages/airflow/example_dags/example_kubernetes_executor.py
[2022-10-03T09:45:18.396+0000] {logging_mixin.py:117} INFO - [2022-10-03T09:45:18.395+0000] {example_kubernetes_executor.py:41} WARNING - The example_kubernetes_executor example DAG requires the kubernetes provider. Please install it with: pip install apache-airflow[cncf.kubernetes]
[2022-10-03T09:45:18.396+0000] {processor.py:770} WARNING - No viable dags retrieved from /usr/local/python/3.10.7/lib/python3.10/site-packages/airflow/example_dags/example_kubernetes_executor.py
[2022-10-03T09:45:18.404+0000] {processor.py:178} INFO - Processing /usr/local/python/3.10.7/lib/python3.10/site-packages/airflow/example_dags/example_kubernetes_executor.py took 0.028 seconds
[2022-10-03T09:45:54.466+0000] {processor.py:156} INFO - Started process (PID=25393) to work on /usr/local/python/3.10.7/lib/python3.10/site-packages/airflow/example_dags/example_kubernetes_executor.py
[2022-10-03T09:45:54.467+0000] {processor.py:758} INFO - Processing file /usr/local/python/3.10.7/lib/python3.10/site-packages/airflow/example_dags/example_kubernetes_executor.py for tasks to queue
[2022-10-03T09:45:54.467+0000] {logging_mixin.py:117} INFO - [2022-10-03T09:45:54.467+0000] {dagbag.py:525} INFO - Filling up the DagBag from /usr/local/python/3.10.7/lib/python3.10/site-packages/airflow/example_dags/example_kubernetes_executor.py
[2022-10-03T09:45:54.482+0000] {logging_mixin.py:117} INFO - [2022-10-03T09:45:54.481+0000] {example_kubernetes_executor.py:41} WARNING - The example_kubernetes_executor example DAG requires the kubernetes provider. Please install it with: pip install apache-airflow[cncf.kubernetes]
[2022-10-03T09:45:54.482+0000] {processor.py:770} WARNING - No viable dags retrieved from /usr/local/python/3.10.7/lib/python3.10/site-packages/airflow/example_dags/example_kubernetes_executor.py
[2022-10-03T09:45:54.491+0000] {processor.py:178} INFO - Processing /usr/local/python/3.10.7/lib/python3.10/site-packages/airflow/example_dags/example_kubernetes_executor.py took 0.028 seconds
[2022-10-03T09:46:32.045+0000] {processor.py:156} INFO - Started process (PID=25651) to work on /usr/local/python/3.10.7/lib/python3.10/site-packages/airflow/example_dags/example_kubernetes_executor.py
[2022-10-03T09:46:32.046+0000] {processor.py:758} INFO - Processing file /usr/local/python/3.10.7/lib/python3.10/site-packages/airflow/example_dags/example_kubernetes_executor.py for tasks to queue
[2022-10-03T09:46:32.047+0000] {logging_mixin.py:117} INFO - [2022-10-03T09:46:32.047+0000] {dagbag.py:525} INFO - Filling up the DagBag from /usr/local/python/3.10.7/lib/python3.10/site-packages/airflow/example_dags/example_kubernetes_executor.py
[2022-10-03T09:46:32.062+0000] {logging_mixin.py:117} INFO - [2022-10-03T09:46:32.061+0000] {example_kubernetes_executor.py:41} WARNING - The example_kubernetes_executor example DAG requires the kubernetes provider. Please install it with: pip install apache-airflow[cncf.kubernetes]
[2022-10-03T09:46:32.062+0000] {processor.py:770} WARNING - No viable dags retrieved from /usr/local/python/3.10.7/lib/python3.10/site-packages/airflow/example_dags/example_kubernetes_executor.py
[2022-10-03T09:46:32.071+0000] {processor.py:178} INFO - Processing /usr/local/python/3.10.7/lib/python3.10/site-packages/airflow/example_dags/example_kubernetes_executor.py took 0.029 seconds
[2022-10-03T09:47:09.255+0000] {processor.py:156} INFO - Started process (PID=25945) to work on /usr/local/python/3.10.7/lib/python3.10/site-packages/airflow/example_dags/example_kubernetes_executor.py
[2022-10-03T09:47:09.256+0000] {processor.py:758} INFO - Processing file /usr/local/python/3.10.7/lib/python3.10/site-packages/airflow/example_dags/example_kubernetes_executor.py for tasks to queue
[2022-10-03T09:47:09.257+0000] {logging_mixin.py:117} INFO - [2022-10-03T09:47:09.257+0000] {dagbag.py:525} INFO - Filling up the DagBag from /usr/local/python/3.10.7/lib/python3.10/site-packages/airflow/example_dags/example_kubernetes_executor.py
[2022-10-03T09:47:09.271+0000] {logging_mixin.py:117} INFO - [2022-10-03T09:47:09.271+0000] {example_kubernetes_executor.py:41} WARNING - The example_kubernetes_executor example DAG requires the kubernetes provider. Please install it with: pip install apache-airflow[cncf.kubernetes]
[2022-10-03T09:47:09.272+0000] {processor.py:770} WARNING - No viable dags retrieved from /usr/local/python/3.10.7/lib/python3.10/site-packages/airflow/example_dags/example_kubernetes_executor.py
[2022-10-03T09:47:09.281+0000] {processor.py:178} INFO - Processing /usr/local/python/3.10.7/lib/python3.10/site-packages/airflow/example_dags/example_kubernetes_executor.py took 0.029 seconds
[2022-10-03T09:47:49.157+0000] {processor.py:156} INFO - Started process (PID=26217) to work on /usr/local/python/3.10.7/lib/python3.10/site-packages/airflow/example_dags/example_kubernetes_executor.py
[2022-10-03T09:47:49.158+0000] {processor.py:758} INFO - Processing file /usr/local/python/3.10.7/lib/python3.10/site-packages/airflow/example_dags/example_kubernetes_executor.py for tasks to queue
[2022-10-03T09:47:49.159+0000] {logging_mixin.py:117} INFO - [2022-10-03T09:47:49.159+0000] {dagbag.py:525} INFO - Filling up the DagBag from /usr/local/python/3.10.7/lib/python3.10/site-packages/airflow/example_dags/example_kubernetes_executor.py
[2022-10-03T09:47:49.173+0000] {logging_mixin.py:117} INFO - [2022-10-03T09:47:49.173+0000] {example_kubernetes_executor.py:41} WARNING - The example_kubernetes_executor example DAG requires the kubernetes provider. Please install it with: pip install apache-airflow[cncf.kubernetes]
[2022-10-03T09:47:49.173+0000] {processor.py:770} WARNING - No viable dags retrieved from /usr/local/python/3.10.7/lib/python3.10/site-packages/airflow/example_dags/example_kubernetes_executor.py
[2022-10-03T09:47:49.182+0000] {processor.py:178} INFO - Processing /usr/local/python/3.10.7/lib/python3.10/site-packages/airflow/example_dags/example_kubernetes_executor.py took 0.028 seconds
