[2022-10-03T09:42:15.787+0000] {processor.py:156} INFO - Started process (PID=23769) to work on /usr/local/python/3.10.7/lib/python3.10/site-packages/airflow/example_dags/example_external_task_marker_dag.py
[2022-10-03T09:42:15.788+0000] {processor.py:758} INFO - Processing file /usr/local/python/3.10.7/lib/python3.10/site-packages/airflow/example_dags/example_external_task_marker_dag.py for tasks to queue
[2022-10-03T09:42:15.789+0000] {logging_mixin.py:117} INFO - [2022-10-03T09:42:15.789+0000] {dagbag.py:525} INFO - Filling up the DagBag from /usr/local/python/3.10.7/lib/python3.10/site-packages/airflow/example_dags/example_external_task_marker_dag.py
[2022-10-03T09:42:15.804+0000] {processor.py:768} INFO - DAG(s) dict_keys(['example_external_task_marker_child', 'example_external_task_marker_parent']) retrieved from /usr/local/python/3.10.7/lib/python3.10/site-packages/airflow/example_dags/example_external_task_marker_dag.py
[2022-10-03T09:42:16.033+0000] {logging_mixin.py:117} INFO - [2022-10-03T09:42:16.032+0000] {manager.py:507} INFO - Created Permission View: can edit on DAG:example_external_task_marker_child
[2022-10-03T09:42:16.071+0000] {logging_mixin.py:117} INFO - [2022-10-03T09:42:16.071+0000] {manager.py:507} INFO - Created Permission View: can delete on DAG:example_external_task_marker_child
[2022-10-03T09:42:16.109+0000] {logging_mixin.py:117} INFO - [2022-10-03T09:42:16.109+0000] {manager.py:507} INFO - Created Permission View: can read on DAG:example_external_task_marker_child
[2022-10-03T09:42:16.200+0000] {logging_mixin.py:117} INFO - [2022-10-03T09:42:16.199+0000] {manager.py:507} INFO - Created Permission View: can edit on DAG:example_external_task_marker_parent
[2022-10-03T09:42:16.240+0000] {logging_mixin.py:117} INFO - [2022-10-03T09:42:16.240+0000] {manager.py:507} INFO - Created Permission View: can delete on DAG:example_external_task_marker_parent
[2022-10-03T09:42:16.276+0000] {logging_mixin.py:117} INFO - [2022-10-03T09:42:16.276+0000] {manager.py:507} INFO - Created Permission View: can read on DAG:example_external_task_marker_parent
[2022-10-03T09:42:16.276+0000] {logging_mixin.py:117} INFO - [2022-10-03T09:42:16.276+0000] {dag.py:2573} INFO - Sync 2 DAGs
[2022-10-03T09:42:16.285+0000] {logging_mixin.py:117} INFO - [2022-10-03T09:42:16.285+0000] {dag.py:2594} INFO - Creating ORM DAG for example_external_task_marker_parent
[2022-10-03T09:42:16.285+0000] {logging_mixin.py:117} INFO - [2022-10-03T09:42:16.285+0000] {dag.py:2594} INFO - Creating ORM DAG for example_external_task_marker_child
[2022-10-03T09:42:16.292+0000] {logging_mixin.py:117} INFO - [2022-10-03T09:42:16.292+0000] {dag.py:3324} INFO - Setting next_dagrun for example_external_task_marker_child to None, run_after=None
[2022-10-03T09:42:16.293+0000] {logging_mixin.py:117} INFO - [2022-10-03T09:42:16.293+0000] {dag.py:3324} INFO - Setting next_dagrun for example_external_task_marker_parent to None, run_after=None
[2022-10-03T09:42:16.342+0000] {processor.py:178} INFO - Processing /usr/local/python/3.10.7/lib/python3.10/site-packages/airflow/example_dags/example_external_task_marker_dag.py took 0.558 seconds
[2022-10-03T09:43:00.012+0000] {processor.py:156} INFO - Started process (PID=24057) to work on /usr/local/python/3.10.7/lib/python3.10/site-packages/airflow/example_dags/example_external_task_marker_dag.py
[2022-10-03T09:43:00.013+0000] {processor.py:758} INFO - Processing file /usr/local/python/3.10.7/lib/python3.10/site-packages/airflow/example_dags/example_external_task_marker_dag.py for tasks to queue
[2022-10-03T09:43:00.013+0000] {logging_mixin.py:117} INFO - [2022-10-03T09:43:00.013+0000] {dagbag.py:525} INFO - Filling up the DagBag from /usr/local/python/3.10.7/lib/python3.10/site-packages/airflow/example_dags/example_external_task_marker_dag.py
[2022-10-03T09:43:00.029+0000] {processor.py:768} INFO - DAG(s) dict_keys(['example_external_task_marker_child', 'example_external_task_marker_parent']) retrieved from /usr/local/python/3.10.7/lib/python3.10/site-packages/airflow/example_dags/example_external_task_marker_dag.py
[2022-10-03T09:43:00.132+0000] {logging_mixin.py:117} INFO - [2022-10-03T09:43:00.131+0000] {dag.py:2573} INFO - Sync 2 DAGs
[2022-10-03T09:43:00.148+0000] {logging_mixin.py:117} INFO - [2022-10-03T09:43:00.148+0000] {dag.py:3324} INFO - Setting next_dagrun for example_external_task_marker_child to None, run_after=None
[2022-10-03T09:43:00.150+0000] {logging_mixin.py:117} INFO - [2022-10-03T09:43:00.150+0000] {dag.py:3324} INFO - Setting next_dagrun for example_external_task_marker_parent to None, run_after=None
[2022-10-03T09:43:00.209+0000] {processor.py:178} INFO - Processing /usr/local/python/3.10.7/lib/python3.10/site-packages/airflow/example_dags/example_external_task_marker_dag.py took 0.200 seconds
[2022-10-03T09:43:37.396+0000] {processor.py:156} INFO - Started process (PID=24326) to work on /usr/local/python/3.10.7/lib/python3.10/site-packages/airflow/example_dags/example_external_task_marker_dag.py
[2022-10-03T09:43:37.397+0000] {processor.py:758} INFO - Processing file /usr/local/python/3.10.7/lib/python3.10/site-packages/airflow/example_dags/example_external_task_marker_dag.py for tasks to queue
[2022-10-03T09:43:37.397+0000] {logging_mixin.py:117} INFO - [2022-10-03T09:43:37.397+0000] {dagbag.py:525} INFO - Filling up the DagBag from /usr/local/python/3.10.7/lib/python3.10/site-packages/airflow/example_dags/example_external_task_marker_dag.py
[2022-10-03T09:43:37.412+0000] {processor.py:768} INFO - DAG(s) dict_keys(['example_external_task_marker_child', 'example_external_task_marker_parent']) retrieved from /usr/local/python/3.10.7/lib/python3.10/site-packages/airflow/example_dags/example_external_task_marker_dag.py
[2022-10-03T09:43:37.508+0000] {logging_mixin.py:117} INFO - [2022-10-03T09:43:37.508+0000] {dag.py:2573} INFO - Sync 2 DAGs
[2022-10-03T09:43:37.524+0000] {logging_mixin.py:117} INFO - [2022-10-03T09:43:37.524+0000] {dag.py:3324} INFO - Setting next_dagrun for example_external_task_marker_child to None, run_after=None
[2022-10-03T09:43:37.527+0000] {logging_mixin.py:117} INFO - [2022-10-03T09:43:37.526+0000] {dag.py:3324} INFO - Setting next_dagrun for example_external_task_marker_parent to None, run_after=None
[2022-10-03T09:43:37.576+0000] {processor.py:178} INFO - Processing /usr/local/python/3.10.7/lib/python3.10/site-packages/airflow/example_dags/example_external_task_marker_dag.py took 0.184 seconds
[2022-10-03T09:44:15.636+0000] {processor.py:156} INFO - Started process (PID=24565) to work on /usr/local/python/3.10.7/lib/python3.10/site-packages/airflow/example_dags/example_external_task_marker_dag.py
[2022-10-03T09:44:15.637+0000] {processor.py:758} INFO - Processing file /usr/local/python/3.10.7/lib/python3.10/site-packages/airflow/example_dags/example_external_task_marker_dag.py for tasks to queue
[2022-10-03T09:44:15.638+0000] {logging_mixin.py:117} INFO - [2022-10-03T09:44:15.638+0000] {dagbag.py:525} INFO - Filling up the DagBag from /usr/local/python/3.10.7/lib/python3.10/site-packages/airflow/example_dags/example_external_task_marker_dag.py
[2022-10-03T09:44:15.654+0000] {processor.py:768} INFO - DAG(s) dict_keys(['example_external_task_marker_parent', 'example_external_task_marker_child']) retrieved from /usr/local/python/3.10.7/lib/python3.10/site-packages/airflow/example_dags/example_external_task_marker_dag.py
[2022-10-03T09:44:15.752+0000] {logging_mixin.py:117} INFO - [2022-10-03T09:44:15.752+0000] {dag.py:2573} INFO - Sync 2 DAGs
[2022-10-03T09:44:15.768+0000] {logging_mixin.py:117} INFO - [2022-10-03T09:44:15.768+0000] {dag.py:3324} INFO - Setting next_dagrun for example_external_task_marker_child to None, run_after=None
[2022-10-03T09:44:15.772+0000] {logging_mixin.py:117} INFO - [2022-10-03T09:44:15.772+0000] {dag.py:3324} INFO - Setting next_dagrun for example_external_task_marker_parent to None, run_after=None
[2022-10-03T09:44:15.814+0000] {processor.py:178} INFO - Processing /usr/local/python/3.10.7/lib/python3.10/site-packages/airflow/example_dags/example_external_task_marker_dag.py took 0.182 seconds
[2022-10-03T09:44:53.317+0000] {processor.py:156} INFO - Started process (PID=24949) to work on /usr/local/python/3.10.7/lib/python3.10/site-packages/airflow/example_dags/example_external_task_marker_dag.py
[2022-10-03T09:44:53.317+0000] {processor.py:758} INFO - Processing file /usr/local/python/3.10.7/lib/python3.10/site-packages/airflow/example_dags/example_external_task_marker_dag.py for tasks to queue
[2022-10-03T09:44:53.318+0000] {logging_mixin.py:117} INFO - [2022-10-03T09:44:53.318+0000] {dagbag.py:525} INFO - Filling up the DagBag from /usr/local/python/3.10.7/lib/python3.10/site-packages/airflow/example_dags/example_external_task_marker_dag.py
[2022-10-03T09:44:53.334+0000] {processor.py:768} INFO - DAG(s) dict_keys(['example_external_task_marker_parent', 'example_external_task_marker_child']) retrieved from /usr/local/python/3.10.7/lib/python3.10/site-packages/airflow/example_dags/example_external_task_marker_dag.py
[2022-10-03T09:44:53.429+0000] {logging_mixin.py:117} INFO - [2022-10-03T09:44:53.428+0000] {dag.py:2573} INFO - Sync 2 DAGs
[2022-10-03T09:44:53.445+0000] {logging_mixin.py:117} INFO - [2022-10-03T09:44:53.445+0000] {dag.py:3324} INFO - Setting next_dagrun for example_external_task_marker_child to None, run_after=None
[2022-10-03T09:44:53.448+0000] {logging_mixin.py:117} INFO - [2022-10-03T09:44:53.448+0000] {dag.py:3324} INFO - Setting next_dagrun for example_external_task_marker_parent to None, run_after=None
[2022-10-03T09:44:53.492+0000] {processor.py:178} INFO - Processing /usr/local/python/3.10.7/lib/python3.10/site-packages/airflow/example_dags/example_external_task_marker_dag.py took 0.179 seconds
[2022-10-03T09:45:31.916+0000] {processor.py:156} INFO - Started process (PID=25238) to work on /usr/local/python/3.10.7/lib/python3.10/site-packages/airflow/example_dags/example_external_task_marker_dag.py
[2022-10-03T09:45:31.917+0000] {processor.py:758} INFO - Processing file /usr/local/python/3.10.7/lib/python3.10/site-packages/airflow/example_dags/example_external_task_marker_dag.py for tasks to queue
[2022-10-03T09:45:31.918+0000] {logging_mixin.py:117} INFO - [2022-10-03T09:45:31.918+0000] {dagbag.py:525} INFO - Filling up the DagBag from /usr/local/python/3.10.7/lib/python3.10/site-packages/airflow/example_dags/example_external_task_marker_dag.py
[2022-10-03T09:45:31.933+0000] {processor.py:768} INFO - DAG(s) dict_keys(['example_external_task_marker_parent', 'example_external_task_marker_child']) retrieved from /usr/local/python/3.10.7/lib/python3.10/site-packages/airflow/example_dags/example_external_task_marker_dag.py
[2022-10-03T09:45:32.029+0000] {logging_mixin.py:117} INFO - [2022-10-03T09:45:32.029+0000] {dag.py:2573} INFO - Sync 2 DAGs
[2022-10-03T09:45:32.046+0000] {logging_mixin.py:117} INFO - [2022-10-03T09:45:32.046+0000] {dag.py:3324} INFO - Setting next_dagrun for example_external_task_marker_child to None, run_after=None
[2022-10-03T09:45:32.049+0000] {logging_mixin.py:117} INFO - [2022-10-03T09:45:32.048+0000] {dag.py:3324} INFO - Setting next_dagrun for example_external_task_marker_parent to None, run_after=None
[2022-10-03T09:45:32.096+0000] {processor.py:178} INFO - Processing /usr/local/python/3.10.7/lib/python3.10/site-packages/airflow/example_dags/example_external_task_marker_dag.py took 0.183 seconds
[2022-10-03T09:46:06.152+0000] {processor.py:156} INFO - Started process (PID=25465) to work on /usr/local/python/3.10.7/lib/python3.10/site-packages/airflow/example_dags/example_external_task_marker_dag.py
[2022-10-03T09:46:06.153+0000] {processor.py:758} INFO - Processing file /usr/local/python/3.10.7/lib/python3.10/site-packages/airflow/example_dags/example_external_task_marker_dag.py for tasks to queue
[2022-10-03T09:46:06.154+0000] {logging_mixin.py:117} INFO - [2022-10-03T09:46:06.154+0000] {dagbag.py:525} INFO - Filling up the DagBag from /usr/local/python/3.10.7/lib/python3.10/site-packages/airflow/example_dags/example_external_task_marker_dag.py
[2022-10-03T09:46:06.169+0000] {processor.py:768} INFO - DAG(s) dict_keys(['example_external_task_marker_parent', 'example_external_task_marker_child']) retrieved from /usr/local/python/3.10.7/lib/python3.10/site-packages/airflow/example_dags/example_external_task_marker_dag.py
[2022-10-03T09:46:06.267+0000] {logging_mixin.py:117} INFO - [2022-10-03T09:46:06.267+0000] {dag.py:2573} INFO - Sync 2 DAGs
[2022-10-03T09:46:06.283+0000] {logging_mixin.py:117} INFO - [2022-10-03T09:46:06.283+0000] {dag.py:3324} INFO - Setting next_dagrun for example_external_task_marker_child to None, run_after=None
[2022-10-03T09:46:06.286+0000] {logging_mixin.py:117} INFO - [2022-10-03T09:46:06.286+0000] {dag.py:3324} INFO - Setting next_dagrun for example_external_task_marker_parent to None, run_after=None
[2022-10-03T09:46:06.329+0000] {processor.py:178} INFO - Processing /usr/local/python/3.10.7/lib/python3.10/site-packages/airflow/example_dags/example_external_task_marker_dag.py took 0.180 seconds
[2022-10-03T09:46:42.989+0000] {processor.py:156} INFO - Started process (PID=25722) to work on /usr/local/python/3.10.7/lib/python3.10/site-packages/airflow/example_dags/example_external_task_marker_dag.py
[2022-10-03T09:46:42.990+0000] {processor.py:758} INFO - Processing file /usr/local/python/3.10.7/lib/python3.10/site-packages/airflow/example_dags/example_external_task_marker_dag.py for tasks to queue
[2022-10-03T09:46:42.990+0000] {logging_mixin.py:117} INFO - [2022-10-03T09:46:42.990+0000] {dagbag.py:525} INFO - Filling up the DagBag from /usr/local/python/3.10.7/lib/python3.10/site-packages/airflow/example_dags/example_external_task_marker_dag.py
[2022-10-03T09:46:43.006+0000] {processor.py:768} INFO - DAG(s) dict_keys(['example_external_task_marker_parent', 'example_external_task_marker_child']) retrieved from /usr/local/python/3.10.7/lib/python3.10/site-packages/airflow/example_dags/example_external_task_marker_dag.py
[2022-10-03T09:46:43.109+0000] {logging_mixin.py:117} INFO - [2022-10-03T09:46:43.109+0000] {dag.py:2573} INFO - Sync 2 DAGs
[2022-10-03T09:46:43.126+0000] {logging_mixin.py:117} INFO - [2022-10-03T09:46:43.125+0000] {dag.py:3324} INFO - Setting next_dagrun for example_external_task_marker_child to None, run_after=None
[2022-10-03T09:46:43.128+0000] {logging_mixin.py:117} INFO - [2022-10-03T09:46:43.128+0000] {dag.py:3324} INFO - Setting next_dagrun for example_external_task_marker_parent to None, run_after=None
[2022-10-03T09:46:43.170+0000] {processor.py:178} INFO - Processing /usr/local/python/3.10.7/lib/python3.10/site-packages/airflow/example_dags/example_external_task_marker_dag.py took 0.185 seconds
[2022-10-03T09:47:18.675+0000] {processor.py:156} INFO - Started process (PID=26014) to work on /usr/local/python/3.10.7/lib/python3.10/site-packages/airflow/example_dags/example_external_task_marker_dag.py
[2022-10-03T09:47:18.676+0000] {processor.py:758} INFO - Processing file /usr/local/python/3.10.7/lib/python3.10/site-packages/airflow/example_dags/example_external_task_marker_dag.py for tasks to queue
[2022-10-03T09:47:18.676+0000] {logging_mixin.py:117} INFO - [2022-10-03T09:47:18.676+0000] {dagbag.py:525} INFO - Filling up the DagBag from /usr/local/python/3.10.7/lib/python3.10/site-packages/airflow/example_dags/example_external_task_marker_dag.py
[2022-10-03T09:47:18.691+0000] {processor.py:768} INFO - DAG(s) dict_keys(['example_external_task_marker_child', 'example_external_task_marker_parent']) retrieved from /usr/local/python/3.10.7/lib/python3.10/site-packages/airflow/example_dags/example_external_task_marker_dag.py
[2022-10-03T09:47:18.789+0000] {logging_mixin.py:117} INFO - [2022-10-03T09:47:18.789+0000] {dag.py:2573} INFO - Sync 2 DAGs
[2022-10-03T09:47:18.806+0000] {logging_mixin.py:117} INFO - [2022-10-03T09:47:18.806+0000] {dag.py:3324} INFO - Setting next_dagrun for example_external_task_marker_child to None, run_after=None
[2022-10-03T09:47:18.808+0000] {logging_mixin.py:117} INFO - [2022-10-03T09:47:18.808+0000] {dag.py:3324} INFO - Setting next_dagrun for example_external_task_marker_parent to None, run_after=None
[2022-10-03T09:47:18.851+0000] {processor.py:178} INFO - Processing /usr/local/python/3.10.7/lib/python3.10/site-packages/airflow/example_dags/example_external_task_marker_dag.py took 0.179 seconds
[2022-10-03T09:47:59.300+0000] {processor.py:156} INFO - Started process (PID=26292) to work on /usr/local/python/3.10.7/lib/python3.10/site-packages/airflow/example_dags/example_external_task_marker_dag.py
[2022-10-03T09:47:59.301+0000] {processor.py:758} INFO - Processing file /usr/local/python/3.10.7/lib/python3.10/site-packages/airflow/example_dags/example_external_task_marker_dag.py for tasks to queue
[2022-10-03T09:47:59.301+0000] {logging_mixin.py:117} INFO - [2022-10-03T09:47:59.301+0000] {dagbag.py:525} INFO - Filling up the DagBag from /usr/local/python/3.10.7/lib/python3.10/site-packages/airflow/example_dags/example_external_task_marker_dag.py
[2022-10-03T09:47:59.318+0000] {processor.py:768} INFO - DAG(s) dict_keys(['example_external_task_marker_parent', 'example_external_task_marker_child']) retrieved from /usr/local/python/3.10.7/lib/python3.10/site-packages/airflow/example_dags/example_external_task_marker_dag.py
[2022-10-03T09:47:59.415+0000] {logging_mixin.py:117} INFO - [2022-10-03T09:47:59.415+0000] {dag.py:2573} INFO - Sync 2 DAGs
[2022-10-03T09:47:59.431+0000] {logging_mixin.py:117} INFO - [2022-10-03T09:47:59.431+0000] {dag.py:3324} INFO - Setting next_dagrun for example_external_task_marker_child to None, run_after=None
[2022-10-03T09:47:59.434+0000] {logging_mixin.py:117} INFO - [2022-10-03T09:47:59.434+0000] {dag.py:3324} INFO - Setting next_dagrun for example_external_task_marker_parent to None, run_after=None
[2022-10-03T09:47:59.479+0000] {processor.py:178} INFO - Processing /usr/local/python/3.10.7/lib/python3.10/site-packages/airflow/example_dags/example_external_task_marker_dag.py took 0.183 seconds
