[2022-10-03T09:42:41.241+0000] {processor.py:156} INFO - Started process (PID=23932) to work on /usr/local/python/3.10.7/lib/python3.10/site-packages/airflow/example_dags/example_branch_day_of_week_operator.py
[2022-10-03T09:42:41.241+0000] {processor.py:758} INFO - Processing file /usr/local/python/3.10.7/lib/python3.10/site-packages/airflow/example_dags/example_branch_day_of_week_operator.py for tasks to queue
[2022-10-03T09:42:41.242+0000] {logging_mixin.py:117} INFO - [2022-10-03T09:42:41.242+0000] {dagbag.py:525} INFO - Filling up the DagBag from /usr/local/python/3.10.7/lib/python3.10/site-packages/airflow/example_dags/example_branch_day_of_week_operator.py
[2022-10-03T09:42:41.258+0000] {processor.py:768} INFO - DAG(s) dict_keys(['example_weekday_branch_operator']) retrieved from /usr/local/python/3.10.7/lib/python3.10/site-packages/airflow/example_dags/example_branch_day_of_week_operator.py
[2022-10-03T09:42:41.419+0000] {logging_mixin.py:117} INFO - [2022-10-03T09:42:41.418+0000] {manager.py:507} INFO - Created Permission View: can edit on DAG:example_weekday_branch_operator
[2022-10-03T09:42:41.455+0000] {logging_mixin.py:117} INFO - [2022-10-03T09:42:41.455+0000] {manager.py:507} INFO - Created Permission View: can delete on DAG:example_weekday_branch_operator
[2022-10-03T09:42:41.490+0000] {logging_mixin.py:117} INFO - [2022-10-03T09:42:41.490+0000] {manager.py:507} INFO - Created Permission View: can read on DAG:example_weekday_branch_operator
[2022-10-03T09:42:41.490+0000] {logging_mixin.py:117} INFO - [2022-10-03T09:42:41.490+0000] {dag.py:2573} INFO - Sync 1 DAGs
[2022-10-03T09:42:41.501+0000] {logging_mixin.py:117} INFO - [2022-10-03T09:42:41.501+0000] {dag.py:2594} INFO - Creating ORM DAG for example_weekday_branch_operator
[2022-10-03T09:42:41.509+0000] {logging_mixin.py:117} INFO - [2022-10-03T09:42:41.509+0000] {dag.py:3324} INFO - Setting next_dagrun for example_weekday_branch_operator to 2022-10-02T00:00:00+00:00, run_after=2022-10-03T00:00:00+00:00
[2022-10-03T09:42:41.562+0000] {processor.py:178} INFO - Processing /usr/local/python/3.10.7/lib/python3.10/site-packages/airflow/example_dags/example_branch_day_of_week_operator.py took 0.325 seconds
[2022-10-03T09:43:22.581+0000] {processor.py:156} INFO - Started process (PID=24210) to work on /usr/local/python/3.10.7/lib/python3.10/site-packages/airflow/example_dags/example_branch_day_of_week_operator.py
[2022-10-03T09:43:22.582+0000] {processor.py:758} INFO - Processing file /usr/local/python/3.10.7/lib/python3.10/site-packages/airflow/example_dags/example_branch_day_of_week_operator.py for tasks to queue
[2022-10-03T09:43:22.583+0000] {logging_mixin.py:117} INFO - [2022-10-03T09:43:22.583+0000] {dagbag.py:525} INFO - Filling up the DagBag from /usr/local/python/3.10.7/lib/python3.10/site-packages/airflow/example_dags/example_branch_day_of_week_operator.py
[2022-10-03T09:43:22.599+0000] {processor.py:768} INFO - DAG(s) dict_keys(['example_weekday_branch_operator']) retrieved from /usr/local/python/3.10.7/lib/python3.10/site-packages/airflow/example_dags/example_branch_day_of_week_operator.py
[2022-10-03T09:43:22.622+0000] {logging_mixin.py:117} INFO - [2022-10-03T09:43:22.622+0000] {dag.py:2573} INFO - Sync 1 DAGs
[2022-10-03T09:43:22.640+0000] {logging_mixin.py:117} INFO - [2022-10-03T09:43:22.640+0000] {dag.py:3324} INFO - Setting next_dagrun for example_weekday_branch_operator to 2022-10-02T00:00:00+00:00, run_after=2022-10-03T00:00:00+00:00
[2022-10-03T09:43:22.683+0000] {processor.py:178} INFO - Processing /usr/local/python/3.10.7/lib/python3.10/site-packages/airflow/example_dags/example_branch_day_of_week_operator.py took 0.106 seconds
[2022-10-03T09:44:04.774+0000] {processor.py:156} INFO - Started process (PID=24494) to work on /usr/local/python/3.10.7/lib/python3.10/site-packages/airflow/example_dags/example_branch_day_of_week_operator.py
[2022-10-03T09:44:04.775+0000] {processor.py:758} INFO - Processing file /usr/local/python/3.10.7/lib/python3.10/site-packages/airflow/example_dags/example_branch_day_of_week_operator.py for tasks to queue
[2022-10-03T09:44:04.776+0000] {logging_mixin.py:117} INFO - [2022-10-03T09:44:04.775+0000] {dagbag.py:525} INFO - Filling up the DagBag from /usr/local/python/3.10.7/lib/python3.10/site-packages/airflow/example_dags/example_branch_day_of_week_operator.py
[2022-10-03T09:44:04.793+0000] {processor.py:768} INFO - DAG(s) dict_keys(['example_weekday_branch_operator']) retrieved from /usr/local/python/3.10.7/lib/python3.10/site-packages/airflow/example_dags/example_branch_day_of_week_operator.py
[2022-10-03T09:44:04.816+0000] {logging_mixin.py:117} INFO - [2022-10-03T09:44:04.816+0000] {dag.py:2573} INFO - Sync 1 DAGs
[2022-10-03T09:44:04.835+0000] {logging_mixin.py:117} INFO - [2022-10-03T09:44:04.835+0000] {dag.py:3324} INFO - Setting next_dagrun for example_weekday_branch_operator to 2022-10-02T00:00:00+00:00, run_after=2022-10-03T00:00:00+00:00
[2022-10-03T09:44:04.879+0000] {processor.py:178} INFO - Processing /usr/local/python/3.10.7/lib/python3.10/site-packages/airflow/example_dags/example_branch_day_of_week_operator.py took 0.108 seconds
[2022-10-03T09:44:47.179+0000] {processor.py:156} INFO - Started process (PID=24895) to work on /usr/local/python/3.10.7/lib/python3.10/site-packages/airflow/example_dags/example_branch_day_of_week_operator.py
[2022-10-03T09:44:47.180+0000] {processor.py:758} INFO - Processing file /usr/local/python/3.10.7/lib/python3.10/site-packages/airflow/example_dags/example_branch_day_of_week_operator.py for tasks to queue
[2022-10-03T09:44:47.180+0000] {logging_mixin.py:117} INFO - [2022-10-03T09:44:47.180+0000] {dagbag.py:525} INFO - Filling up the DagBag from /usr/local/python/3.10.7/lib/python3.10/site-packages/airflow/example_dags/example_branch_day_of_week_operator.py
[2022-10-03T09:44:47.196+0000] {processor.py:768} INFO - DAG(s) dict_keys(['example_weekday_branch_operator']) retrieved from /usr/local/python/3.10.7/lib/python3.10/site-packages/airflow/example_dags/example_branch_day_of_week_operator.py
[2022-10-03T09:44:47.218+0000] {logging_mixin.py:117} INFO - [2022-10-03T09:44:47.218+0000] {dag.py:2573} INFO - Sync 1 DAGs
[2022-10-03T09:44:47.236+0000] {logging_mixin.py:117} INFO - [2022-10-03T09:44:47.235+0000] {dag.py:3324} INFO - Setting next_dagrun for example_weekday_branch_operator to 2022-10-02T00:00:00+00:00, run_after=2022-10-03T00:00:00+00:00
[2022-10-03T09:44:47.280+0000] {processor.py:178} INFO - Processing /usr/local/python/3.10.7/lib/python3.10/site-packages/airflow/example_dags/example_branch_day_of_week_operator.py took 0.106 seconds
[2022-10-03T09:45:26.651+0000] {processor.py:156} INFO - Started process (PID=25191) to work on /usr/local/python/3.10.7/lib/python3.10/site-packages/airflow/example_dags/example_branch_day_of_week_operator.py
[2022-10-03T09:45:26.652+0000] {processor.py:758} INFO - Processing file /usr/local/python/3.10.7/lib/python3.10/site-packages/airflow/example_dags/example_branch_day_of_week_operator.py for tasks to queue
[2022-10-03T09:45:26.653+0000] {logging_mixin.py:117} INFO - [2022-10-03T09:45:26.653+0000] {dagbag.py:525} INFO - Filling up the DagBag from /usr/local/python/3.10.7/lib/python3.10/site-packages/airflow/example_dags/example_branch_day_of_week_operator.py
[2022-10-03T09:45:26.669+0000] {processor.py:768} INFO - DAG(s) dict_keys(['example_weekday_branch_operator']) retrieved from /usr/local/python/3.10.7/lib/python3.10/site-packages/airflow/example_dags/example_branch_day_of_week_operator.py
[2022-10-03T09:45:26.692+0000] {logging_mixin.py:117} INFO - [2022-10-03T09:45:26.692+0000] {dag.py:2573} INFO - Sync 1 DAGs
[2022-10-03T09:45:26.711+0000] {logging_mixin.py:117} INFO - [2022-10-03T09:45:26.711+0000] {dag.py:3324} INFO - Setting next_dagrun for example_weekday_branch_operator to 2022-10-02T00:00:00+00:00, run_after=2022-10-03T00:00:00+00:00
[2022-10-03T09:45:26.756+0000] {processor.py:178} INFO - Processing /usr/local/python/3.10.7/lib/python3.10/site-packages/airflow/example_dags/example_branch_day_of_week_operator.py took 0.108 seconds
[2022-10-03T09:46:02.858+0000] {processor.py:156} INFO - Started process (PID=25449) to work on /usr/local/python/3.10.7/lib/python3.10/site-packages/airflow/example_dags/example_branch_day_of_week_operator.py
[2022-10-03T09:46:02.859+0000] {processor.py:758} INFO - Processing file /usr/local/python/3.10.7/lib/python3.10/site-packages/airflow/example_dags/example_branch_day_of_week_operator.py for tasks to queue
[2022-10-03T09:46:02.859+0000] {logging_mixin.py:117} INFO - [2022-10-03T09:46:02.859+0000] {dagbag.py:525} INFO - Filling up the DagBag from /usr/local/python/3.10.7/lib/python3.10/site-packages/airflow/example_dags/example_branch_day_of_week_operator.py
[2022-10-03T09:46:02.875+0000] {processor.py:768} INFO - DAG(s) dict_keys(['example_weekday_branch_operator']) retrieved from /usr/local/python/3.10.7/lib/python3.10/site-packages/airflow/example_dags/example_branch_day_of_week_operator.py
[2022-10-03T09:46:02.899+0000] {logging_mixin.py:117} INFO - [2022-10-03T09:46:02.899+0000] {dag.py:2573} INFO - Sync 1 DAGs
[2022-10-03T09:46:02.919+0000] {logging_mixin.py:117} INFO - [2022-10-03T09:46:02.918+0000] {dag.py:3324} INFO - Setting next_dagrun for example_weekday_branch_operator to 2022-10-02T00:00:00+00:00, run_after=2022-10-03T00:00:00+00:00
[2022-10-03T09:46:02.967+0000] {processor.py:178} INFO - Processing /usr/local/python/3.10.7/lib/python3.10/site-packages/airflow/example_dags/example_branch_day_of_week_operator.py took 0.112 seconds
[2022-10-03T09:46:46.739+0000] {processor.py:156} INFO - Started process (PID=25743) to work on /usr/local/python/3.10.7/lib/python3.10/site-packages/airflow/example_dags/example_branch_day_of_week_operator.py
[2022-10-03T09:46:46.740+0000] {processor.py:758} INFO - Processing file /usr/local/python/3.10.7/lib/python3.10/site-packages/airflow/example_dags/example_branch_day_of_week_operator.py for tasks to queue
[2022-10-03T09:46:46.740+0000] {logging_mixin.py:117} INFO - [2022-10-03T09:46:46.740+0000] {dagbag.py:525} INFO - Filling up the DagBag from /usr/local/python/3.10.7/lib/python3.10/site-packages/airflow/example_dags/example_branch_day_of_week_operator.py
[2022-10-03T09:46:46.756+0000] {processor.py:768} INFO - DAG(s) dict_keys(['example_weekday_branch_operator']) retrieved from /usr/local/python/3.10.7/lib/python3.10/site-packages/airflow/example_dags/example_branch_day_of_week_operator.py
[2022-10-03T09:46:46.779+0000] {logging_mixin.py:117} INFO - [2022-10-03T09:46:46.779+0000] {dag.py:2573} INFO - Sync 1 DAGs
[2022-10-03T09:46:46.798+0000] {logging_mixin.py:117} INFO - [2022-10-03T09:46:46.798+0000] {dag.py:3324} INFO - Setting next_dagrun for example_weekday_branch_operator to 2022-10-02T00:00:00+00:00, run_after=2022-10-03T00:00:00+00:00
[2022-10-03T09:46:46.846+0000] {processor.py:178} INFO - Processing /usr/local/python/3.10.7/lib/python3.10/site-packages/airflow/example_dags/example_branch_day_of_week_operator.py took 0.112 seconds
[2022-10-03T09:47:26.357+0000] {processor.py:156} INFO - Started process (PID=26063) to work on /usr/local/python/3.10.7/lib/python3.10/site-packages/airflow/example_dags/example_branch_day_of_week_operator.py
[2022-10-03T09:47:26.357+0000] {processor.py:758} INFO - Processing file /usr/local/python/3.10.7/lib/python3.10/site-packages/airflow/example_dags/example_branch_day_of_week_operator.py for tasks to queue
[2022-10-03T09:47:26.358+0000] {logging_mixin.py:117} INFO - [2022-10-03T09:47:26.358+0000] {dagbag.py:525} INFO - Filling up the DagBag from /usr/local/python/3.10.7/lib/python3.10/site-packages/airflow/example_dags/example_branch_day_of_week_operator.py
[2022-10-03T09:47:26.374+0000] {processor.py:768} INFO - DAG(s) dict_keys(['example_weekday_branch_operator']) retrieved from /usr/local/python/3.10.7/lib/python3.10/site-packages/airflow/example_dags/example_branch_day_of_week_operator.py
[2022-10-03T09:47:26.398+0000] {logging_mixin.py:117} INFO - [2022-10-03T09:47:26.398+0000] {dag.py:2573} INFO - Sync 1 DAGs
[2022-10-03T09:47:26.416+0000] {logging_mixin.py:117} INFO - [2022-10-03T09:47:26.416+0000] {dag.py:3324} INFO - Setting next_dagrun for example_weekday_branch_operator to 2022-10-02T00:00:00+00:00, run_after=2022-10-03T00:00:00+00:00
[2022-10-03T09:47:26.463+0000] {processor.py:178} INFO - Processing /usr/local/python/3.10.7/lib/python3.10/site-packages/airflow/example_dags/example_branch_day_of_week_operator.py took 0.110 seconds
