[2022-10-03T09:42:30.663+0000] {processor.py:156} INFO - Started process (PID=23864) to work on /usr/local/python/3.10.7/lib/python3.10/site-packages/airflow/example_dags/example_complex.py
[2022-10-03T09:42:30.664+0000] {processor.py:758} INFO - Processing file /usr/local/python/3.10.7/lib/python3.10/site-packages/airflow/example_dags/example_complex.py for tasks to queue
[2022-10-03T09:42:30.665+0000] {logging_mixin.py:117} INFO - [2022-10-03T09:42:30.665+0000] {dagbag.py:525} INFO - Filling up the DagBag from /usr/local/python/3.10.7/lib/python3.10/site-packages/airflow/example_dags/example_complex.py
[2022-10-03T09:42:30.683+0000] {processor.py:768} INFO - DAG(s) dict_keys(['example_complex']) retrieved from /usr/local/python/3.10.7/lib/python3.10/site-packages/airflow/example_dags/example_complex.py
[2022-10-03T09:42:30.841+0000] {logging_mixin.py:117} INFO - [2022-10-03T09:42:30.840+0000] {manager.py:507} INFO - Created Permission View: can edit on DAG:example_complex
[2022-10-03T09:42:30.876+0000] {logging_mixin.py:117} INFO - [2022-10-03T09:42:30.876+0000] {manager.py:507} INFO - Created Permission View: can delete on DAG:example_complex
[2022-10-03T09:42:30.915+0000] {logging_mixin.py:117} INFO - [2022-10-03T09:42:30.914+0000] {manager.py:507} INFO - Created Permission View: can read on DAG:example_complex
[2022-10-03T09:42:30.915+0000] {logging_mixin.py:117} INFO - [2022-10-03T09:42:30.915+0000] {dag.py:2573} INFO - Sync 1 DAGs
[2022-10-03T09:42:30.924+0000] {logging_mixin.py:117} INFO - [2022-10-03T09:42:30.924+0000] {dag.py:2594} INFO - Creating ORM DAG for example_complex
[2022-10-03T09:42:30.931+0000] {logging_mixin.py:117} INFO - [2022-10-03T09:42:30.931+0000] {dag.py:3324} INFO - Setting next_dagrun for example_complex to None, run_after=None
[2022-10-03T09:42:30.981+0000] {processor.py:178} INFO - Processing /usr/local/python/3.10.7/lib/python3.10/site-packages/airflow/example_dags/example_complex.py took 0.321 seconds
[2022-10-03T09:43:11.104+0000] {processor.py:156} INFO - Started process (PID=24139) to work on /usr/local/python/3.10.7/lib/python3.10/site-packages/airflow/example_dags/example_complex.py
[2022-10-03T09:43:11.105+0000] {processor.py:758} INFO - Processing file /usr/local/python/3.10.7/lib/python3.10/site-packages/airflow/example_dags/example_complex.py for tasks to queue
[2022-10-03T09:43:11.106+0000] {logging_mixin.py:117} INFO - [2022-10-03T09:43:11.106+0000] {dagbag.py:525} INFO - Filling up the DagBag from /usr/local/python/3.10.7/lib/python3.10/site-packages/airflow/example_dags/example_complex.py
[2022-10-03T09:43:11.126+0000] {processor.py:768} INFO - DAG(s) dict_keys(['example_complex']) retrieved from /usr/local/python/3.10.7/lib/python3.10/site-packages/airflow/example_dags/example_complex.py
[2022-10-03T09:43:11.154+0000] {logging_mixin.py:117} INFO - [2022-10-03T09:43:11.154+0000] {dag.py:2573} INFO - Sync 1 DAGs
[2022-10-03T09:43:11.170+0000] {logging_mixin.py:117} INFO - [2022-10-03T09:43:11.170+0000] {dag.py:3324} INFO - Setting next_dagrun for example_complex to None, run_after=None
[2022-10-03T09:43:11.214+0000] {processor.py:178} INFO - Processing /usr/local/python/3.10.7/lib/python3.10/site-packages/airflow/example_dags/example_complex.py took 0.113 seconds
[2022-10-03T09:43:51.802+0000] {processor.py:156} INFO - Started process (PID=24410) to work on /usr/local/python/3.10.7/lib/python3.10/site-packages/airflow/example_dags/example_complex.py
[2022-10-03T09:43:51.803+0000] {processor.py:758} INFO - Processing file /usr/local/python/3.10.7/lib/python3.10/site-packages/airflow/example_dags/example_complex.py for tasks to queue
[2022-10-03T09:43:51.803+0000] {logging_mixin.py:117} INFO - [2022-10-03T09:43:51.803+0000] {dagbag.py:525} INFO - Filling up the DagBag from /usr/local/python/3.10.7/lib/python3.10/site-packages/airflow/example_dags/example_complex.py
[2022-10-03T09:43:51.824+0000] {processor.py:768} INFO - DAG(s) dict_keys(['example_complex']) retrieved from /usr/local/python/3.10.7/lib/python3.10/site-packages/airflow/example_dags/example_complex.py
[2022-10-03T09:43:51.885+0000] {logging_mixin.py:117} INFO - [2022-10-03T09:43:51.885+0000] {dag.py:2573} INFO - Sync 1 DAGs
[2022-10-03T09:43:51.904+0000] {logging_mixin.py:117} INFO - [2022-10-03T09:43:51.903+0000] {dag.py:3324} INFO - Setting next_dagrun for example_complex to None, run_after=None
[2022-10-03T09:43:51.954+0000] {processor.py:178} INFO - Processing /usr/local/python/3.10.7/lib/python3.10/site-packages/airflow/example_dags/example_complex.py took 0.156 seconds
[2022-10-03T09:44:29.932+0000] {processor.py:156} INFO - Started process (PID=24674) to work on /usr/local/python/3.10.7/lib/python3.10/site-packages/airflow/example_dags/example_complex.py
[2022-10-03T09:44:29.932+0000] {processor.py:758} INFO - Processing file /usr/local/python/3.10.7/lib/python3.10/site-packages/airflow/example_dags/example_complex.py for tasks to queue
[2022-10-03T09:44:29.933+0000] {logging_mixin.py:117} INFO - [2022-10-03T09:44:29.933+0000] {dagbag.py:525} INFO - Filling up the DagBag from /usr/local/python/3.10.7/lib/python3.10/site-packages/airflow/example_dags/example_complex.py
[2022-10-03T09:44:29.953+0000] {processor.py:768} INFO - DAG(s) dict_keys(['example_complex']) retrieved from /usr/local/python/3.10.7/lib/python3.10/site-packages/airflow/example_dags/example_complex.py
[2022-10-03T09:44:29.979+0000] {logging_mixin.py:117} INFO - [2022-10-03T09:44:29.979+0000] {dag.py:2573} INFO - Sync 1 DAGs
[2022-10-03T09:44:29.995+0000] {logging_mixin.py:117} INFO - [2022-10-03T09:44:29.995+0000] {dag.py:3324} INFO - Setting next_dagrun for example_complex to None, run_after=None
[2022-10-03T09:44:30.060+0000] {processor.py:178} INFO - Processing /usr/local/python/3.10.7/lib/python3.10/site-packages/airflow/example_dags/example_complex.py took 0.131 seconds
[2022-10-03T09:45:09.590+0000] {processor.py:156} INFO - Started process (PID=25091) to work on /usr/local/python/3.10.7/lib/python3.10/site-packages/airflow/example_dags/example_complex.py
[2022-10-03T09:45:09.591+0000] {processor.py:758} INFO - Processing file /usr/local/python/3.10.7/lib/python3.10/site-packages/airflow/example_dags/example_complex.py for tasks to queue
[2022-10-03T09:45:09.591+0000] {logging_mixin.py:117} INFO - [2022-10-03T09:45:09.591+0000] {dagbag.py:525} INFO - Filling up the DagBag from /usr/local/python/3.10.7/lib/python3.10/site-packages/airflow/example_dags/example_complex.py
[2022-10-03T09:45:09.610+0000] {processor.py:768} INFO - DAG(s) dict_keys(['example_complex']) retrieved from /usr/local/python/3.10.7/lib/python3.10/site-packages/airflow/example_dags/example_complex.py
[2022-10-03T09:45:09.636+0000] {logging_mixin.py:117} INFO - [2022-10-03T09:45:09.636+0000] {dag.py:2573} INFO - Sync 1 DAGs
[2022-10-03T09:45:09.652+0000] {logging_mixin.py:117} INFO - [2022-10-03T09:45:09.652+0000] {dag.py:3324} INFO - Setting next_dagrun for example_complex to None, run_after=None
[2022-10-03T09:45:09.701+0000] {processor.py:178} INFO - Processing /usr/local/python/3.10.7/lib/python3.10/site-packages/airflow/example_dags/example_complex.py took 0.116 seconds
[2022-10-03T09:45:46.508+0000] {processor.py:156} INFO - Started process (PID=25331) to work on /usr/local/python/3.10.7/lib/python3.10/site-packages/airflow/example_dags/example_complex.py
[2022-10-03T09:45:46.509+0000] {processor.py:758} INFO - Processing file /usr/local/python/3.10.7/lib/python3.10/site-packages/airflow/example_dags/example_complex.py for tasks to queue
[2022-10-03T09:45:46.510+0000] {logging_mixin.py:117} INFO - [2022-10-03T09:45:46.510+0000] {dagbag.py:525} INFO - Filling up the DagBag from /usr/local/python/3.10.7/lib/python3.10/site-packages/airflow/example_dags/example_complex.py
[2022-10-03T09:45:46.529+0000] {processor.py:768} INFO - DAG(s) dict_keys(['example_complex']) retrieved from /usr/local/python/3.10.7/lib/python3.10/site-packages/airflow/example_dags/example_complex.py
[2022-10-03T09:45:46.557+0000] {logging_mixin.py:117} INFO - [2022-10-03T09:45:46.556+0000] {dag.py:2573} INFO - Sync 1 DAGs
[2022-10-03T09:45:46.574+0000] {logging_mixin.py:117} INFO - [2022-10-03T09:45:46.574+0000] {dag.py:3324} INFO - Setting next_dagrun for example_complex to None, run_after=None
[2022-10-03T09:45:46.622+0000] {processor.py:178} INFO - Processing /usr/local/python/3.10.7/lib/python3.10/site-packages/airflow/example_dags/example_complex.py took 0.117 seconds
[2022-10-03T09:46:23.256+0000] {processor.py:156} INFO - Started process (PID=25589) to work on /usr/local/python/3.10.7/lib/python3.10/site-packages/airflow/example_dags/example_complex.py
[2022-10-03T09:46:23.257+0000] {processor.py:758} INFO - Processing file /usr/local/python/3.10.7/lib/python3.10/site-packages/airflow/example_dags/example_complex.py for tasks to queue
[2022-10-03T09:46:23.257+0000] {logging_mixin.py:117} INFO - [2022-10-03T09:46:23.257+0000] {dagbag.py:525} INFO - Filling up the DagBag from /usr/local/python/3.10.7/lib/python3.10/site-packages/airflow/example_dags/example_complex.py
[2022-10-03T09:46:23.276+0000] {processor.py:768} INFO - DAG(s) dict_keys(['example_complex']) retrieved from /usr/local/python/3.10.7/lib/python3.10/site-packages/airflow/example_dags/example_complex.py
[2022-10-03T09:46:23.304+0000] {logging_mixin.py:117} INFO - [2022-10-03T09:46:23.304+0000] {dag.py:2573} INFO - Sync 1 DAGs
[2022-10-03T09:46:23.322+0000] {logging_mixin.py:117} INFO - [2022-10-03T09:46:23.321+0000] {dag.py:3324} INFO - Setting next_dagrun for example_complex to None, run_after=None
[2022-10-03T09:46:23.371+0000] {processor.py:178} INFO - Processing /usr/local/python/3.10.7/lib/python3.10/site-packages/airflow/example_dags/example_complex.py took 0.118 seconds
[2022-10-03T09:47:01.970+0000] {processor.py:156} INFO - Started process (PID=25907) to work on /usr/local/python/3.10.7/lib/python3.10/site-packages/airflow/example_dags/example_complex.py
[2022-10-03T09:47:01.971+0000] {processor.py:758} INFO - Processing file /usr/local/python/3.10.7/lib/python3.10/site-packages/airflow/example_dags/example_complex.py for tasks to queue
[2022-10-03T09:47:01.971+0000] {logging_mixin.py:117} INFO - [2022-10-03T09:47:01.971+0000] {dagbag.py:525} INFO - Filling up the DagBag from /usr/local/python/3.10.7/lib/python3.10/site-packages/airflow/example_dags/example_complex.py
[2022-10-03T09:47:01.991+0000] {processor.py:768} INFO - DAG(s) dict_keys(['example_complex']) retrieved from /usr/local/python/3.10.7/lib/python3.10/site-packages/airflow/example_dags/example_complex.py
[2022-10-03T09:47:02.021+0000] {logging_mixin.py:117} INFO - [2022-10-03T09:47:02.021+0000] {dag.py:2573} INFO - Sync 1 DAGs
[2022-10-03T09:47:02.038+0000] {logging_mixin.py:117} INFO - [2022-10-03T09:47:02.037+0000] {dag.py:3324} INFO - Setting next_dagrun for example_complex to None, run_after=None
[2022-10-03T09:47:02.087+0000] {processor.py:178} INFO - Processing /usr/local/python/3.10.7/lib/python3.10/site-packages/airflow/example_dags/example_complex.py took 0.121 seconds
[2022-10-03T09:47:42.176+0000] {processor.py:156} INFO - Started process (PID=26162) to work on /usr/local/python/3.10.7/lib/python3.10/site-packages/airflow/example_dags/example_complex.py
[2022-10-03T09:47:42.177+0000] {processor.py:758} INFO - Processing file /usr/local/python/3.10.7/lib/python3.10/site-packages/airflow/example_dags/example_complex.py for tasks to queue
[2022-10-03T09:47:42.177+0000] {logging_mixin.py:117} INFO - [2022-10-03T09:47:42.177+0000] {dagbag.py:525} INFO - Filling up the DagBag from /usr/local/python/3.10.7/lib/python3.10/site-packages/airflow/example_dags/example_complex.py
[2022-10-03T09:47:42.196+0000] {processor.py:768} INFO - DAG(s) dict_keys(['example_complex']) retrieved from /usr/local/python/3.10.7/lib/python3.10/site-packages/airflow/example_dags/example_complex.py
[2022-10-03T09:47:42.223+0000] {logging_mixin.py:117} INFO - [2022-10-03T09:47:42.223+0000] {dag.py:2573} INFO - Sync 1 DAGs
[2022-10-03T09:47:42.240+0000] {logging_mixin.py:117} INFO - [2022-10-03T09:47:42.240+0000] {dag.py:3324} INFO - Setting next_dagrun for example_complex to None, run_after=None
[2022-10-03T09:47:42.284+0000] {processor.py:178} INFO - Processing /usr/local/python/3.10.7/lib/python3.10/site-packages/airflow/example_dags/example_complex.py took 0.112 seconds
