[2022-10-03T09:42:19.787+0000] {processor.py:156} INFO - Started process (PID=23790) to work on /usr/local/python/3.10.7/lib/python3.10/site-packages/airflow/example_dags/example_branch_labels.py
[2022-10-03T09:42:19.788+0000] {processor.py:758} INFO - Processing file /usr/local/python/3.10.7/lib/python3.10/site-packages/airflow/example_dags/example_branch_labels.py for tasks to queue
[2022-10-03T09:42:19.788+0000] {logging_mixin.py:117} INFO - [2022-10-03T09:42:19.788+0000] {dagbag.py:525} INFO - Filling up the DagBag from /usr/local/python/3.10.7/lib/python3.10/site-packages/airflow/example_dags/example_branch_labels.py
[2022-10-03T09:42:19.803+0000] {processor.py:768} INFO - DAG(s) dict_keys(['example_branch_labels']) retrieved from /usr/local/python/3.10.7/lib/python3.10/site-packages/airflow/example_dags/example_branch_labels.py
[2022-10-03T09:42:19.964+0000] {logging_mixin.py:117} INFO - [2022-10-03T09:42:19.964+0000] {manager.py:507} INFO - Created Permission View: can edit on DAG:example_branch_labels
[2022-10-03T09:42:20.000+0000] {logging_mixin.py:117} INFO - [2022-10-03T09:42:19.999+0000] {manager.py:507} INFO - Created Permission View: can delete on DAG:example_branch_labels
[2022-10-03T09:42:20.033+0000] {logging_mixin.py:117} INFO - [2022-10-03T09:42:20.033+0000] {manager.py:507} INFO - Created Permission View: can read on DAG:example_branch_labels
[2022-10-03T09:42:20.034+0000] {logging_mixin.py:117} INFO - [2022-10-03T09:42:20.033+0000] {dag.py:2573} INFO - Sync 1 DAGs
[2022-10-03T09:42:20.044+0000] {logging_mixin.py:117} INFO - [2022-10-03T09:42:20.044+0000] {dag.py:2594} INFO - Creating ORM DAG for example_branch_labels
[2022-10-03T09:42:20.053+0000] {logging_mixin.py:117} INFO - [2022-10-03T09:42:20.053+0000] {dag.py:3324} INFO - Setting next_dagrun for example_branch_labels to 2022-10-02T00:00:00+00:00, run_after=2022-10-03T00:00:00+00:00
[2022-10-03T09:42:20.106+0000] {processor.py:178} INFO - Processing /usr/local/python/3.10.7/lib/python3.10/site-packages/airflow/example_dags/example_branch_labels.py took 0.322 seconds
[2022-10-03T09:43:02.106+0000] {processor.py:156} INFO - Started process (PID=24072) to work on /usr/local/python/3.10.7/lib/python3.10/site-packages/airflow/example_dags/example_branch_labels.py
[2022-10-03T09:43:02.107+0000] {processor.py:758} INFO - Processing file /usr/local/python/3.10.7/lib/python3.10/site-packages/airflow/example_dags/example_branch_labels.py for tasks to queue
[2022-10-03T09:43:02.108+0000] {logging_mixin.py:117} INFO - [2022-10-03T09:43:02.107+0000] {dagbag.py:525} INFO - Filling up the DagBag from /usr/local/python/3.10.7/lib/python3.10/site-packages/airflow/example_dags/example_branch_labels.py
[2022-10-03T09:43:02.122+0000] {processor.py:768} INFO - DAG(s) dict_keys(['example_branch_labels']) retrieved from /usr/local/python/3.10.7/lib/python3.10/site-packages/airflow/example_dags/example_branch_labels.py
[2022-10-03T09:43:02.146+0000] {logging_mixin.py:117} INFO - [2022-10-03T09:43:02.146+0000] {dag.py:2573} INFO - Sync 1 DAGs
[2022-10-03T09:43:02.164+0000] {logging_mixin.py:117} INFO - [2022-10-03T09:43:02.163+0000] {dag.py:3324} INFO - Setting next_dagrun for example_branch_labels to 2022-10-02T00:00:00+00:00, run_after=2022-10-03T00:00:00+00:00
[2022-10-03T09:43:02.210+0000] {processor.py:178} INFO - Processing /usr/local/python/3.10.7/lib/python3.10/site-packages/airflow/example_dags/example_branch_labels.py took 0.107 seconds
[2022-10-03T09:43:41.251+0000] {processor.py:156} INFO - Started process (PID=24341) to work on /usr/local/python/3.10.7/lib/python3.10/site-packages/airflow/example_dags/example_branch_labels.py
[2022-10-03T09:43:41.252+0000] {processor.py:758} INFO - Processing file /usr/local/python/3.10.7/lib/python3.10/site-packages/airflow/example_dags/example_branch_labels.py for tasks to queue
[2022-10-03T09:43:41.253+0000] {logging_mixin.py:117} INFO - [2022-10-03T09:43:41.253+0000] {dagbag.py:525} INFO - Filling up the DagBag from /usr/local/python/3.10.7/lib/python3.10/site-packages/airflow/example_dags/example_branch_labels.py
[2022-10-03T09:43:41.268+0000] {processor.py:768} INFO - DAG(s) dict_keys(['example_branch_labels']) retrieved from /usr/local/python/3.10.7/lib/python3.10/site-packages/airflow/example_dags/example_branch_labels.py
[2022-10-03T09:43:41.292+0000] {logging_mixin.py:117} INFO - [2022-10-03T09:43:41.292+0000] {dag.py:2573} INFO - Sync 1 DAGs
[2022-10-03T09:43:41.310+0000] {logging_mixin.py:117} INFO - [2022-10-03T09:43:41.310+0000] {dag.py:3324} INFO - Setting next_dagrun for example_branch_labels to 2022-10-02T00:00:00+00:00, run_after=2022-10-03T00:00:00+00:00
[2022-10-03T09:43:41.354+0000] {processor.py:178} INFO - Processing /usr/local/python/3.10.7/lib/python3.10/site-packages/airflow/example_dags/example_branch_labels.py took 0.106 seconds
[2022-10-03T09:44:18.807+0000] {processor.py:156} INFO - Started process (PID=24604) to work on /usr/local/python/3.10.7/lib/python3.10/site-packages/airflow/example_dags/example_branch_labels.py
[2022-10-03T09:44:18.808+0000] {processor.py:758} INFO - Processing file /usr/local/python/3.10.7/lib/python3.10/site-packages/airflow/example_dags/example_branch_labels.py for tasks to queue
[2022-10-03T09:44:18.809+0000] {logging_mixin.py:117} INFO - [2022-10-03T09:44:18.809+0000] {dagbag.py:525} INFO - Filling up the DagBag from /usr/local/python/3.10.7/lib/python3.10/site-packages/airflow/example_dags/example_branch_labels.py
[2022-10-03T09:44:18.825+0000] {processor.py:768} INFO - DAG(s) dict_keys(['example_branch_labels']) retrieved from /usr/local/python/3.10.7/lib/python3.10/site-packages/airflow/example_dags/example_branch_labels.py
[2022-10-03T09:44:18.847+0000] {logging_mixin.py:117} INFO - [2022-10-03T09:44:18.847+0000] {dag.py:2573} INFO - Sync 1 DAGs
[2022-10-03T09:44:18.864+0000] {logging_mixin.py:117} INFO - [2022-10-03T09:44:18.864+0000] {dag.py:3324} INFO - Setting next_dagrun for example_branch_labels to 2022-10-02T00:00:00+00:00, run_after=2022-10-03T00:00:00+00:00
[2022-10-03T09:44:18.908+0000] {processor.py:178} INFO - Processing /usr/local/python/3.10.7/lib/python3.10/site-packages/airflow/example_dags/example_branch_labels.py took 0.105 seconds
[2022-10-03T09:44:57.034+0000] {processor.py:156} INFO - Started process (PID=24976) to work on /usr/local/python/3.10.7/lib/python3.10/site-packages/airflow/example_dags/example_branch_labels.py
[2022-10-03T09:44:57.035+0000] {processor.py:758} INFO - Processing file /usr/local/python/3.10.7/lib/python3.10/site-packages/airflow/example_dags/example_branch_labels.py for tasks to queue
[2022-10-03T09:44:57.036+0000] {logging_mixin.py:117} INFO - [2022-10-03T09:44:57.036+0000] {dagbag.py:525} INFO - Filling up the DagBag from /usr/local/python/3.10.7/lib/python3.10/site-packages/airflow/example_dags/example_branch_labels.py
[2022-10-03T09:44:57.052+0000] {processor.py:768} INFO - DAG(s) dict_keys(['example_branch_labels']) retrieved from /usr/local/python/3.10.7/lib/python3.10/site-packages/airflow/example_dags/example_branch_labels.py
[2022-10-03T09:44:57.075+0000] {logging_mixin.py:117} INFO - [2022-10-03T09:44:57.075+0000] {dag.py:2573} INFO - Sync 1 DAGs
[2022-10-03T09:44:57.092+0000] {logging_mixin.py:117} INFO - [2022-10-03T09:44:57.092+0000] {dag.py:3324} INFO - Setting next_dagrun for example_branch_labels to 2022-10-02T00:00:00+00:00, run_after=2022-10-03T00:00:00+00:00
[2022-10-03T09:44:57.138+0000] {processor.py:178} INFO - Processing /usr/local/python/3.10.7/lib/python3.10/site-packages/airflow/example_dags/example_branch_labels.py took 0.107 seconds
[2022-10-03T09:45:33.988+0000] {processor.py:156} INFO - Started process (PID=25253) to work on /usr/local/python/3.10.7/lib/python3.10/site-packages/airflow/example_dags/example_branch_labels.py
[2022-10-03T09:45:33.988+0000] {processor.py:758} INFO - Processing file /usr/local/python/3.10.7/lib/python3.10/site-packages/airflow/example_dags/example_branch_labels.py for tasks to queue
[2022-10-03T09:45:33.989+0000] {logging_mixin.py:117} INFO - [2022-10-03T09:45:33.989+0000] {dagbag.py:525} INFO - Filling up the DagBag from /usr/local/python/3.10.7/lib/python3.10/site-packages/airflow/example_dags/example_branch_labels.py
[2022-10-03T09:45:34.003+0000] {processor.py:768} INFO - DAG(s) dict_keys(['example_branch_labels']) retrieved from /usr/local/python/3.10.7/lib/python3.10/site-packages/airflow/example_dags/example_branch_labels.py
[2022-10-03T09:45:34.026+0000] {logging_mixin.py:117} INFO - [2022-10-03T09:45:34.026+0000] {dag.py:2573} INFO - Sync 1 DAGs
[2022-10-03T09:45:34.044+0000] {logging_mixin.py:117} INFO - [2022-10-03T09:45:34.044+0000] {dag.py:3324} INFO - Setting next_dagrun for example_branch_labels to 2022-10-02T00:00:00+00:00, run_after=2022-10-03T00:00:00+00:00
[2022-10-03T09:45:34.090+0000] {processor.py:178} INFO - Processing /usr/local/python/3.10.7/lib/python3.10/site-packages/airflow/example_dags/example_branch_labels.py took 0.106 seconds
[2022-10-03T09:46:11.427+0000] {processor.py:156} INFO - Started process (PID=25512) to work on /usr/local/python/3.10.7/lib/python3.10/site-packages/airflow/example_dags/example_branch_labels.py
[2022-10-03T09:46:11.428+0000] {processor.py:758} INFO - Processing file /usr/local/python/3.10.7/lib/python3.10/site-packages/airflow/example_dags/example_branch_labels.py for tasks to queue
[2022-10-03T09:46:11.429+0000] {logging_mixin.py:117} INFO - [2022-10-03T09:46:11.429+0000] {dagbag.py:525} INFO - Filling up the DagBag from /usr/local/python/3.10.7/lib/python3.10/site-packages/airflow/example_dags/example_branch_labels.py
[2022-10-03T09:46:11.444+0000] {processor.py:768} INFO - DAG(s) dict_keys(['example_branch_labels']) retrieved from /usr/local/python/3.10.7/lib/python3.10/site-packages/airflow/example_dags/example_branch_labels.py
[2022-10-03T09:46:11.467+0000] {logging_mixin.py:117} INFO - [2022-10-03T09:46:11.467+0000] {dag.py:2573} INFO - Sync 1 DAGs
[2022-10-03T09:46:11.486+0000] {logging_mixin.py:117} INFO - [2022-10-03T09:46:11.486+0000] {dag.py:3324} INFO - Setting next_dagrun for example_branch_labels to 2022-10-02T00:00:00+00:00, run_after=2022-10-03T00:00:00+00:00
[2022-10-03T09:46:11.532+0000] {processor.py:178} INFO - Processing /usr/local/python/3.10.7/lib/python3.10/site-packages/airflow/example_dags/example_branch_labels.py took 0.109 seconds
[2022-10-03T09:46:50.778+0000] {processor.py:156} INFO - Started process (PID=25759) to work on /usr/local/python/3.10.7/lib/python3.10/site-packages/airflow/example_dags/example_branch_labels.py
[2022-10-03T09:46:50.779+0000] {processor.py:758} INFO - Processing file /usr/local/python/3.10.7/lib/python3.10/site-packages/airflow/example_dags/example_branch_labels.py for tasks to queue
[2022-10-03T09:46:50.780+0000] {logging_mixin.py:117} INFO - [2022-10-03T09:46:50.780+0000] {dagbag.py:525} INFO - Filling up the DagBag from /usr/local/python/3.10.7/lib/python3.10/site-packages/airflow/example_dags/example_branch_labels.py
[2022-10-03T09:46:50.795+0000] {processor.py:768} INFO - DAG(s) dict_keys(['example_branch_labels']) retrieved from /usr/local/python/3.10.7/lib/python3.10/site-packages/airflow/example_dags/example_branch_labels.py
[2022-10-03T09:46:50.819+0000] {logging_mixin.py:117} INFO - [2022-10-03T09:46:50.819+0000] {dag.py:2573} INFO - Sync 1 DAGs
[2022-10-03T09:46:50.843+0000] {logging_mixin.py:117} INFO - [2022-10-03T09:46:50.842+0000] {dag.py:3324} INFO - Setting next_dagrun for example_branch_labels to 2022-10-02T00:00:00+00:00, run_after=2022-10-03T00:00:00+00:00
[2022-10-03T09:46:50.896+0000] {processor.py:178} INFO - Processing /usr/local/python/3.10.7/lib/python3.10/site-packages/airflow/example_dags/example_branch_labels.py took 0.121 seconds
[2022-10-03T09:47:24.797+0000] {processor.py:156} INFO - Started process (PID=26061) to work on /usr/local/python/3.10.7/lib/python3.10/site-packages/airflow/example_dags/example_branch_labels.py
[2022-10-03T09:47:24.798+0000] {processor.py:758} INFO - Processing file /usr/local/python/3.10.7/lib/python3.10/site-packages/airflow/example_dags/example_branch_labels.py for tasks to queue
[2022-10-03T09:47:24.798+0000] {logging_mixin.py:117} INFO - [2022-10-03T09:47:24.798+0000] {dagbag.py:525} INFO - Filling up the DagBag from /usr/local/python/3.10.7/lib/python3.10/site-packages/airflow/example_dags/example_branch_labels.py
[2022-10-03T09:47:24.813+0000] {processor.py:768} INFO - DAG(s) dict_keys(['example_branch_labels']) retrieved from /usr/local/python/3.10.7/lib/python3.10/site-packages/airflow/example_dags/example_branch_labels.py
[2022-10-03T09:47:24.837+0000] {logging_mixin.py:117} INFO - [2022-10-03T09:47:24.837+0000] {dag.py:2573} INFO - Sync 1 DAGs
[2022-10-03T09:47:24.856+0000] {logging_mixin.py:117} INFO - [2022-10-03T09:47:24.855+0000] {dag.py:3324} INFO - Setting next_dagrun for example_branch_labels to 2022-10-02T00:00:00+00:00, run_after=2022-10-03T00:00:00+00:00
[2022-10-03T09:47:24.901+0000] {processor.py:178} INFO - Processing /usr/local/python/3.10.7/lib/python3.10/site-packages/airflow/example_dags/example_branch_labels.py took 0.107 seconds
