[2022-10-03T09:42:37.242+0000] {processor.py:156} INFO - Started process (PID=23911) to work on /usr/local/python/3.10.7/lib/python3.10/site-packages/airflow/example_dags/example_latest_only.py
[2022-10-03T09:42:37.242+0000] {processor.py:758} INFO - Processing file /usr/local/python/3.10.7/lib/python3.10/site-packages/airflow/example_dags/example_latest_only.py for tasks to queue
[2022-10-03T09:42:37.243+0000] {logging_mixin.py:117} INFO - [2022-10-03T09:42:37.243+0000] {dagbag.py:525} INFO - Filling up the DagBag from /usr/local/python/3.10.7/lib/python3.10/site-packages/airflow/example_dags/example_latest_only.py
[2022-10-03T09:42:37.257+0000] {processor.py:768} INFO - DAG(s) dict_keys(['latest_only']) retrieved from /usr/local/python/3.10.7/lib/python3.10/site-packages/airflow/example_dags/example_latest_only.py
[2022-10-03T09:42:37.407+0000] {logging_mixin.py:117} INFO - [2022-10-03T09:42:37.407+0000] {manager.py:507} INFO - Created Permission View: can edit on DAG:latest_only
[2022-10-03T09:42:37.446+0000] {logging_mixin.py:117} INFO - [2022-10-03T09:42:37.446+0000] {manager.py:507} INFO - Created Permission View: can delete on DAG:latest_only
[2022-10-03T09:42:37.479+0000] {logging_mixin.py:117} INFO - [2022-10-03T09:42:37.479+0000] {manager.py:507} INFO - Created Permission View: can read on DAG:latest_only
[2022-10-03T09:42:37.479+0000] {logging_mixin.py:117} INFO - [2022-10-03T09:42:37.479+0000] {dag.py:2573} INFO - Sync 1 DAGs
[2022-10-03T09:42:37.488+0000] {logging_mixin.py:117} INFO - [2022-10-03T09:42:37.488+0000] {dag.py:2594} INFO - Creating ORM DAG for latest_only
[2022-10-03T09:42:37.496+0000] {logging_mixin.py:117} INFO - [2022-10-03T09:42:37.496+0000] {dag.py:3324} INFO - Setting next_dagrun for latest_only to 2022-10-03T05:42:37.496099+00:00, run_after=2022-10-03T09:42:37.496099+00:00
[2022-10-03T09:42:37.539+0000] {processor.py:178} INFO - Processing /usr/local/python/3.10.7/lib/python3.10/site-packages/airflow/example_dags/example_latest_only.py took 0.301 seconds
[2022-10-03T09:43:15.720+0000] {processor.py:156} INFO - Started process (PID=24156) to work on /usr/local/python/3.10.7/lib/python3.10/site-packages/airflow/example_dags/example_latest_only.py
[2022-10-03T09:43:15.721+0000] {processor.py:758} INFO - Processing file /usr/local/python/3.10.7/lib/python3.10/site-packages/airflow/example_dags/example_latest_only.py for tasks to queue
[2022-10-03T09:43:15.721+0000] {logging_mixin.py:117} INFO - [2022-10-03T09:43:15.721+0000] {dagbag.py:525} INFO - Filling up the DagBag from /usr/local/python/3.10.7/lib/python3.10/site-packages/airflow/example_dags/example_latest_only.py
[2022-10-03T09:43:15.735+0000] {processor.py:768} INFO - DAG(s) dict_keys(['latest_only']) retrieved from /usr/local/python/3.10.7/lib/python3.10/site-packages/airflow/example_dags/example_latest_only.py
[2022-10-03T09:43:15.758+0000] {logging_mixin.py:117} INFO - [2022-10-03T09:43:15.758+0000] {dag.py:2573} INFO - Sync 1 DAGs
[2022-10-03T09:43:15.776+0000] {logging_mixin.py:117} INFO - [2022-10-03T09:43:15.775+0000] {dag.py:3324} INFO - Setting next_dagrun for latest_only to 2022-10-03T05:43:15.775620+00:00, run_after=2022-10-03T09:43:15.775620+00:00
[2022-10-03T09:43:15.820+0000] {processor.py:178} INFO - Processing /usr/local/python/3.10.7/lib/python3.10/site-packages/airflow/example_dags/example_latest_only.py took 0.103 seconds
[2022-10-03T09:43:56.982+0000] {processor.py:156} INFO - Started process (PID=24433) to work on /usr/local/python/3.10.7/lib/python3.10/site-packages/airflow/example_dags/example_latest_only.py
[2022-10-03T09:43:56.983+0000] {processor.py:758} INFO - Processing file /usr/local/python/3.10.7/lib/python3.10/site-packages/airflow/example_dags/example_latest_only.py for tasks to queue
[2022-10-03T09:43:56.983+0000] {logging_mixin.py:117} INFO - [2022-10-03T09:43:56.983+0000] {dagbag.py:525} INFO - Filling up the DagBag from /usr/local/python/3.10.7/lib/python3.10/site-packages/airflow/example_dags/example_latest_only.py
[2022-10-03T09:43:56.997+0000] {processor.py:768} INFO - DAG(s) dict_keys(['latest_only']) retrieved from /usr/local/python/3.10.7/lib/python3.10/site-packages/airflow/example_dags/example_latest_only.py
[2022-10-03T09:43:57.020+0000] {logging_mixin.py:117} INFO - [2022-10-03T09:43:57.020+0000] {dag.py:2573} INFO - Sync 1 DAGs
[2022-10-03T09:43:57.037+0000] {logging_mixin.py:117} INFO - [2022-10-03T09:43:57.037+0000] {dag.py:3324} INFO - Setting next_dagrun for latest_only to 2022-10-03T05:43:57.036706+00:00, run_after=2022-10-03T09:43:57.036706+00:00
[2022-10-03T09:43:57.086+0000] {processor.py:178} INFO - Processing /usr/local/python/3.10.7/lib/python3.10/site-packages/airflow/example_dags/example_latest_only.py took 0.107 seconds
[2022-10-03T09:44:39.140+0000] {processor.py:156} INFO - Started process (PID=24794) to work on /usr/local/python/3.10.7/lib/python3.10/site-packages/airflow/example_dags/example_latest_only.py
[2022-10-03T09:44:39.141+0000] {processor.py:758} INFO - Processing file /usr/local/python/3.10.7/lib/python3.10/site-packages/airflow/example_dags/example_latest_only.py for tasks to queue
[2022-10-03T09:44:39.141+0000] {logging_mixin.py:117} INFO - [2022-10-03T09:44:39.141+0000] {dagbag.py:525} INFO - Filling up the DagBag from /usr/local/python/3.10.7/lib/python3.10/site-packages/airflow/example_dags/example_latest_only.py
[2022-10-03T09:44:39.156+0000] {processor.py:768} INFO - DAG(s) dict_keys(['latest_only']) retrieved from /usr/local/python/3.10.7/lib/python3.10/site-packages/airflow/example_dags/example_latest_only.py
[2022-10-03T09:44:39.178+0000] {logging_mixin.py:117} INFO - [2022-10-03T09:44:39.178+0000] {dag.py:2573} INFO - Sync 1 DAGs
[2022-10-03T09:44:39.194+0000] {logging_mixin.py:117} INFO - [2022-10-03T09:44:39.194+0000] {dag.py:3324} INFO - Setting next_dagrun for latest_only to 2022-10-03T05:44:39.194361+00:00, run_after=2022-10-03T09:44:39.194361+00:00
[2022-10-03T09:44:39.240+0000] {processor.py:178} INFO - Processing /usr/local/python/3.10.7/lib/python3.10/site-packages/airflow/example_dags/example_latest_only.py took 0.103 seconds
[2022-10-03T09:45:18.862+0000] {processor.py:156} INFO - Started process (PID=25136) to work on /usr/local/python/3.10.7/lib/python3.10/site-packages/airflow/example_dags/example_latest_only.py
[2022-10-03T09:45:18.863+0000] {processor.py:758} INFO - Processing file /usr/local/python/3.10.7/lib/python3.10/site-packages/airflow/example_dags/example_latest_only.py for tasks to queue
[2022-10-03T09:45:18.863+0000] {logging_mixin.py:117} INFO - [2022-10-03T09:45:18.863+0000] {dagbag.py:525} INFO - Filling up the DagBag from /usr/local/python/3.10.7/lib/python3.10/site-packages/airflow/example_dags/example_latest_only.py
[2022-10-03T09:45:18.877+0000] {processor.py:768} INFO - DAG(s) dict_keys(['latest_only']) retrieved from /usr/local/python/3.10.7/lib/python3.10/site-packages/airflow/example_dags/example_latest_only.py
[2022-10-03T09:45:18.899+0000] {logging_mixin.py:117} INFO - [2022-10-03T09:45:18.899+0000] {dag.py:2573} INFO - Sync 1 DAGs
[2022-10-03T09:45:18.917+0000] {logging_mixin.py:117} INFO - [2022-10-03T09:45:18.916+0000] {dag.py:3324} INFO - Setting next_dagrun for latest_only to 2022-10-03T05:45:18.916677+00:00, run_after=2022-10-03T09:45:18.916677+00:00
[2022-10-03T09:45:18.963+0000] {processor.py:178} INFO - Processing /usr/local/python/3.10.7/lib/python3.10/site-packages/airflow/example_dags/example_latest_only.py took 0.104 seconds
[2022-10-03T09:45:55.606+0000] {processor.py:156} INFO - Started process (PID=25394) to work on /usr/local/python/3.10.7/lib/python3.10/site-packages/airflow/example_dags/example_latest_only.py
[2022-10-03T09:45:55.607+0000] {processor.py:758} INFO - Processing file /usr/local/python/3.10.7/lib/python3.10/site-packages/airflow/example_dags/example_latest_only.py for tasks to queue
[2022-10-03T09:45:55.608+0000] {logging_mixin.py:117} INFO - [2022-10-03T09:45:55.607+0000] {dagbag.py:525} INFO - Filling up the DagBag from /usr/local/python/3.10.7/lib/python3.10/site-packages/airflow/example_dags/example_latest_only.py
[2022-10-03T09:45:55.622+0000] {processor.py:768} INFO - DAG(s) dict_keys(['latest_only']) retrieved from /usr/local/python/3.10.7/lib/python3.10/site-packages/airflow/example_dags/example_latest_only.py
[2022-10-03T09:45:55.645+0000] {logging_mixin.py:117} INFO - [2022-10-03T09:45:55.644+0000] {dag.py:2573} INFO - Sync 1 DAGs
[2022-10-03T09:45:55.663+0000] {logging_mixin.py:117} INFO - [2022-10-03T09:45:55.662+0000] {dag.py:3324} INFO - Setting next_dagrun for latest_only to 2022-10-03T05:45:55.662746+00:00, run_after=2022-10-03T09:45:55.662746+00:00
[2022-10-03T09:45:55.708+0000] {processor.py:178} INFO - Processing /usr/local/python/3.10.7/lib/python3.10/site-packages/airflow/example_dags/example_latest_only.py took 0.106 seconds
[2022-10-03T09:46:36.559+0000] {processor.py:156} INFO - Started process (PID=25674) to work on /usr/local/python/3.10.7/lib/python3.10/site-packages/airflow/example_dags/example_latest_only.py
[2022-10-03T09:46:36.560+0000] {processor.py:758} INFO - Processing file /usr/local/python/3.10.7/lib/python3.10/site-packages/airflow/example_dags/example_latest_only.py for tasks to queue
[2022-10-03T09:46:36.561+0000] {logging_mixin.py:117} INFO - [2022-10-03T09:46:36.561+0000] {dagbag.py:525} INFO - Filling up the DagBag from /usr/local/python/3.10.7/lib/python3.10/site-packages/airflow/example_dags/example_latest_only.py
[2022-10-03T09:46:36.575+0000] {processor.py:768} INFO - DAG(s) dict_keys(['latest_only']) retrieved from /usr/local/python/3.10.7/lib/python3.10/site-packages/airflow/example_dags/example_latest_only.py
[2022-10-03T09:46:36.597+0000] {logging_mixin.py:117} INFO - [2022-10-03T09:46:36.597+0000] {dag.py:2573} INFO - Sync 1 DAGs
[2022-10-03T09:46:36.615+0000] {logging_mixin.py:117} INFO - [2022-10-03T09:46:36.614+0000] {dag.py:3324} INFO - Setting next_dagrun for latest_only to 2022-10-03T05:46:36.614647+00:00, run_after=2022-10-03T09:46:36.614647+00:00
[2022-10-03T09:46:36.659+0000] {processor.py:178} INFO - Processing /usr/local/python/3.10.7/lib/python3.10/site-packages/airflow/example_dags/example_latest_only.py took 0.103 seconds
[2022-10-03T09:47:12.806+0000] {processor.py:156} INFO - Started process (PID=25984) to work on /usr/local/python/3.10.7/lib/python3.10/site-packages/airflow/example_dags/example_latest_only.py
[2022-10-03T09:47:12.807+0000] {processor.py:758} INFO - Processing file /usr/local/python/3.10.7/lib/python3.10/site-packages/airflow/example_dags/example_latest_only.py for tasks to queue
[2022-10-03T09:47:12.807+0000] {logging_mixin.py:117} INFO - [2022-10-03T09:47:12.807+0000] {dagbag.py:525} INFO - Filling up the DagBag from /usr/local/python/3.10.7/lib/python3.10/site-packages/airflow/example_dags/example_latest_only.py
[2022-10-03T09:47:12.821+0000] {processor.py:768} INFO - DAG(s) dict_keys(['latest_only']) retrieved from /usr/local/python/3.10.7/lib/python3.10/site-packages/airflow/example_dags/example_latest_only.py
[2022-10-03T09:47:12.845+0000] {logging_mixin.py:117} INFO - [2022-10-03T09:47:12.845+0000] {dag.py:2573} INFO - Sync 1 DAGs
[2022-10-03T09:47:12.862+0000] {logging_mixin.py:117} INFO - [2022-10-03T09:47:12.862+0000] {dag.py:3324} INFO - Setting next_dagrun for latest_only to 2022-10-03T05:47:12.861978+00:00, run_after=2022-10-03T09:47:12.861978+00:00
[2022-10-03T09:47:12.908+0000] {processor.py:178} INFO - Processing /usr/local/python/3.10.7/lib/python3.10/site-packages/airflow/example_dags/example_latest_only.py took 0.105 seconds
[2022-10-03T09:47:50.295+0000] {processor.py:156} INFO - Started process (PID=26224) to work on /usr/local/python/3.10.7/lib/python3.10/site-packages/airflow/example_dags/example_latest_only.py
[2022-10-03T09:47:50.296+0000] {processor.py:758} INFO - Processing file /usr/local/python/3.10.7/lib/python3.10/site-packages/airflow/example_dags/example_latest_only.py for tasks to queue
[2022-10-03T09:47:50.296+0000] {logging_mixin.py:117} INFO - [2022-10-03T09:47:50.296+0000] {dagbag.py:525} INFO - Filling up the DagBag from /usr/local/python/3.10.7/lib/python3.10/site-packages/airflow/example_dags/example_latest_only.py
[2022-10-03T09:47:50.311+0000] {processor.py:768} INFO - DAG(s) dict_keys(['latest_only']) retrieved from /usr/local/python/3.10.7/lib/python3.10/site-packages/airflow/example_dags/example_latest_only.py
[2022-10-03T09:47:50.334+0000] {logging_mixin.py:117} INFO - [2022-10-03T09:47:50.334+0000] {dag.py:2573} INFO - Sync 1 DAGs
[2022-10-03T09:47:50.351+0000] {logging_mixin.py:117} INFO - [2022-10-03T09:47:50.351+0000] {dag.py:3324} INFO - Setting next_dagrun for latest_only to 2022-10-03T05:47:50.351089+00:00, run_after=2022-10-03T09:47:50.351089+00:00
[2022-10-03T09:47:50.395+0000] {processor.py:178} INFO - Processing /usr/local/python/3.10.7/lib/python3.10/site-packages/airflow/example_dags/example_latest_only.py took 0.104 seconds
