[2022-10-03T09:42:03.468+0000] {processor.py:156} INFO - Started process (PID=23622) to work on /usr/local/python/3.10.7/lib/python3.10/site-packages/airflow/example_dags/example_trigger_target_dag.py
[2022-10-03T09:42:03.469+0000] {processor.py:758} INFO - Processing file /usr/local/python/3.10.7/lib/python3.10/site-packages/airflow/example_dags/example_trigger_target_dag.py for tasks to queue
[2022-10-03T09:42:03.469+0000] {logging_mixin.py:117} INFO - [2022-10-03T09:42:03.469+0000] {dagbag.py:525} INFO - Filling up the DagBag from /usr/local/python/3.10.7/lib/python3.10/site-packages/airflow/example_dags/example_trigger_target_dag.py
[2022-10-03T09:42:03.492+0000] {processor.py:768} INFO - DAG(s) dict_keys(['example_trigger_target_dag']) retrieved from /usr/local/python/3.10.7/lib/python3.10/site-packages/airflow/example_dags/example_trigger_target_dag.py
[2022-10-03T09:42:03.653+0000] {logging_mixin.py:117} INFO - [2022-10-03T09:42:03.653+0000] {manager.py:507} INFO - Created Permission View: can edit on DAG:example_trigger_target_dag
[2022-10-03T09:42:03.691+0000] {logging_mixin.py:117} INFO - [2022-10-03T09:42:03.691+0000] {manager.py:507} INFO - Created Permission View: can delete on DAG:example_trigger_target_dag
[2022-10-03T09:42:03.730+0000] {logging_mixin.py:117} INFO - [2022-10-03T09:42:03.730+0000] {manager.py:507} INFO - Created Permission View: can read on DAG:example_trigger_target_dag
[2022-10-03T09:42:03.730+0000] {logging_mixin.py:117} INFO - [2022-10-03T09:42:03.730+0000] {dag.py:2573} INFO - Sync 1 DAGs
[2022-10-03T09:42:03.740+0000] {logging_mixin.py:117} INFO - [2022-10-03T09:42:03.739+0000] {dag.py:2594} INFO - Creating ORM DAG for example_trigger_target_dag
[2022-10-03T09:42:03.746+0000] {logging_mixin.py:117} INFO - [2022-10-03T09:42:03.746+0000] {dag.py:3324} INFO - Setting next_dagrun for example_trigger_target_dag to None, run_after=None
[2022-10-03T09:42:03.807+0000] {processor.py:178} INFO - Processing /usr/local/python/3.10.7/lib/python3.10/site-packages/airflow/example_dags/example_trigger_target_dag.py took 0.342 seconds
[2022-10-03T09:42:48.991+0000] {processor.py:156} INFO - Started process (PID=23986) to work on /usr/local/python/3.10.7/lib/python3.10/site-packages/airflow/example_dags/example_trigger_target_dag.py
[2022-10-03T09:42:48.992+0000] {processor.py:758} INFO - Processing file /usr/local/python/3.10.7/lib/python3.10/site-packages/airflow/example_dags/example_trigger_target_dag.py for tasks to queue
[2022-10-03T09:42:48.993+0000] {logging_mixin.py:117} INFO - [2022-10-03T09:42:48.993+0000] {dagbag.py:525} INFO - Filling up the DagBag from /usr/local/python/3.10.7/lib/python3.10/site-packages/airflow/example_dags/example_trigger_target_dag.py
[2022-10-03T09:42:49.016+0000] {processor.py:768} INFO - DAG(s) dict_keys(['example_trigger_target_dag']) retrieved from /usr/local/python/3.10.7/lib/python3.10/site-packages/airflow/example_dags/example_trigger_target_dag.py
[2022-10-03T09:42:49.038+0000] {logging_mixin.py:117} INFO - [2022-10-03T09:42:49.038+0000] {dag.py:2573} INFO - Sync 1 DAGs
[2022-10-03T09:42:49.054+0000] {logging_mixin.py:117} INFO - [2022-10-03T09:42:49.054+0000] {dag.py:3324} INFO - Setting next_dagrun for example_trigger_target_dag to None, run_after=None
[2022-10-03T09:42:49.097+0000] {processor.py:178} INFO - Processing /usr/local/python/3.10.7/lib/python3.10/site-packages/airflow/example_dags/example_trigger_target_dag.py took 0.108 seconds
[2022-10-03T09:43:25.711+0000] {processor.py:156} INFO - Started process (PID=24225) to work on /usr/local/python/3.10.7/lib/python3.10/site-packages/airflow/example_dags/example_trigger_target_dag.py
[2022-10-03T09:43:25.712+0000] {processor.py:758} INFO - Processing file /usr/local/python/3.10.7/lib/python3.10/site-packages/airflow/example_dags/example_trigger_target_dag.py for tasks to queue
[2022-10-03T09:43:25.713+0000] {logging_mixin.py:117} INFO - [2022-10-03T09:43:25.713+0000] {dagbag.py:525} INFO - Filling up the DagBag from /usr/local/python/3.10.7/lib/python3.10/site-packages/airflow/example_dags/example_trigger_target_dag.py
[2022-10-03T09:43:25.736+0000] {processor.py:768} INFO - DAG(s) dict_keys(['example_trigger_target_dag']) retrieved from /usr/local/python/3.10.7/lib/python3.10/site-packages/airflow/example_dags/example_trigger_target_dag.py
[2022-10-03T09:43:25.758+0000] {logging_mixin.py:117} INFO - [2022-10-03T09:43:25.757+0000] {dag.py:2573} INFO - Sync 1 DAGs
[2022-10-03T09:43:25.774+0000] {logging_mixin.py:117} INFO - [2022-10-03T09:43:25.773+0000] {dag.py:3324} INFO - Setting next_dagrun for example_trigger_target_dag to None, run_after=None
[2022-10-03T09:43:25.819+0000] {processor.py:178} INFO - Processing /usr/local/python/3.10.7/lib/python3.10/site-packages/airflow/example_dags/example_trigger_target_dag.py took 0.111 seconds
[2022-10-03T09:43:59.810+0000] {processor.py:156} INFO - Started process (PID=24472) to work on /usr/local/python/3.10.7/lib/python3.10/site-packages/airflow/example_dags/example_trigger_target_dag.py
[2022-10-03T09:43:59.811+0000] {processor.py:758} INFO - Processing file /usr/local/python/3.10.7/lib/python3.10/site-packages/airflow/example_dags/example_trigger_target_dag.py for tasks to queue
[2022-10-03T09:43:59.811+0000] {logging_mixin.py:117} INFO - [2022-10-03T09:43:59.811+0000] {dagbag.py:525} INFO - Filling up the DagBag from /usr/local/python/3.10.7/lib/python3.10/site-packages/airflow/example_dags/example_trigger_target_dag.py
[2022-10-03T09:43:59.835+0000] {processor.py:768} INFO - DAG(s) dict_keys(['example_trigger_target_dag']) retrieved from /usr/local/python/3.10.7/lib/python3.10/site-packages/airflow/example_dags/example_trigger_target_dag.py
[2022-10-03T09:43:59.857+0000] {logging_mixin.py:117} INFO - [2022-10-03T09:43:59.857+0000] {dag.py:2573} INFO - Sync 1 DAGs
[2022-10-03T09:43:59.874+0000] {logging_mixin.py:117} INFO - [2022-10-03T09:43:59.874+0000] {dag.py:3324} INFO - Setting next_dagrun for example_trigger_target_dag to None, run_after=None
[2022-10-03T09:43:59.923+0000] {processor.py:178} INFO - Processing /usr/local/python/3.10.7/lib/python3.10/site-packages/airflow/example_dags/example_trigger_target_dag.py took 0.118 seconds
[2022-10-03T09:44:34.254+0000] {processor.py:156} INFO - Started process (PID=24691) to work on /usr/local/python/3.10.7/lib/python3.10/site-packages/airflow/example_dags/example_trigger_target_dag.py
[2022-10-03T09:44:34.255+0000] {processor.py:758} INFO - Processing file /usr/local/python/3.10.7/lib/python3.10/site-packages/airflow/example_dags/example_trigger_target_dag.py for tasks to queue
[2022-10-03T09:44:34.255+0000] {logging_mixin.py:117} INFO - [2022-10-03T09:44:34.255+0000] {dagbag.py:525} INFO - Filling up the DagBag from /usr/local/python/3.10.7/lib/python3.10/site-packages/airflow/example_dags/example_trigger_target_dag.py
[2022-10-03T09:44:34.278+0000] {processor.py:768} INFO - DAG(s) dict_keys(['example_trigger_target_dag']) retrieved from /usr/local/python/3.10.7/lib/python3.10/site-packages/airflow/example_dags/example_trigger_target_dag.py
[2022-10-03T09:44:34.300+0000] {logging_mixin.py:117} INFO - [2022-10-03T09:44:34.300+0000] {dag.py:2573} INFO - Sync 1 DAGs
[2022-10-03T09:44:34.316+0000] {logging_mixin.py:117} INFO - [2022-10-03T09:44:34.316+0000] {dag.py:3324} INFO - Setting next_dagrun for example_trigger_target_dag to None, run_after=None
[2022-10-03T09:44:34.361+0000] {processor.py:178} INFO - Processing /usr/local/python/3.10.7/lib/python3.10/site-packages/airflow/example_dags/example_trigger_target_dag.py took 0.110 seconds
[2022-10-03T09:45:07.270+0000] {processor.py:156} INFO - Started process (PID=25059) to work on /usr/local/python/3.10.7/lib/python3.10/site-packages/airflow/example_dags/example_trigger_target_dag.py
[2022-10-03T09:45:07.271+0000] {processor.py:758} INFO - Processing file /usr/local/python/3.10.7/lib/python3.10/site-packages/airflow/example_dags/example_trigger_target_dag.py for tasks to queue
[2022-10-03T09:45:07.271+0000] {logging_mixin.py:117} INFO - [2022-10-03T09:45:07.271+0000] {dagbag.py:525} INFO - Filling up the DagBag from /usr/local/python/3.10.7/lib/python3.10/site-packages/airflow/example_dags/example_trigger_target_dag.py
[2022-10-03T09:45:07.295+0000] {processor.py:768} INFO - DAG(s) dict_keys(['example_trigger_target_dag']) retrieved from /usr/local/python/3.10.7/lib/python3.10/site-packages/airflow/example_dags/example_trigger_target_dag.py
[2022-10-03T09:45:07.316+0000] {logging_mixin.py:117} INFO - [2022-10-03T09:45:07.316+0000] {dag.py:2573} INFO - Sync 1 DAGs
[2022-10-03T09:45:07.333+0000] {logging_mixin.py:117} INFO - [2022-10-03T09:45:07.333+0000] {dag.py:3324} INFO - Setting next_dagrun for example_trigger_target_dag to None, run_after=None
[2022-10-03T09:45:07.382+0000] {processor.py:178} INFO - Processing /usr/local/python/3.10.7/lib/python3.10/site-packages/airflow/example_dags/example_trigger_target_dag.py took 0.115 seconds
[2022-10-03T09:45:44.227+0000] {processor.py:156} INFO - Started process (PID=25323) to work on /usr/local/python/3.10.7/lib/python3.10/site-packages/airflow/example_dags/example_trigger_target_dag.py
[2022-10-03T09:45:44.228+0000] {processor.py:758} INFO - Processing file /usr/local/python/3.10.7/lib/python3.10/site-packages/airflow/example_dags/example_trigger_target_dag.py for tasks to queue
[2022-10-03T09:45:44.228+0000] {logging_mixin.py:117} INFO - [2022-10-03T09:45:44.228+0000] {dagbag.py:525} INFO - Filling up the DagBag from /usr/local/python/3.10.7/lib/python3.10/site-packages/airflow/example_dags/example_trigger_target_dag.py
[2022-10-03T09:45:44.251+0000] {processor.py:768} INFO - DAG(s) dict_keys(['example_trigger_target_dag']) retrieved from /usr/local/python/3.10.7/lib/python3.10/site-packages/airflow/example_dags/example_trigger_target_dag.py
[2022-10-03T09:45:44.274+0000] {logging_mixin.py:117} INFO - [2022-10-03T09:45:44.274+0000] {dag.py:2573} INFO - Sync 1 DAGs
[2022-10-03T09:45:44.291+0000] {logging_mixin.py:117} INFO - [2022-10-03T09:45:44.291+0000] {dag.py:3324} INFO - Setting next_dagrun for example_trigger_target_dag to None, run_after=None
[2022-10-03T09:45:44.337+0000] {processor.py:178} INFO - Processing /usr/local/python/3.10.7/lib/python3.10/site-packages/airflow/example_dags/example_trigger_target_dag.py took 0.114 seconds
[2022-10-03T09:46:20.456+0000] {processor.py:156} INFO - Started process (PID=25556) to work on /usr/local/python/3.10.7/lib/python3.10/site-packages/airflow/example_dags/example_trigger_target_dag.py
[2022-10-03T09:46:20.457+0000] {processor.py:758} INFO - Processing file /usr/local/python/3.10.7/lib/python3.10/site-packages/airflow/example_dags/example_trigger_target_dag.py for tasks to queue
[2022-10-03T09:46:20.458+0000] {logging_mixin.py:117} INFO - [2022-10-03T09:46:20.457+0000] {dagbag.py:525} INFO - Filling up the DagBag from /usr/local/python/3.10.7/lib/python3.10/site-packages/airflow/example_dags/example_trigger_target_dag.py
[2022-10-03T09:46:20.481+0000] {processor.py:768} INFO - DAG(s) dict_keys(['example_trigger_target_dag']) retrieved from /usr/local/python/3.10.7/lib/python3.10/site-packages/airflow/example_dags/example_trigger_target_dag.py
[2022-10-03T09:46:20.504+0000] {logging_mixin.py:117} INFO - [2022-10-03T09:46:20.504+0000] {dag.py:2573} INFO - Sync 1 DAGs
[2022-10-03T09:46:20.521+0000] {logging_mixin.py:117} INFO - [2022-10-03T09:46:20.521+0000] {dag.py:3324} INFO - Setting next_dagrun for example_trigger_target_dag to None, run_after=None
[2022-10-03T09:46:20.566+0000] {processor.py:178} INFO - Processing /usr/local/python/3.10.7/lib/python3.10/site-packages/airflow/example_dags/example_trigger_target_dag.py took 0.113 seconds
[2022-10-03T09:46:58.215+0000] {processor.py:156} INFO - Started process (PID=25821) to work on /usr/local/python/3.10.7/lib/python3.10/site-packages/airflow/example_dags/example_trigger_target_dag.py
[2022-10-03T09:46:58.216+0000] {processor.py:758} INFO - Processing file /usr/local/python/3.10.7/lib/python3.10/site-packages/airflow/example_dags/example_trigger_target_dag.py for tasks to queue
[2022-10-03T09:46:58.217+0000] {logging_mixin.py:117} INFO - [2022-10-03T09:46:58.217+0000] {dagbag.py:525} INFO - Filling up the DagBag from /usr/local/python/3.10.7/lib/python3.10/site-packages/airflow/example_dags/example_trigger_target_dag.py
[2022-10-03T09:46:58.239+0000] {processor.py:768} INFO - DAG(s) dict_keys(['example_trigger_target_dag']) retrieved from /usr/local/python/3.10.7/lib/python3.10/site-packages/airflow/example_dags/example_trigger_target_dag.py
[2022-10-03T09:46:58.262+0000] {logging_mixin.py:117} INFO - [2022-10-03T09:46:58.262+0000] {dag.py:2573} INFO - Sync 1 DAGs
[2022-10-03T09:46:58.278+0000] {logging_mixin.py:117} INFO - [2022-10-03T09:46:58.278+0000] {dag.py:3324} INFO - Setting next_dagrun for example_trigger_target_dag to None, run_after=None
[2022-10-03T09:46:58.322+0000] {processor.py:178} INFO - Processing /usr/local/python/3.10.7/lib/python3.10/site-packages/airflow/example_dags/example_trigger_target_dag.py took 0.111 seconds
[2022-10-03T09:47:30.073+0000] {processor.py:156} INFO - Started process (PID=26084) to work on /usr/local/python/3.10.7/lib/python3.10/site-packages/airflow/example_dags/example_trigger_target_dag.py
[2022-10-03T09:47:30.073+0000] {processor.py:758} INFO - Processing file /usr/local/python/3.10.7/lib/python3.10/site-packages/airflow/example_dags/example_trigger_target_dag.py for tasks to queue
[2022-10-03T09:47:30.074+0000] {logging_mixin.py:117} INFO - [2022-10-03T09:47:30.074+0000] {dagbag.py:525} INFO - Filling up the DagBag from /usr/local/python/3.10.7/lib/python3.10/site-packages/airflow/example_dags/example_trigger_target_dag.py
[2022-10-03T09:47:30.102+0000] {processor.py:768} INFO - DAG(s) dict_keys(['example_trigger_target_dag']) retrieved from /usr/local/python/3.10.7/lib/python3.10/site-packages/airflow/example_dags/example_trigger_target_dag.py
[2022-10-03T09:47:30.125+0000] {logging_mixin.py:117} INFO - [2022-10-03T09:47:30.124+0000] {dag.py:2573} INFO - Sync 1 DAGs
[2022-10-03T09:47:30.141+0000] {logging_mixin.py:117} INFO - [2022-10-03T09:47:30.141+0000] {dag.py:3324} INFO - Setting next_dagrun for example_trigger_target_dag to None, run_after=None
[2022-10-03T09:47:30.187+0000] {processor.py:178} INFO - Processing /usr/local/python/3.10.7/lib/python3.10/site-packages/airflow/example_dags/example_trigger_target_dag.py took 0.117 seconds
