[2022-10-03T09:42:14.348+0000] {processor.py:156} INFO - Started process (PID=23743) to work on /usr/local/python/3.10.7/lib/python3.10/site-packages/airflow/example_dags/example_short_circuit_decorator.py
[2022-10-03T09:42:14.349+0000] {processor.py:758} INFO - Processing file /usr/local/python/3.10.7/lib/python3.10/site-packages/airflow/example_dags/example_short_circuit_decorator.py for tasks to queue
[2022-10-03T09:42:14.350+0000] {logging_mixin.py:117} INFO - [2022-10-03T09:42:14.350+0000] {dagbag.py:525} INFO - Filling up the DagBag from /usr/local/python/3.10.7/lib/python3.10/site-packages/airflow/example_dags/example_short_circuit_decorator.py
[2022-10-03T09:42:14.373+0000] {processor.py:768} INFO - DAG(s) dict_keys(['example_short_circuit_decorator']) retrieved from /usr/local/python/3.10.7/lib/python3.10/site-packages/airflow/example_dags/example_short_circuit_decorator.py
[2022-10-03T09:42:14.533+0000] {logging_mixin.py:117} INFO - [2022-10-03T09:42:14.533+0000] {manager.py:507} INFO - Created Permission View: can edit on DAG:example_short_circuit_decorator
[2022-10-03T09:42:14.571+0000] {logging_mixin.py:117} INFO - [2022-10-03T09:42:14.571+0000] {manager.py:507} INFO - Created Permission View: can delete on DAG:example_short_circuit_decorator
[2022-10-03T09:42:14.606+0000] {logging_mixin.py:117} INFO - [2022-10-03T09:42:14.606+0000] {manager.py:507} INFO - Created Permission View: can read on DAG:example_short_circuit_decorator
[2022-10-03T09:42:14.606+0000] {logging_mixin.py:117} INFO - [2022-10-03T09:42:14.606+0000] {dag.py:2573} INFO - Sync 1 DAGs
[2022-10-03T09:42:14.616+0000] {logging_mixin.py:117} INFO - [2022-10-03T09:42:14.615+0000] {dag.py:2594} INFO - Creating ORM DAG for example_short_circuit_decorator
[2022-10-03T09:42:14.623+0000] {logging_mixin.py:117} INFO - [2022-10-03T09:42:14.623+0000] {dag.py:3324} INFO - Setting next_dagrun for example_short_circuit_decorator to 2022-10-02T09:42:14.622984+00:00, run_after=2022-10-03T09:42:14.622984+00:00
[2022-10-03T09:42:14.674+0000] {processor.py:178} INFO - Processing /usr/local/python/3.10.7/lib/python3.10/site-packages/airflow/example_dags/example_short_circuit_decorator.py took 0.328 seconds
[2022-10-03T09:42:58.468+0000] {processor.py:156} INFO - Started process (PID=24056) to work on /usr/local/python/3.10.7/lib/python3.10/site-packages/airflow/example_dags/example_short_circuit_decorator.py
[2022-10-03T09:42:58.469+0000] {processor.py:758} INFO - Processing file /usr/local/python/3.10.7/lib/python3.10/site-packages/airflow/example_dags/example_short_circuit_decorator.py for tasks to queue
[2022-10-03T09:42:58.470+0000] {logging_mixin.py:117} INFO - [2022-10-03T09:42:58.469+0000] {dagbag.py:525} INFO - Filling up the DagBag from /usr/local/python/3.10.7/lib/python3.10/site-packages/airflow/example_dags/example_short_circuit_decorator.py
[2022-10-03T09:42:58.493+0000] {processor.py:768} INFO - DAG(s) dict_keys(['example_short_circuit_decorator']) retrieved from /usr/local/python/3.10.7/lib/python3.10/site-packages/airflow/example_dags/example_short_circuit_decorator.py
[2022-10-03T09:42:58.518+0000] {logging_mixin.py:117} INFO - [2022-10-03T09:42:58.518+0000] {dag.py:2573} INFO - Sync 1 DAGs
[2022-10-03T09:42:58.535+0000] {logging_mixin.py:117} INFO - [2022-10-03T09:42:58.534+0000] {dag.py:3324} INFO - Setting next_dagrun for example_short_circuit_decorator to 2022-10-02T09:42:58.534754+00:00, run_after=2022-10-03T09:42:58.534754+00:00
[2022-10-03T09:42:58.585+0000] {processor.py:178} INFO - Processing /usr/local/python/3.10.7/lib/python3.10/site-packages/airflow/example_dags/example_short_circuit_decorator.py took 0.121 seconds
[2022-10-03T09:43:36.160+0000] {processor.py:156} INFO - Started process (PID=24295) to work on /usr/local/python/3.10.7/lib/python3.10/site-packages/airflow/example_dags/example_short_circuit_decorator.py
[2022-10-03T09:43:36.161+0000] {processor.py:758} INFO - Processing file /usr/local/python/3.10.7/lib/python3.10/site-packages/airflow/example_dags/example_short_circuit_decorator.py for tasks to queue
[2022-10-03T09:43:36.161+0000] {logging_mixin.py:117} INFO - [2022-10-03T09:43:36.161+0000] {dagbag.py:525} INFO - Filling up the DagBag from /usr/local/python/3.10.7/lib/python3.10/site-packages/airflow/example_dags/example_short_circuit_decorator.py
[2022-10-03T09:43:36.185+0000] {processor.py:768} INFO - DAG(s) dict_keys(['example_short_circuit_decorator']) retrieved from /usr/local/python/3.10.7/lib/python3.10/site-packages/airflow/example_dags/example_short_circuit_decorator.py
[2022-10-03T09:43:36.209+0000] {logging_mixin.py:117} INFO - [2022-10-03T09:43:36.209+0000] {dag.py:2573} INFO - Sync 1 DAGs
[2022-10-03T09:43:36.226+0000] {logging_mixin.py:117} INFO - [2022-10-03T09:43:36.226+0000] {dag.py:3324} INFO - Setting next_dagrun for example_short_circuit_decorator to 2022-10-02T09:43:36.226208+00:00, run_after=2022-10-03T09:43:36.226208+00:00
[2022-10-03T09:43:36.274+0000] {processor.py:178} INFO - Processing /usr/local/python/3.10.7/lib/python3.10/site-packages/airflow/example_dags/example_short_circuit_decorator.py took 0.118 seconds
[2022-10-03T09:44:15.013+0000] {processor.py:156} INFO - Started process (PID=24564) to work on /usr/local/python/3.10.7/lib/python3.10/site-packages/airflow/example_dags/example_short_circuit_decorator.py
[2022-10-03T09:44:15.014+0000] {processor.py:758} INFO - Processing file /usr/local/python/3.10.7/lib/python3.10/site-packages/airflow/example_dags/example_short_circuit_decorator.py for tasks to queue
[2022-10-03T09:44:15.014+0000] {logging_mixin.py:117} INFO - [2022-10-03T09:44:15.014+0000] {dagbag.py:525} INFO - Filling up the DagBag from /usr/local/python/3.10.7/lib/python3.10/site-packages/airflow/example_dags/example_short_circuit_decorator.py
[2022-10-03T09:44:15.039+0000] {processor.py:768} INFO - DAG(s) dict_keys(['example_short_circuit_decorator']) retrieved from /usr/local/python/3.10.7/lib/python3.10/site-packages/airflow/example_dags/example_short_circuit_decorator.py
[2022-10-03T09:44:15.062+0000] {logging_mixin.py:117} INFO - [2022-10-03T09:44:15.062+0000] {dag.py:2573} INFO - Sync 1 DAGs
[2022-10-03T09:44:15.078+0000] {logging_mixin.py:117} INFO - [2022-10-03T09:44:15.078+0000] {dag.py:3324} INFO - Setting next_dagrun for example_short_circuit_decorator to 2022-10-02T09:44:15.078041+00:00, run_after=2022-10-03T09:44:15.078041+00:00
[2022-10-03T09:44:15.124+0000] {processor.py:178} INFO - Processing /usr/local/python/3.10.7/lib/python3.10/site-packages/airflow/example_dags/example_short_circuit_decorator.py took 0.114 seconds
[2022-10-03T09:44:52.450+0000] {processor.py:156} INFO - Started process (PID=24942) to work on /usr/local/python/3.10.7/lib/python3.10/site-packages/airflow/example_dags/example_short_circuit_decorator.py
[2022-10-03T09:44:52.451+0000] {processor.py:758} INFO - Processing file /usr/local/python/3.10.7/lib/python3.10/site-packages/airflow/example_dags/example_short_circuit_decorator.py for tasks to queue
[2022-10-03T09:44:52.451+0000] {logging_mixin.py:117} INFO - [2022-10-03T09:44:52.451+0000] {dagbag.py:525} INFO - Filling up the DagBag from /usr/local/python/3.10.7/lib/python3.10/site-packages/airflow/example_dags/example_short_circuit_decorator.py
[2022-10-03T09:44:52.476+0000] {processor.py:768} INFO - DAG(s) dict_keys(['example_short_circuit_decorator']) retrieved from /usr/local/python/3.10.7/lib/python3.10/site-packages/airflow/example_dags/example_short_circuit_decorator.py
[2022-10-03T09:44:52.498+0000] {logging_mixin.py:117} INFO - [2022-10-03T09:44:52.498+0000] {dag.py:2573} INFO - Sync 1 DAGs
[2022-10-03T09:44:52.515+0000] {logging_mixin.py:117} INFO - [2022-10-03T09:44:52.515+0000] {dag.py:3324} INFO - Setting next_dagrun for example_short_circuit_decorator to 2022-10-02T09:44:52.515248+00:00, run_after=2022-10-03T09:44:52.515248+00:00
[2022-10-03T09:44:52.561+0000] {processor.py:178} INFO - Processing /usr/local/python/3.10.7/lib/python3.10/site-packages/airflow/example_dags/example_short_circuit_decorator.py took 0.115 seconds
[2022-10-03T09:45:30.679+0000] {processor.py:156} INFO - Started process (PID=25231) to work on /usr/local/python/3.10.7/lib/python3.10/site-packages/airflow/example_dags/example_short_circuit_decorator.py
[2022-10-03T09:45:30.680+0000] {processor.py:758} INFO - Processing file /usr/local/python/3.10.7/lib/python3.10/site-packages/airflow/example_dags/example_short_circuit_decorator.py for tasks to queue
[2022-10-03T09:45:30.680+0000] {logging_mixin.py:117} INFO - [2022-10-03T09:45:30.680+0000] {dagbag.py:525} INFO - Filling up the DagBag from /usr/local/python/3.10.7/lib/python3.10/site-packages/airflow/example_dags/example_short_circuit_decorator.py
[2022-10-03T09:45:30.705+0000] {processor.py:768} INFO - DAG(s) dict_keys(['example_short_circuit_decorator']) retrieved from /usr/local/python/3.10.7/lib/python3.10/site-packages/airflow/example_dags/example_short_circuit_decorator.py
[2022-10-03T09:45:30.728+0000] {logging_mixin.py:117} INFO - [2022-10-03T09:45:30.728+0000] {dag.py:2573} INFO - Sync 1 DAGs
[2022-10-03T09:45:30.745+0000] {logging_mixin.py:117} INFO - [2022-10-03T09:45:30.745+0000] {dag.py:3324} INFO - Setting next_dagrun for example_short_circuit_decorator to 2022-10-02T09:45:30.745178+00:00, run_after=2022-10-03T09:45:30.745178+00:00
[2022-10-03T09:45:30.793+0000] {processor.py:178} INFO - Processing /usr/local/python/3.10.7/lib/python3.10/site-packages/airflow/example_dags/example_short_circuit_decorator.py took 0.117 seconds
[2022-10-03T09:46:05.845+0000] {processor.py:156} INFO - Started process (PID=25464) to work on /usr/local/python/3.10.7/lib/python3.10/site-packages/airflow/example_dags/example_short_circuit_decorator.py
[2022-10-03T09:46:05.846+0000] {processor.py:758} INFO - Processing file /usr/local/python/3.10.7/lib/python3.10/site-packages/airflow/example_dags/example_short_circuit_decorator.py for tasks to queue
[2022-10-03T09:46:05.847+0000] {logging_mixin.py:117} INFO - [2022-10-03T09:46:05.847+0000] {dagbag.py:525} INFO - Filling up the DagBag from /usr/local/python/3.10.7/lib/python3.10/site-packages/airflow/example_dags/example_short_circuit_decorator.py
[2022-10-03T09:46:05.871+0000] {processor.py:768} INFO - DAG(s) dict_keys(['example_short_circuit_decorator']) retrieved from /usr/local/python/3.10.7/lib/python3.10/site-packages/airflow/example_dags/example_short_circuit_decorator.py
[2022-10-03T09:46:05.895+0000] {logging_mixin.py:117} INFO - [2022-10-03T09:46:05.894+0000] {dag.py:2573} INFO - Sync 1 DAGs
[2022-10-03T09:46:05.912+0000] {logging_mixin.py:117} INFO - [2022-10-03T09:46:05.912+0000] {dag.py:3324} INFO - Setting next_dagrun for example_short_circuit_decorator to 2022-10-02T09:46:05.912257+00:00, run_after=2022-10-03T09:46:05.912257+00:00
[2022-10-03T09:46:05.958+0000] {processor.py:178} INFO - Processing /usr/local/python/3.10.7/lib/python3.10/site-packages/airflow/example_dags/example_short_circuit_decorator.py took 0.117 seconds
[2022-10-03T09:46:42.702+0000] {processor.py:156} INFO - Started process (PID=25721) to work on /usr/local/python/3.10.7/lib/python3.10/site-packages/airflow/example_dags/example_short_circuit_decorator.py
[2022-10-03T09:46:42.703+0000] {processor.py:758} INFO - Processing file /usr/local/python/3.10.7/lib/python3.10/site-packages/airflow/example_dags/example_short_circuit_decorator.py for tasks to queue
[2022-10-03T09:46:42.704+0000] {logging_mixin.py:117} INFO - [2022-10-03T09:46:42.704+0000] {dagbag.py:525} INFO - Filling up the DagBag from /usr/local/python/3.10.7/lib/python3.10/site-packages/airflow/example_dags/example_short_circuit_decorator.py
[2022-10-03T09:46:42.728+0000] {processor.py:768} INFO - DAG(s) dict_keys(['example_short_circuit_decorator']) retrieved from /usr/local/python/3.10.7/lib/python3.10/site-packages/airflow/example_dags/example_short_circuit_decorator.py
[2022-10-03T09:46:42.752+0000] {logging_mixin.py:117} INFO - [2022-10-03T09:46:42.752+0000] {dag.py:2573} INFO - Sync 1 DAGs
[2022-10-03T09:46:42.769+0000] {logging_mixin.py:117} INFO - [2022-10-03T09:46:42.769+0000] {dag.py:3324} INFO - Setting next_dagrun for example_short_circuit_decorator to 2022-10-02T09:46:42.768929+00:00, run_after=2022-10-03T09:46:42.768929+00:00
[2022-10-03T09:46:42.813+0000] {processor.py:178} INFO - Processing /usr/local/python/3.10.7/lib/python3.10/site-packages/airflow/example_dags/example_short_circuit_decorator.py took 0.114 seconds
[2022-10-03T09:47:17.455+0000] {processor.py:156} INFO - Started process (PID=26007) to work on /usr/local/python/3.10.7/lib/python3.10/site-packages/airflow/example_dags/example_short_circuit_decorator.py
[2022-10-03T09:47:17.456+0000] {processor.py:758} INFO - Processing file /usr/local/python/3.10.7/lib/python3.10/site-packages/airflow/example_dags/example_short_circuit_decorator.py for tasks to queue
[2022-10-03T09:47:17.456+0000] {logging_mixin.py:117} INFO - [2022-10-03T09:47:17.456+0000] {dagbag.py:525} INFO - Filling up the DagBag from /usr/local/python/3.10.7/lib/python3.10/site-packages/airflow/example_dags/example_short_circuit_decorator.py
[2022-10-03T09:47:17.480+0000] {processor.py:768} INFO - DAG(s) dict_keys(['example_short_circuit_decorator']) retrieved from /usr/local/python/3.10.7/lib/python3.10/site-packages/airflow/example_dags/example_short_circuit_decorator.py
[2022-10-03T09:47:17.504+0000] {logging_mixin.py:117} INFO - [2022-10-03T09:47:17.504+0000] {dag.py:2573} INFO - Sync 1 DAGs
[2022-10-03T09:47:17.521+0000] {logging_mixin.py:117} INFO - [2022-10-03T09:47:17.521+0000] {dag.py:3324} INFO - Setting next_dagrun for example_short_circuit_decorator to 2022-10-02T09:47:17.521500+00:00, run_after=2022-10-03T09:47:17.521500+00:00
[2022-10-03T09:47:17.566+0000] {processor.py:178} INFO - Processing /usr/local/python/3.10.7/lib/python3.10/site-packages/airflow/example_dags/example_short_circuit_decorator.py took 0.116 seconds
[2022-10-03T09:47:58.061+0000] {processor.py:156} INFO - Started process (PID=26285) to work on /usr/local/python/3.10.7/lib/python3.10/site-packages/airflow/example_dags/example_short_circuit_decorator.py
[2022-10-03T09:47:58.062+0000] {processor.py:758} INFO - Processing file /usr/local/python/3.10.7/lib/python3.10/site-packages/airflow/example_dags/example_short_circuit_decorator.py for tasks to queue
[2022-10-03T09:47:58.063+0000] {logging_mixin.py:117} INFO - [2022-10-03T09:47:58.063+0000] {dagbag.py:525} INFO - Filling up the DagBag from /usr/local/python/3.10.7/lib/python3.10/site-packages/airflow/example_dags/example_short_circuit_decorator.py
[2022-10-03T09:47:58.088+0000] {processor.py:768} INFO - DAG(s) dict_keys(['example_short_circuit_decorator']) retrieved from /usr/local/python/3.10.7/lib/python3.10/site-packages/airflow/example_dags/example_short_circuit_decorator.py
[2022-10-03T09:47:58.113+0000] {logging_mixin.py:117} INFO - [2022-10-03T09:47:58.113+0000] {dag.py:2573} INFO - Sync 1 DAGs
[2022-10-03T09:47:58.130+0000] {logging_mixin.py:117} INFO - [2022-10-03T09:47:58.130+0000] {dag.py:3324} INFO - Setting next_dagrun for example_short_circuit_decorator to 2022-10-02T09:47:58.130089+00:00, run_after=2022-10-03T09:47:58.130089+00:00
[2022-10-03T09:47:58.175+0000] {processor.py:178} INFO - Processing /usr/local/python/3.10.7/lib/python3.10/site-packages/airflow/example_dags/example_short_circuit_decorator.py took 0.117 seconds
