[2022-10-03T09:41:58.483+0000] {processor.py:156} INFO - Started process (PID=23524) to work on /usr/local/python/3.10.7/lib/python3.10/site-packages/airflow/example_dags/tutorial_dag.py
[2022-10-03T09:41:58.483+0000] {processor.py:758} INFO - Processing file /usr/local/python/3.10.7/lib/python3.10/site-packages/airflow/example_dags/tutorial_dag.py for tasks to queue
[2022-10-03T09:41:58.484+0000] {logging_mixin.py:117} INFO - [2022-10-03T09:41:58.484+0000] {dagbag.py:525} INFO - Filling up the DagBag from /usr/local/python/3.10.7/lib/python3.10/site-packages/airflow/example_dags/tutorial_dag.py
[2022-10-03T09:41:58.500+0000] {processor.py:768} INFO - DAG(s) dict_keys(['tutorial_dag']) retrieved from /usr/local/python/3.10.7/lib/python3.10/site-packages/airflow/example_dags/tutorial_dag.py
[2022-10-03T09:41:58.651+0000] {logging_mixin.py:117} INFO - [2022-10-03T09:41:58.650+0000] {manager.py:507} INFO - Created Permission View: can edit on DAG:tutorial_dag
[2022-10-03T09:41:58.685+0000] {logging_mixin.py:117} INFO - [2022-10-03T09:41:58.685+0000] {manager.py:507} INFO - Created Permission View: can delete on DAG:tutorial_dag
[2022-10-03T09:41:58.718+0000] {logging_mixin.py:117} INFO - [2022-10-03T09:41:58.718+0000] {manager.py:507} INFO - Created Permission View: can read on DAG:tutorial_dag
[2022-10-03T09:41:58.718+0000] {logging_mixin.py:117} INFO - [2022-10-03T09:41:58.718+0000] {dag.py:2573} INFO - Sync 1 DAGs
[2022-10-03T09:41:58.727+0000] {logging_mixin.py:117} INFO - [2022-10-03T09:41:58.727+0000] {dag.py:2594} INFO - Creating ORM DAG for tutorial_dag
[2022-10-03T09:41:58.734+0000] {logging_mixin.py:117} INFO - [2022-10-03T09:41:58.734+0000] {dag.py:3324} INFO - Setting next_dagrun for tutorial_dag to None, run_after=None
[2022-10-03T09:41:58.786+0000] {processor.py:178} INFO - Processing /usr/local/python/3.10.7/lib/python3.10/site-packages/airflow/example_dags/tutorial_dag.py took 0.307 seconds
[2022-10-03T09:42:44.417+0000] {processor.py:156} INFO - Started process (PID=23952) to work on /usr/local/python/3.10.7/lib/python3.10/site-packages/airflow/example_dags/tutorial_dag.py
[2022-10-03T09:42:44.418+0000] {processor.py:758} INFO - Processing file /usr/local/python/3.10.7/lib/python3.10/site-packages/airflow/example_dags/tutorial_dag.py for tasks to queue
[2022-10-03T09:42:44.419+0000] {logging_mixin.py:117} INFO - [2022-10-03T09:42:44.419+0000] {dagbag.py:525} INFO - Filling up the DagBag from /usr/local/python/3.10.7/lib/python3.10/site-packages/airflow/example_dags/tutorial_dag.py
[2022-10-03T09:42:44.433+0000] {processor.py:768} INFO - DAG(s) dict_keys(['tutorial_dag']) retrieved from /usr/local/python/3.10.7/lib/python3.10/site-packages/airflow/example_dags/tutorial_dag.py
[2022-10-03T09:42:44.457+0000] {logging_mixin.py:117} INFO - [2022-10-03T09:42:44.457+0000] {dag.py:2573} INFO - Sync 1 DAGs
[2022-10-03T09:42:44.473+0000] {logging_mixin.py:117} INFO - [2022-10-03T09:42:44.473+0000] {dag.py:3324} INFO - Setting next_dagrun for tutorial_dag to None, run_after=None
[2022-10-03T09:42:44.521+0000] {processor.py:178} INFO - Processing /usr/local/python/3.10.7/lib/python3.10/site-packages/airflow/example_dags/tutorial_dag.py took 0.106 seconds
[2022-10-03T09:43:16.958+0000] {processor.py:156} INFO - Started process (PID=24187) to work on /usr/local/python/3.10.7/lib/python3.10/site-packages/airflow/example_dags/tutorial_dag.py
[2022-10-03T09:43:16.959+0000] {processor.py:758} INFO - Processing file /usr/local/python/3.10.7/lib/python3.10/site-packages/airflow/example_dags/tutorial_dag.py for tasks to queue
[2022-10-03T09:43:16.960+0000] {logging_mixin.py:117} INFO - [2022-10-03T09:43:16.960+0000] {dagbag.py:525} INFO - Filling up the DagBag from /usr/local/python/3.10.7/lib/python3.10/site-packages/airflow/example_dags/tutorial_dag.py
[2022-10-03T09:43:16.974+0000] {processor.py:768} INFO - DAG(s) dict_keys(['tutorial_dag']) retrieved from /usr/local/python/3.10.7/lib/python3.10/site-packages/airflow/example_dags/tutorial_dag.py
[2022-10-03T09:43:16.999+0000] {logging_mixin.py:117} INFO - [2022-10-03T09:43:16.999+0000] {dag.py:2573} INFO - Sync 1 DAGs
[2022-10-03T09:43:17.016+0000] {logging_mixin.py:117} INFO - [2022-10-03T09:43:17.016+0000] {dag.py:3324} INFO - Setting next_dagrun for tutorial_dag to None, run_after=None
[2022-10-03T09:43:17.060+0000] {processor.py:178} INFO - Processing /usr/local/python/3.10.7/lib/python3.10/site-packages/airflow/example_dags/tutorial_dag.py took 0.105 seconds
[2022-10-03T09:43:49.288+0000] {processor.py:156} INFO - Started process (PID=24396) to work on /usr/local/python/3.10.7/lib/python3.10/site-packages/airflow/example_dags/tutorial_dag.py
[2022-10-03T09:43:49.289+0000] {processor.py:758} INFO - Processing file /usr/local/python/3.10.7/lib/python3.10/site-packages/airflow/example_dags/tutorial_dag.py for tasks to queue
[2022-10-03T09:43:49.290+0000] {logging_mixin.py:117} INFO - [2022-10-03T09:43:49.290+0000] {dagbag.py:525} INFO - Filling up the DagBag from /usr/local/python/3.10.7/lib/python3.10/site-packages/airflow/example_dags/tutorial_dag.py
[2022-10-03T09:43:49.305+0000] {processor.py:768} INFO - DAG(s) dict_keys(['tutorial_dag']) retrieved from /usr/local/python/3.10.7/lib/python3.10/site-packages/airflow/example_dags/tutorial_dag.py
[2022-10-03T09:43:49.330+0000] {logging_mixin.py:117} INFO - [2022-10-03T09:43:49.330+0000] {dag.py:2573} INFO - Sync 1 DAGs
[2022-10-03T09:43:49.348+0000] {logging_mixin.py:117} INFO - [2022-10-03T09:43:49.348+0000] {dag.py:3324} INFO - Setting next_dagrun for tutorial_dag to None, run_after=None
[2022-10-03T09:43:49.394+0000] {processor.py:178} INFO - Processing /usr/local/python/3.10.7/lib/python3.10/site-packages/airflow/example_dags/tutorial_dag.py took 0.109 seconds
[2022-10-03T09:44:24.028+0000] {processor.py:156} INFO - Started process (PID=24623) to work on /usr/local/python/3.10.7/lib/python3.10/site-packages/airflow/example_dags/tutorial_dag.py
[2022-10-03T09:44:24.029+0000] {processor.py:758} INFO - Processing file /usr/local/python/3.10.7/lib/python3.10/site-packages/airflow/example_dags/tutorial_dag.py for tasks to queue
[2022-10-03T09:44:24.030+0000] {logging_mixin.py:117} INFO - [2022-10-03T09:44:24.030+0000] {dagbag.py:525} INFO - Filling up the DagBag from /usr/local/python/3.10.7/lib/python3.10/site-packages/airflow/example_dags/tutorial_dag.py
[2022-10-03T09:44:24.045+0000] {processor.py:768} INFO - DAG(s) dict_keys(['tutorial_dag']) retrieved from /usr/local/python/3.10.7/lib/python3.10/site-packages/airflow/example_dags/tutorial_dag.py
[2022-10-03T09:44:24.068+0000] {logging_mixin.py:117} INFO - [2022-10-03T09:44:24.068+0000] {dag.py:2573} INFO - Sync 1 DAGs
[2022-10-03T09:44:24.084+0000] {logging_mixin.py:117} INFO - [2022-10-03T09:44:24.084+0000] {dag.py:3324} INFO - Setting next_dagrun for tutorial_dag to None, run_after=None
[2022-10-03T09:44:24.130+0000] {processor.py:178} INFO - Processing /usr/local/python/3.10.7/lib/python3.10/site-packages/airflow/example_dags/tutorial_dag.py took 0.105 seconds
[2022-10-03T09:44:57.720+0000] {processor.py:156} INFO - Started process (PID=24977) to work on /usr/local/python/3.10.7/lib/python3.10/site-packages/airflow/example_dags/tutorial_dag.py
[2022-10-03T09:44:57.721+0000] {processor.py:758} INFO - Processing file /usr/local/python/3.10.7/lib/python3.10/site-packages/airflow/example_dags/tutorial_dag.py for tasks to queue
[2022-10-03T09:44:57.721+0000] {logging_mixin.py:117} INFO - [2022-10-03T09:44:57.721+0000] {dagbag.py:525} INFO - Filling up the DagBag from /usr/local/python/3.10.7/lib/python3.10/site-packages/airflow/example_dags/tutorial_dag.py
[2022-10-03T09:44:57.737+0000] {processor.py:768} INFO - DAG(s) dict_keys(['tutorial_dag']) retrieved from /usr/local/python/3.10.7/lib/python3.10/site-packages/airflow/example_dags/tutorial_dag.py
[2022-10-03T09:44:57.759+0000] {logging_mixin.py:117} INFO - [2022-10-03T09:44:57.759+0000] {dag.py:2573} INFO - Sync 1 DAGs
[2022-10-03T09:44:57.775+0000] {logging_mixin.py:117} INFO - [2022-10-03T09:44:57.775+0000] {dag.py:3324} INFO - Setting next_dagrun for tutorial_dag to None, run_after=None
[2022-10-03T09:44:57.823+0000] {processor.py:178} INFO - Processing /usr/local/python/3.10.7/lib/python3.10/site-packages/airflow/example_dags/tutorial_dag.py took 0.106 seconds
[2022-10-03T09:45:29.125+0000] {processor.py:156} INFO - Started process (PID=25205) to work on /usr/local/python/3.10.7/lib/python3.10/site-packages/airflow/example_dags/tutorial_dag.py
[2022-10-03T09:45:29.126+0000] {processor.py:758} INFO - Processing file /usr/local/python/3.10.7/lib/python3.10/site-packages/airflow/example_dags/tutorial_dag.py for tasks to queue
[2022-10-03T09:45:29.126+0000] {logging_mixin.py:117} INFO - [2022-10-03T09:45:29.126+0000] {dagbag.py:525} INFO - Filling up the DagBag from /usr/local/python/3.10.7/lib/python3.10/site-packages/airflow/example_dags/tutorial_dag.py
[2022-10-03T09:45:29.141+0000] {processor.py:768} INFO - DAG(s) dict_keys(['tutorial_dag']) retrieved from /usr/local/python/3.10.7/lib/python3.10/site-packages/airflow/example_dags/tutorial_dag.py
[2022-10-03T09:45:29.164+0000] {logging_mixin.py:117} INFO - [2022-10-03T09:45:29.164+0000] {dag.py:2573} INFO - Sync 1 DAGs
[2022-10-03T09:45:29.181+0000] {logging_mixin.py:117} INFO - [2022-10-03T09:45:29.181+0000] {dag.py:3324} INFO - Setting next_dagrun for tutorial_dag to None, run_after=None
[2022-10-03T09:45:29.226+0000] {processor.py:178} INFO - Processing /usr/local/python/3.10.7/lib/python3.10/site-packages/airflow/example_dags/tutorial_dag.py took 0.105 seconds
[2022-10-03T09:46:04.098+0000] {processor.py:156} INFO - Started process (PID=25456) to work on /usr/local/python/3.10.7/lib/python3.10/site-packages/airflow/example_dags/tutorial_dag.py
[2022-10-03T09:46:04.099+0000] {processor.py:758} INFO - Processing file /usr/local/python/3.10.7/lib/python3.10/site-packages/airflow/example_dags/tutorial_dag.py for tasks to queue
[2022-10-03T09:46:04.099+0000] {logging_mixin.py:117} INFO - [2022-10-03T09:46:04.099+0000] {dagbag.py:525} INFO - Filling up the DagBag from /usr/local/python/3.10.7/lib/python3.10/site-packages/airflow/example_dags/tutorial_dag.py
[2022-10-03T09:46:04.114+0000] {processor.py:768} INFO - DAG(s) dict_keys(['tutorial_dag']) retrieved from /usr/local/python/3.10.7/lib/python3.10/site-packages/airflow/example_dags/tutorial_dag.py
[2022-10-03T09:46:04.138+0000] {logging_mixin.py:117} INFO - [2022-10-03T09:46:04.138+0000] {dag.py:2573} INFO - Sync 1 DAGs
[2022-10-03T09:46:04.156+0000] {logging_mixin.py:117} INFO - [2022-10-03T09:46:04.156+0000] {dag.py:3324} INFO - Setting next_dagrun for tutorial_dag to None, run_after=None
[2022-10-03T09:46:04.202+0000] {processor.py:178} INFO - Processing /usr/local/python/3.10.7/lib/python3.10/site-packages/airflow/example_dags/tutorial_dag.py took 0.108 seconds
[2022-10-03T09:46:40.226+0000] {processor.py:156} INFO - Started process (PID=25689) to work on /usr/local/python/3.10.7/lib/python3.10/site-packages/airflow/example_dags/tutorial_dag.py
[2022-10-03T09:46:40.226+0000] {processor.py:758} INFO - Processing file /usr/local/python/3.10.7/lib/python3.10/site-packages/airflow/example_dags/tutorial_dag.py for tasks to queue
[2022-10-03T09:46:40.227+0000] {logging_mixin.py:117} INFO - [2022-10-03T09:46:40.227+0000] {dagbag.py:525} INFO - Filling up the DagBag from /usr/local/python/3.10.7/lib/python3.10/site-packages/airflow/example_dags/tutorial_dag.py
[2022-10-03T09:46:40.241+0000] {processor.py:768} INFO - DAG(s) dict_keys(['tutorial_dag']) retrieved from /usr/local/python/3.10.7/lib/python3.10/site-packages/airflow/example_dags/tutorial_dag.py
[2022-10-03T09:46:40.265+0000] {logging_mixin.py:117} INFO - [2022-10-03T09:46:40.265+0000] {dag.py:2573} INFO - Sync 1 DAGs
[2022-10-03T09:46:40.283+0000] {logging_mixin.py:117} INFO - [2022-10-03T09:46:40.283+0000] {dag.py:3324} INFO - Setting next_dagrun for tutorial_dag to None, run_after=None
[2022-10-03T09:46:40.330+0000] {processor.py:178} INFO - Processing /usr/local/python/3.10.7/lib/python3.10/site-packages/airflow/example_dags/tutorial_dag.py took 0.107 seconds
[2022-10-03T09:47:15.709+0000] {processor.py:156} INFO - Started process (PID=25993) to work on /usr/local/python/3.10.7/lib/python3.10/site-packages/airflow/example_dags/tutorial_dag.py
[2022-10-03T09:47:15.710+0000] {processor.py:758} INFO - Processing file /usr/local/python/3.10.7/lib/python3.10/site-packages/airflow/example_dags/tutorial_dag.py for tasks to queue
[2022-10-03T09:47:15.711+0000] {logging_mixin.py:117} INFO - [2022-10-03T09:47:15.710+0000] {dagbag.py:525} INFO - Filling up the DagBag from /usr/local/python/3.10.7/lib/python3.10/site-packages/airflow/example_dags/tutorial_dag.py
[2022-10-03T09:47:15.726+0000] {processor.py:768} INFO - DAG(s) dict_keys(['tutorial_dag']) retrieved from /usr/local/python/3.10.7/lib/python3.10/site-packages/airflow/example_dags/tutorial_dag.py
[2022-10-03T09:47:15.751+0000] {logging_mixin.py:117} INFO - [2022-10-03T09:47:15.750+0000] {dag.py:2573} INFO - Sync 1 DAGs
[2022-10-03T09:47:15.806+0000] {logging_mixin.py:117} INFO - [2022-10-03T09:47:15.806+0000] {dag.py:3324} INFO - Setting next_dagrun for tutorial_dag to None, run_after=None
[2022-10-03T09:47:15.853+0000] {processor.py:178} INFO - Processing /usr/local/python/3.10.7/lib/python3.10/site-packages/airflow/example_dags/tutorial_dag.py took 0.148 seconds
[2022-10-03T09:47:54.024+0000] {processor.py:156} INFO - Started process (PID=26263) to work on /usr/local/python/3.10.7/lib/python3.10/site-packages/airflow/example_dags/tutorial_dag.py
[2022-10-03T09:47:54.025+0000] {processor.py:758} INFO - Processing file /usr/local/python/3.10.7/lib/python3.10/site-packages/airflow/example_dags/tutorial_dag.py for tasks to queue
[2022-10-03T09:47:54.026+0000] {logging_mixin.py:117} INFO - [2022-10-03T09:47:54.025+0000] {dagbag.py:525} INFO - Filling up the DagBag from /usr/local/python/3.10.7/lib/python3.10/site-packages/airflow/example_dags/tutorial_dag.py
[2022-10-03T09:47:54.040+0000] {processor.py:768} INFO - DAG(s) dict_keys(['tutorial_dag']) retrieved from /usr/local/python/3.10.7/lib/python3.10/site-packages/airflow/example_dags/tutorial_dag.py
[2022-10-03T09:47:54.065+0000] {logging_mixin.py:117} INFO - [2022-10-03T09:47:54.065+0000] {dag.py:2573} INFO - Sync 1 DAGs
[2022-10-03T09:47:54.082+0000] {logging_mixin.py:117} INFO - [2022-10-03T09:47:54.081+0000] {dag.py:3324} INFO - Setting next_dagrun for tutorial_dag to None, run_after=None
[2022-10-03T09:47:54.126+0000] {processor.py:178} INFO - Processing /usr/local/python/3.10.7/lib/python3.10/site-packages/airflow/example_dags/tutorial_dag.py took 0.105 seconds
