[2022-10-03T09:42:02.935+0000] {processor.py:156} INFO - Started process (PID=23600) to work on /usr/local/python/3.10.7/lib/python3.10/site-packages/airflow/example_dags/tutorial_taskflow_api.py
[2022-10-03T09:42:02.936+0000] {processor.py:758} INFO - Processing file /usr/local/python/3.10.7/lib/python3.10/site-packages/airflow/example_dags/tutorial_taskflow_api.py for tasks to queue
[2022-10-03T09:42:02.937+0000] {logging_mixin.py:117} INFO - [2022-10-03T09:42:02.937+0000] {dagbag.py:525} INFO - Filling up the DagBag from /usr/local/python/3.10.7/lib/python3.10/site-packages/airflow/example_dags/tutorial_taskflow_api.py
[2022-10-03T09:42:02.959+0000] {processor.py:768} INFO - DAG(s) dict_keys(['tutorial_taskflow_api']) retrieved from /usr/local/python/3.10.7/lib/python3.10/site-packages/airflow/example_dags/tutorial_taskflow_api.py
[2022-10-03T09:42:03.116+0000] {logging_mixin.py:117} INFO - [2022-10-03T09:42:03.116+0000] {manager.py:507} INFO - Created Permission View: can edit on DAG:tutorial_taskflow_api
[2022-10-03T09:42:03.157+0000] {logging_mixin.py:117} INFO - [2022-10-03T09:42:03.157+0000] {manager.py:507} INFO - Created Permission View: can delete on DAG:tutorial_taskflow_api
[2022-10-03T09:42:03.200+0000] {logging_mixin.py:117} INFO - [2022-10-03T09:42:03.200+0000] {manager.py:507} INFO - Created Permission View: can read on DAG:tutorial_taskflow_api
[2022-10-03T09:42:03.201+0000] {logging_mixin.py:117} INFO - [2022-10-03T09:42:03.201+0000] {dag.py:2573} INFO - Sync 1 DAGs
[2022-10-03T09:42:03.210+0000] {logging_mixin.py:117} INFO - [2022-10-03T09:42:03.210+0000] {dag.py:2594} INFO - Creating ORM DAG for tutorial_taskflow_api
[2022-10-03T09:42:03.217+0000] {logging_mixin.py:117} INFO - [2022-10-03T09:42:03.217+0000] {dag.py:3324} INFO - Setting next_dagrun for tutorial_taskflow_api to None, run_after=None
[2022-10-03T09:42:03.273+0000] {processor.py:178} INFO - Processing /usr/local/python/3.10.7/lib/python3.10/site-packages/airflow/example_dags/tutorial_taskflow_api.py took 0.340 seconds
[2022-10-03T09:42:47.753+0000] {processor.py:156} INFO - Started process (PID=23979) to work on /usr/local/python/3.10.7/lib/python3.10/site-packages/airflow/example_dags/tutorial_taskflow_api.py
[2022-10-03T09:42:47.754+0000] {processor.py:758} INFO - Processing file /usr/local/python/3.10.7/lib/python3.10/site-packages/airflow/example_dags/tutorial_taskflow_api.py for tasks to queue
[2022-10-03T09:42:47.755+0000] {logging_mixin.py:117} INFO - [2022-10-03T09:42:47.755+0000] {dagbag.py:525} INFO - Filling up the DagBag from /usr/local/python/3.10.7/lib/python3.10/site-packages/airflow/example_dags/tutorial_taskflow_api.py
[2022-10-03T09:42:47.777+0000] {processor.py:768} INFO - DAG(s) dict_keys(['tutorial_taskflow_api']) retrieved from /usr/local/python/3.10.7/lib/python3.10/site-packages/airflow/example_dags/tutorial_taskflow_api.py
[2022-10-03T09:42:47.799+0000] {logging_mixin.py:117} INFO - [2022-10-03T09:42:47.799+0000] {dag.py:2573} INFO - Sync 1 DAGs
[2022-10-03T09:42:47.815+0000] {logging_mixin.py:117} INFO - [2022-10-03T09:42:47.815+0000] {dag.py:3324} INFO - Setting next_dagrun for tutorial_taskflow_api to None, run_after=None
[2022-10-03T09:42:47.862+0000] {processor.py:178} INFO - Processing /usr/local/python/3.10.7/lib/python3.10/site-packages/airflow/example_dags/tutorial_taskflow_api.py took 0.112 seconds
[2022-10-03T09:43:24.473+0000] {processor.py:156} INFO - Started process (PID=24218) to work on /usr/local/python/3.10.7/lib/python3.10/site-packages/airflow/example_dags/tutorial_taskflow_api.py
[2022-10-03T09:43:24.474+0000] {processor.py:758} INFO - Processing file /usr/local/python/3.10.7/lib/python3.10/site-packages/airflow/example_dags/tutorial_taskflow_api.py for tasks to queue
[2022-10-03T09:43:24.474+0000] {logging_mixin.py:117} INFO - [2022-10-03T09:43:24.474+0000] {dagbag.py:525} INFO - Filling up the DagBag from /usr/local/python/3.10.7/lib/python3.10/site-packages/airflow/example_dags/tutorial_taskflow_api.py
[2022-10-03T09:43:24.498+0000] {processor.py:768} INFO - DAG(s) dict_keys(['tutorial_taskflow_api']) retrieved from /usr/local/python/3.10.7/lib/python3.10/site-packages/airflow/example_dags/tutorial_taskflow_api.py
[2022-10-03T09:43:24.520+0000] {logging_mixin.py:117} INFO - [2022-10-03T09:43:24.520+0000] {dag.py:2573} INFO - Sync 1 DAGs
[2022-10-03T09:43:24.537+0000] {logging_mixin.py:117} INFO - [2022-10-03T09:43:24.537+0000] {dag.py:3324} INFO - Setting next_dagrun for tutorial_taskflow_api to None, run_after=None
[2022-10-03T09:43:24.581+0000] {processor.py:178} INFO - Processing /usr/local/python/3.10.7/lib/python3.10/site-packages/airflow/example_dags/tutorial_taskflow_api.py took 0.112 seconds
[2022-10-03T09:43:59.010+0000] {processor.py:156} INFO - Started process (PID=24465) to work on /usr/local/python/3.10.7/lib/python3.10/site-packages/airflow/example_dags/tutorial_taskflow_api.py
[2022-10-03T09:43:59.011+0000] {processor.py:758} INFO - Processing file /usr/local/python/3.10.7/lib/python3.10/site-packages/airflow/example_dags/tutorial_taskflow_api.py for tasks to queue
[2022-10-03T09:43:59.012+0000] {logging_mixin.py:117} INFO - [2022-10-03T09:43:59.012+0000] {dagbag.py:525} INFO - Filling up the DagBag from /usr/local/python/3.10.7/lib/python3.10/site-packages/airflow/example_dags/tutorial_taskflow_api.py
[2022-10-03T09:43:59.035+0000] {processor.py:768} INFO - DAG(s) dict_keys(['tutorial_taskflow_api']) retrieved from /usr/local/python/3.10.7/lib/python3.10/site-packages/airflow/example_dags/tutorial_taskflow_api.py
[2022-10-03T09:43:59.057+0000] {logging_mixin.py:117} INFO - [2022-10-03T09:43:59.057+0000] {dag.py:2573} INFO - Sync 1 DAGs
[2022-10-03T09:43:59.074+0000] {logging_mixin.py:117} INFO - [2022-10-03T09:43:59.074+0000] {dag.py:3324} INFO - Setting next_dagrun for tutorial_taskflow_api to None, run_after=None
[2022-10-03T09:43:59.121+0000] {processor.py:178} INFO - Processing /usr/local/python/3.10.7/lib/python3.10/site-packages/airflow/example_dags/tutorial_taskflow_api.py took 0.115 seconds
[2022-10-03T09:44:33.014+0000] {processor.py:156} INFO - Started process (PID=24690) to work on /usr/local/python/3.10.7/lib/python3.10/site-packages/airflow/example_dags/tutorial_taskflow_api.py
[2022-10-03T09:44:33.015+0000] {processor.py:758} INFO - Processing file /usr/local/python/3.10.7/lib/python3.10/site-packages/airflow/example_dags/tutorial_taskflow_api.py for tasks to queue
[2022-10-03T09:44:33.016+0000] {logging_mixin.py:117} INFO - [2022-10-03T09:44:33.016+0000] {dagbag.py:525} INFO - Filling up the DagBag from /usr/local/python/3.10.7/lib/python3.10/site-packages/airflow/example_dags/tutorial_taskflow_api.py
[2022-10-03T09:44:33.039+0000] {processor.py:768} INFO - DAG(s) dict_keys(['tutorial_taskflow_api']) retrieved from /usr/local/python/3.10.7/lib/python3.10/site-packages/airflow/example_dags/tutorial_taskflow_api.py
[2022-10-03T09:44:33.060+0000] {logging_mixin.py:117} INFO - [2022-10-03T09:44:33.060+0000] {dag.py:2573} INFO - Sync 1 DAGs
[2022-10-03T09:44:33.076+0000] {logging_mixin.py:117} INFO - [2022-10-03T09:44:33.076+0000] {dag.py:3324} INFO - Setting next_dagrun for tutorial_taskflow_api to None, run_after=None
[2022-10-03T09:44:33.121+0000] {processor.py:178} INFO - Processing /usr/local/python/3.10.7/lib/python3.10/site-packages/airflow/example_dags/tutorial_taskflow_api.py took 0.110 seconds
[2022-10-03T09:45:06.033+0000] {processor.py:156} INFO - Started process (PID=25052) to work on /usr/local/python/3.10.7/lib/python3.10/site-packages/airflow/example_dags/tutorial_taskflow_api.py
[2022-10-03T09:45:06.034+0000] {processor.py:758} INFO - Processing file /usr/local/python/3.10.7/lib/python3.10/site-packages/airflow/example_dags/tutorial_taskflow_api.py for tasks to queue
[2022-10-03T09:45:06.035+0000] {logging_mixin.py:117} INFO - [2022-10-03T09:45:06.035+0000] {dagbag.py:525} INFO - Filling up the DagBag from /usr/local/python/3.10.7/lib/python3.10/site-packages/airflow/example_dags/tutorial_taskflow_api.py
[2022-10-03T09:45:06.058+0000] {processor.py:768} INFO - DAG(s) dict_keys(['tutorial_taskflow_api']) retrieved from /usr/local/python/3.10.7/lib/python3.10/site-packages/airflow/example_dags/tutorial_taskflow_api.py
[2022-10-03T09:45:06.080+0000] {logging_mixin.py:117} INFO - [2022-10-03T09:45:06.080+0000] {dag.py:2573} INFO - Sync 1 DAGs
[2022-10-03T09:45:06.097+0000] {logging_mixin.py:117} INFO - [2022-10-03T09:45:06.097+0000] {dag.py:3324} INFO - Setting next_dagrun for tutorial_taskflow_api to None, run_after=None
[2022-10-03T09:45:06.144+0000] {processor.py:178} INFO - Processing /usr/local/python/3.10.7/lib/python3.10/site-packages/airflow/example_dags/tutorial_taskflow_api.py took 0.114 seconds
[2022-10-03T09:45:43.705+0000] {processor.py:156} INFO - Started process (PID=25316) to work on /usr/local/python/3.10.7/lib/python3.10/site-packages/airflow/example_dags/tutorial_taskflow_api.py
[2022-10-03T09:45:43.705+0000] {processor.py:758} INFO - Processing file /usr/local/python/3.10.7/lib/python3.10/site-packages/airflow/example_dags/tutorial_taskflow_api.py for tasks to queue
[2022-10-03T09:45:43.706+0000] {logging_mixin.py:117} INFO - [2022-10-03T09:45:43.706+0000] {dagbag.py:525} INFO - Filling up the DagBag from /usr/local/python/3.10.7/lib/python3.10/site-packages/airflow/example_dags/tutorial_taskflow_api.py
[2022-10-03T09:45:43.729+0000] {processor.py:768} INFO - DAG(s) dict_keys(['tutorial_taskflow_api']) retrieved from /usr/local/python/3.10.7/lib/python3.10/site-packages/airflow/example_dags/tutorial_taskflow_api.py
[2022-10-03T09:45:43.751+0000] {logging_mixin.py:117} INFO - [2022-10-03T09:45:43.751+0000] {dag.py:2573} INFO - Sync 1 DAGs
[2022-10-03T09:45:43.769+0000] {logging_mixin.py:117} INFO - [2022-10-03T09:45:43.769+0000] {dag.py:3324} INFO - Setting next_dagrun for tutorial_taskflow_api to None, run_after=None
[2022-10-03T09:45:43.819+0000] {processor.py:178} INFO - Processing /usr/local/python/3.10.7/lib/python3.10/site-packages/airflow/example_dags/tutorial_taskflow_api.py took 0.118 seconds
[2022-10-03T09:46:19.218+0000] {processor.py:156} INFO - Started process (PID=25549) to work on /usr/local/python/3.10.7/lib/python3.10/site-packages/airflow/example_dags/tutorial_taskflow_api.py
[2022-10-03T09:46:19.219+0000] {processor.py:758} INFO - Processing file /usr/local/python/3.10.7/lib/python3.10/site-packages/airflow/example_dags/tutorial_taskflow_api.py for tasks to queue
[2022-10-03T09:46:19.220+0000] {logging_mixin.py:117} INFO - [2022-10-03T09:46:19.220+0000] {dagbag.py:525} INFO - Filling up the DagBag from /usr/local/python/3.10.7/lib/python3.10/site-packages/airflow/example_dags/tutorial_taskflow_api.py
[2022-10-03T09:46:19.243+0000] {processor.py:768} INFO - DAG(s) dict_keys(['tutorial_taskflow_api']) retrieved from /usr/local/python/3.10.7/lib/python3.10/site-packages/airflow/example_dags/tutorial_taskflow_api.py
[2022-10-03T09:46:19.265+0000] {logging_mixin.py:117} INFO - [2022-10-03T09:46:19.265+0000] {dag.py:2573} INFO - Sync 1 DAGs
[2022-10-03T09:46:19.283+0000] {logging_mixin.py:117} INFO - [2022-10-03T09:46:19.283+0000] {dag.py:3324} INFO - Setting next_dagrun for tutorial_taskflow_api to None, run_after=None
[2022-10-03T09:46:19.329+0000] {processor.py:178} INFO - Processing /usr/local/python/3.10.7/lib/python3.10/site-packages/airflow/example_dags/tutorial_taskflow_api.py took 0.113 seconds
[2022-10-03T09:46:56.976+0000] {processor.py:156} INFO - Started process (PID=25814) to work on /usr/local/python/3.10.7/lib/python3.10/site-packages/airflow/example_dags/tutorial_taskflow_api.py
[2022-10-03T09:46:56.976+0000] {processor.py:758} INFO - Processing file /usr/local/python/3.10.7/lib/python3.10/site-packages/airflow/example_dags/tutorial_taskflow_api.py for tasks to queue
[2022-10-03T09:46:56.977+0000] {logging_mixin.py:117} INFO - [2022-10-03T09:46:56.977+0000] {dagbag.py:525} INFO - Filling up the DagBag from /usr/local/python/3.10.7/lib/python3.10/site-packages/airflow/example_dags/tutorial_taskflow_api.py
[2022-10-03T09:46:57.000+0000] {processor.py:768} INFO - DAG(s) dict_keys(['tutorial_taskflow_api']) retrieved from /usr/local/python/3.10.7/lib/python3.10/site-packages/airflow/example_dags/tutorial_taskflow_api.py
[2022-10-03T09:46:57.024+0000] {logging_mixin.py:117} INFO - [2022-10-03T09:46:57.024+0000] {dag.py:2573} INFO - Sync 1 DAGs
[2022-10-03T09:46:57.041+0000] {logging_mixin.py:117} INFO - [2022-10-03T09:46:57.041+0000] {dag.py:3324} INFO - Setting next_dagrun for tutorial_taskflow_api to None, run_after=None
[2022-10-03T09:46:57.101+0000] {processor.py:178} INFO - Processing /usr/local/python/3.10.7/lib/python3.10/site-packages/airflow/example_dags/tutorial_taskflow_api.py took 0.129 seconds
[2022-10-03T09:47:28.832+0000] {processor.py:156} INFO - Started process (PID=26083) to work on /usr/local/python/3.10.7/lib/python3.10/site-packages/airflow/example_dags/tutorial_taskflow_api.py
[2022-10-03T09:47:28.833+0000] {processor.py:758} INFO - Processing file /usr/local/python/3.10.7/lib/python3.10/site-packages/airflow/example_dags/tutorial_taskflow_api.py for tasks to queue
[2022-10-03T09:47:28.834+0000] {logging_mixin.py:117} INFO - [2022-10-03T09:47:28.834+0000] {dagbag.py:525} INFO - Filling up the DagBag from /usr/local/python/3.10.7/lib/python3.10/site-packages/airflow/example_dags/tutorial_taskflow_api.py
[2022-10-03T09:47:28.857+0000] {processor.py:768} INFO - DAG(s) dict_keys(['tutorial_taskflow_api']) retrieved from /usr/local/python/3.10.7/lib/python3.10/site-packages/airflow/example_dags/tutorial_taskflow_api.py
[2022-10-03T09:47:28.880+0000] {logging_mixin.py:117} INFO - [2022-10-03T09:47:28.880+0000] {dag.py:2573} INFO - Sync 1 DAGs
[2022-10-03T09:47:28.897+0000] {logging_mixin.py:117} INFO - [2022-10-03T09:47:28.897+0000] {dag.py:3324} INFO - Setting next_dagrun for tutorial_taskflow_api to None, run_after=None
[2022-10-03T09:47:28.946+0000] {processor.py:178} INFO - Processing /usr/local/python/3.10.7/lib/python3.10/site-packages/airflow/example_dags/tutorial_taskflow_api.py took 0.117 seconds
[2022-10-03T09:48:02.055+0000] {processor.py:156} INFO - Started process (PID=26313) to work on /usr/local/python/3.10.7/lib/python3.10/site-packages/airflow/example_dags/tutorial_taskflow_api.py
[2022-10-03T09:48:02.056+0000] {processor.py:758} INFO - Processing file /usr/local/python/3.10.7/lib/python3.10/site-packages/airflow/example_dags/tutorial_taskflow_api.py for tasks to queue
[2022-10-03T09:48:02.057+0000] {logging_mixin.py:117} INFO - [2022-10-03T09:48:02.057+0000] {dagbag.py:525} INFO - Filling up the DagBag from /usr/local/python/3.10.7/lib/python3.10/site-packages/airflow/example_dags/tutorial_taskflow_api.py
[2022-10-03T09:48:02.081+0000] {processor.py:768} INFO - DAG(s) dict_keys(['tutorial_taskflow_api']) retrieved from /usr/local/python/3.10.7/lib/python3.10/site-packages/airflow/example_dags/tutorial_taskflow_api.py
[2022-10-03T09:48:02.105+0000] {logging_mixin.py:117} INFO - [2022-10-03T09:48:02.105+0000] {dag.py:2573} INFO - Sync 1 DAGs
[2022-10-03T09:48:02.122+0000] {logging_mixin.py:117} INFO - [2022-10-03T09:48:02.122+0000] {dag.py:3324} INFO - Setting next_dagrun for tutorial_taskflow_api to None, run_after=None
[2022-10-03T09:48:02.173+0000] {processor.py:178} INFO - Processing /usr/local/python/3.10.7/lib/python3.10/site-packages/airflow/example_dags/tutorial_taskflow_api.py took 0.120 seconds
