[2022-10-03T09:42:06.549+0000] {processor.py:156} INFO - Started process (PID=23648) to work on /usr/local/python/3.10.7/lib/python3.10/site-packages/airflow/example_dags/tutorial_taskflow_api_virtualenv.py
[2022-10-03T09:42:06.550+0000] {processor.py:758} INFO - Processing file /usr/local/python/3.10.7/lib/python3.10/site-packages/airflow/example_dags/tutorial_taskflow_api_virtualenv.py for tasks to queue
[2022-10-03T09:42:06.550+0000] {logging_mixin.py:117} INFO - [2022-10-03T09:42:06.550+0000] {dagbag.py:525} INFO - Filling up the DagBag from /usr/local/python/3.10.7/lib/python3.10/site-packages/airflow/example_dags/tutorial_taskflow_api_virtualenv.py
[2022-10-03T09:42:06.574+0000] {processor.py:768} INFO - DAG(s) dict_keys(['tutorial_taskflow_api_virtualenv']) retrieved from /usr/local/python/3.10.7/lib/python3.10/site-packages/airflow/example_dags/tutorial_taskflow_api_virtualenv.py
[2022-10-03T09:42:06.725+0000] {logging_mixin.py:117} INFO - [2022-10-03T09:42:06.725+0000] {manager.py:507} INFO - Created Permission View: can edit on DAG:tutorial_taskflow_api_virtualenv
[2022-10-03T09:42:06.762+0000] {logging_mixin.py:117} INFO - [2022-10-03T09:42:06.761+0000] {manager.py:507} INFO - Created Permission View: can delete on DAG:tutorial_taskflow_api_virtualenv
[2022-10-03T09:42:06.796+0000] {logging_mixin.py:117} INFO - [2022-10-03T09:42:06.796+0000] {manager.py:507} INFO - Created Permission View: can read on DAG:tutorial_taskflow_api_virtualenv
[2022-10-03T09:42:06.797+0000] {logging_mixin.py:117} INFO - [2022-10-03T09:42:06.796+0000] {dag.py:2573} INFO - Sync 1 DAGs
[2022-10-03T09:42:06.806+0000] {logging_mixin.py:117} INFO - [2022-10-03T09:42:06.805+0000] {dag.py:2594} INFO - Creating ORM DAG for tutorial_taskflow_api_virtualenv
[2022-10-03T09:42:06.813+0000] {logging_mixin.py:117} INFO - [2022-10-03T09:42:06.813+0000] {dag.py:3324} INFO - Setting next_dagrun for tutorial_taskflow_api_virtualenv to None, run_after=None
[2022-10-03T09:42:06.863+0000] {processor.py:178} INFO - Processing /usr/local/python/3.10.7/lib/python3.10/site-packages/airflow/example_dags/tutorial_taskflow_api_virtualenv.py took 0.317 seconds
[2022-10-03T09:42:50.628+0000] {processor.py:156} INFO - Started process (PID=24000) to work on /usr/local/python/3.10.7/lib/python3.10/site-packages/airflow/example_dags/tutorial_taskflow_api_virtualenv.py
[2022-10-03T09:42:50.629+0000] {processor.py:758} INFO - Processing file /usr/local/python/3.10.7/lib/python3.10/site-packages/airflow/example_dags/tutorial_taskflow_api_virtualenv.py for tasks to queue
[2022-10-03T09:42:50.629+0000] {logging_mixin.py:117} INFO - [2022-10-03T09:42:50.629+0000] {dagbag.py:525} INFO - Filling up the DagBag from /usr/local/python/3.10.7/lib/python3.10/site-packages/airflow/example_dags/tutorial_taskflow_api_virtualenv.py
[2022-10-03T09:42:50.653+0000] {processor.py:768} INFO - DAG(s) dict_keys(['tutorial_taskflow_api_virtualenv']) retrieved from /usr/local/python/3.10.7/lib/python3.10/site-packages/airflow/example_dags/tutorial_taskflow_api_virtualenv.py
[2022-10-03T09:42:50.676+0000] {logging_mixin.py:117} INFO - [2022-10-03T09:42:50.676+0000] {dag.py:2573} INFO - Sync 1 DAGs
[2022-10-03T09:42:50.692+0000] {logging_mixin.py:117} INFO - [2022-10-03T09:42:50.692+0000] {dag.py:3324} INFO - Setting next_dagrun for tutorial_taskflow_api_virtualenv to None, run_after=None
[2022-10-03T09:42:50.742+0000] {processor.py:178} INFO - Processing /usr/local/python/3.10.7/lib/python3.10/site-packages/airflow/example_dags/tutorial_taskflow_api_virtualenv.py took 0.117 seconds
[2022-10-03T09:43:28.184+0000] {processor.py:156} INFO - Started process (PID=24257) to work on /usr/local/python/3.10.7/lib/python3.10/site-packages/airflow/example_dags/tutorial_taskflow_api_virtualenv.py
[2022-10-03T09:43:28.185+0000] {processor.py:758} INFO - Processing file /usr/local/python/3.10.7/lib/python3.10/site-packages/airflow/example_dags/tutorial_taskflow_api_virtualenv.py for tasks to queue
[2022-10-03T09:43:28.186+0000] {logging_mixin.py:117} INFO - [2022-10-03T09:43:28.186+0000] {dagbag.py:525} INFO - Filling up the DagBag from /usr/local/python/3.10.7/lib/python3.10/site-packages/airflow/example_dags/tutorial_taskflow_api_virtualenv.py
[2022-10-03T09:43:28.210+0000] {processor.py:768} INFO - DAG(s) dict_keys(['tutorial_taskflow_api_virtualenv']) retrieved from /usr/local/python/3.10.7/lib/python3.10/site-packages/airflow/example_dags/tutorial_taskflow_api_virtualenv.py
[2022-10-03T09:43:28.231+0000] {logging_mixin.py:117} INFO - [2022-10-03T09:43:28.231+0000] {dag.py:2573} INFO - Sync 1 DAGs
[2022-10-03T09:43:28.247+0000] {logging_mixin.py:117} INFO - [2022-10-03T09:43:28.247+0000] {dag.py:3324} INFO - Setting next_dagrun for tutorial_taskflow_api_virtualenv to None, run_after=None
[2022-10-03T09:43:28.293+0000] {processor.py:178} INFO - Processing /usr/local/python/3.10.7/lib/python3.10/site-packages/airflow/example_dags/tutorial_taskflow_api_virtualenv.py took 0.112 seconds
[2022-10-03T09:44:06.363+0000] {processor.py:156} INFO - Started process (PID=24502) to work on /usr/local/python/3.10.7/lib/python3.10/site-packages/airflow/example_dags/tutorial_taskflow_api_virtualenv.py
[2022-10-03T09:44:06.364+0000] {processor.py:758} INFO - Processing file /usr/local/python/3.10.7/lib/python3.10/site-packages/airflow/example_dags/tutorial_taskflow_api_virtualenv.py for tasks to queue
[2022-10-03T09:44:06.365+0000] {logging_mixin.py:117} INFO - [2022-10-03T09:44:06.364+0000] {dagbag.py:525} INFO - Filling up the DagBag from /usr/local/python/3.10.7/lib/python3.10/site-packages/airflow/example_dags/tutorial_taskflow_api_virtualenv.py
[2022-10-03T09:44:06.389+0000] {processor.py:768} INFO - DAG(s) dict_keys(['tutorial_taskflow_api_virtualenv']) retrieved from /usr/local/python/3.10.7/lib/python3.10/site-packages/airflow/example_dags/tutorial_taskflow_api_virtualenv.py
[2022-10-03T09:44:06.411+0000] {logging_mixin.py:117} INFO - [2022-10-03T09:44:06.411+0000] {dag.py:2573} INFO - Sync 1 DAGs
[2022-10-03T09:44:06.428+0000] {logging_mixin.py:117} INFO - [2022-10-03T09:44:06.428+0000] {dag.py:3324} INFO - Setting next_dagrun for tutorial_taskflow_api_virtualenv to None, run_after=None
[2022-10-03T09:44:06.475+0000] {processor.py:178} INFO - Processing /usr/local/python/3.10.7/lib/python3.10/site-packages/airflow/example_dags/tutorial_taskflow_api_virtualenv.py took 0.115 seconds
[2022-10-03T09:44:41.615+0000] {processor.py:156} INFO - Started process (PID=24830) to work on /usr/local/python/3.10.7/lib/python3.10/site-packages/airflow/example_dags/tutorial_taskflow_api_virtualenv.py
[2022-10-03T09:44:41.616+0000] {processor.py:758} INFO - Processing file /usr/local/python/3.10.7/lib/python3.10/site-packages/airflow/example_dags/tutorial_taskflow_api_virtualenv.py for tasks to queue
[2022-10-03T09:44:41.617+0000] {logging_mixin.py:117} INFO - [2022-10-03T09:44:41.617+0000] {dagbag.py:525} INFO - Filling up the DagBag from /usr/local/python/3.10.7/lib/python3.10/site-packages/airflow/example_dags/tutorial_taskflow_api_virtualenv.py
[2022-10-03T09:44:41.643+0000] {processor.py:768} INFO - DAG(s) dict_keys(['tutorial_taskflow_api_virtualenv']) retrieved from /usr/local/python/3.10.7/lib/python3.10/site-packages/airflow/example_dags/tutorial_taskflow_api_virtualenv.py
[2022-10-03T09:44:41.666+0000] {logging_mixin.py:117} INFO - [2022-10-03T09:44:41.665+0000] {dag.py:2573} INFO - Sync 1 DAGs
[2022-10-03T09:44:41.683+0000] {logging_mixin.py:117} INFO - [2022-10-03T09:44:41.683+0000] {dag.py:3324} INFO - Setting next_dagrun for tutorial_taskflow_api_virtualenv to None, run_after=None
[2022-10-03T09:44:41.725+0000] {processor.py:178} INFO - Processing /usr/local/python/3.10.7/lib/python3.10/site-packages/airflow/example_dags/tutorial_taskflow_api_virtualenv.py took 0.113 seconds
[2022-10-03T09:45:13.587+0000] {processor.py:156} INFO - Started process (PID=25113) to work on /usr/local/python/3.10.7/lib/python3.10/site-packages/airflow/example_dags/tutorial_taskflow_api_virtualenv.py
[2022-10-03T09:45:13.588+0000] {processor.py:758} INFO - Processing file /usr/local/python/3.10.7/lib/python3.10/site-packages/airflow/example_dags/tutorial_taskflow_api_virtualenv.py for tasks to queue
[2022-10-03T09:45:13.589+0000] {logging_mixin.py:117} INFO - [2022-10-03T09:45:13.589+0000] {dagbag.py:525} INFO - Filling up the DagBag from /usr/local/python/3.10.7/lib/python3.10/site-packages/airflow/example_dags/tutorial_taskflow_api_virtualenv.py
[2022-10-03T09:45:13.612+0000] {processor.py:768} INFO - DAG(s) dict_keys(['tutorial_taskflow_api_virtualenv']) retrieved from /usr/local/python/3.10.7/lib/python3.10/site-packages/airflow/example_dags/tutorial_taskflow_api_virtualenv.py
[2022-10-03T09:45:13.633+0000] {logging_mixin.py:117} INFO - [2022-10-03T09:45:13.633+0000] {dag.py:2573} INFO - Sync 1 DAGs
[2022-10-03T09:45:13.651+0000] {logging_mixin.py:117} INFO - [2022-10-03T09:45:13.651+0000] {dag.py:3324} INFO - Setting next_dagrun for tutorial_taskflow_api_virtualenv to None, run_after=None
[2022-10-03T09:45:13.697+0000] {processor.py:178} INFO - Processing /usr/local/python/3.10.7/lib/python3.10/site-packages/airflow/example_dags/tutorial_taskflow_api_virtualenv.py took 0.113 seconds
[2022-10-03T09:45:50.508+0000] {processor.py:156} INFO - Started process (PID=25371) to work on /usr/local/python/3.10.7/lib/python3.10/site-packages/airflow/example_dags/tutorial_taskflow_api_virtualenv.py
[2022-10-03T09:45:50.509+0000] {processor.py:758} INFO - Processing file /usr/local/python/3.10.7/lib/python3.10/site-packages/airflow/example_dags/tutorial_taskflow_api_virtualenv.py for tasks to queue
[2022-10-03T09:45:50.510+0000] {logging_mixin.py:117} INFO - [2022-10-03T09:45:50.509+0000] {dagbag.py:525} INFO - Filling up the DagBag from /usr/local/python/3.10.7/lib/python3.10/site-packages/airflow/example_dags/tutorial_taskflow_api_virtualenv.py
[2022-10-03T09:45:50.534+0000] {processor.py:768} INFO - DAG(s) dict_keys(['tutorial_taskflow_api_virtualenv']) retrieved from /usr/local/python/3.10.7/lib/python3.10/site-packages/airflow/example_dags/tutorial_taskflow_api_virtualenv.py
[2022-10-03T09:45:50.556+0000] {logging_mixin.py:117} INFO - [2022-10-03T09:45:50.556+0000] {dag.py:2573} INFO - Sync 1 DAGs
[2022-10-03T09:45:50.574+0000] {logging_mixin.py:117} INFO - [2022-10-03T09:45:50.574+0000] {dag.py:3324} INFO - Setting next_dagrun for tutorial_taskflow_api_virtualenv to None, run_after=None
[2022-10-03T09:45:50.619+0000] {processor.py:178} INFO - Processing /usr/local/python/3.10.7/lib/python3.10/site-packages/airflow/example_dags/tutorial_taskflow_api_virtualenv.py took 0.114 seconds
[2022-10-03T09:46:26.322+0000] {processor.py:156} INFO - Started process (PID=25604) to work on /usr/local/python/3.10.7/lib/python3.10/site-packages/airflow/example_dags/tutorial_taskflow_api_virtualenv.py
[2022-10-03T09:46:26.323+0000] {processor.py:758} INFO - Processing file /usr/local/python/3.10.7/lib/python3.10/site-packages/airflow/example_dags/tutorial_taskflow_api_virtualenv.py for tasks to queue
[2022-10-03T09:46:26.324+0000] {logging_mixin.py:117} INFO - [2022-10-03T09:46:26.324+0000] {dagbag.py:525} INFO - Filling up the DagBag from /usr/local/python/3.10.7/lib/python3.10/site-packages/airflow/example_dags/tutorial_taskflow_api_virtualenv.py
[2022-10-03T09:46:26.347+0000] {processor.py:768} INFO - DAG(s) dict_keys(['tutorial_taskflow_api_virtualenv']) retrieved from /usr/local/python/3.10.7/lib/python3.10/site-packages/airflow/example_dags/tutorial_taskflow_api_virtualenv.py
[2022-10-03T09:46:26.370+0000] {logging_mixin.py:117} INFO - [2022-10-03T09:46:26.370+0000] {dag.py:2573} INFO - Sync 1 DAGs
[2022-10-03T09:46:26.386+0000] {logging_mixin.py:117} INFO - [2022-10-03T09:46:26.386+0000] {dag.py:3324} INFO - Setting next_dagrun for tutorial_taskflow_api_virtualenv to None, run_after=None
[2022-10-03T09:46:26.433+0000] {processor.py:178} INFO - Processing /usr/local/python/3.10.7/lib/python3.10/site-packages/airflow/example_dags/tutorial_taskflow_api_virtualenv.py took 0.114 seconds
[2022-10-03T09:46:58.807+0000] {processor.py:156} INFO - Started process (PID=25823) to work on /usr/local/python/3.10.7/lib/python3.10/site-packages/airflow/example_dags/tutorial_taskflow_api_virtualenv.py
[2022-10-03T09:46:58.808+0000] {processor.py:758} INFO - Processing file /usr/local/python/3.10.7/lib/python3.10/site-packages/airflow/example_dags/tutorial_taskflow_api_virtualenv.py for tasks to queue
[2022-10-03T09:46:58.808+0000] {logging_mixin.py:117} INFO - [2022-10-03T09:46:58.808+0000] {dagbag.py:525} INFO - Filling up the DagBag from /usr/local/python/3.10.7/lib/python3.10/site-packages/airflow/example_dags/tutorial_taskflow_api_virtualenv.py
[2022-10-03T09:46:58.831+0000] {processor.py:768} INFO - DAG(s) dict_keys(['tutorial_taskflow_api_virtualenv']) retrieved from /usr/local/python/3.10.7/lib/python3.10/site-packages/airflow/example_dags/tutorial_taskflow_api_virtualenv.py
[2022-10-03T09:46:58.854+0000] {logging_mixin.py:117} INFO - [2022-10-03T09:46:58.854+0000] {dag.py:2573} INFO - Sync 1 DAGs
[2022-10-03T09:46:58.870+0000] {logging_mixin.py:117} INFO - [2022-10-03T09:46:58.870+0000] {dag.py:3324} INFO - Setting next_dagrun for tutorial_taskflow_api_virtualenv to None, run_after=None
[2022-10-03T09:46:58.916+0000] {processor.py:178} INFO - Processing /usr/local/python/3.10.7/lib/python3.10/site-packages/airflow/example_dags/tutorial_taskflow_api_virtualenv.py took 0.113 seconds
[2022-10-03T09:47:35.629+0000] {processor.py:156} INFO - Started process (PID=26132) to work on /usr/local/python/3.10.7/lib/python3.10/site-packages/airflow/example_dags/tutorial_taskflow_api_virtualenv.py
[2022-10-03T09:47:35.630+0000] {processor.py:758} INFO - Processing file /usr/local/python/3.10.7/lib/python3.10/site-packages/airflow/example_dags/tutorial_taskflow_api_virtualenv.py for tasks to queue
[2022-10-03T09:47:35.630+0000] {logging_mixin.py:117} INFO - [2022-10-03T09:47:35.630+0000] {dagbag.py:525} INFO - Filling up the DagBag from /usr/local/python/3.10.7/lib/python3.10/site-packages/airflow/example_dags/tutorial_taskflow_api_virtualenv.py
[2022-10-03T09:47:35.655+0000] {processor.py:768} INFO - DAG(s) dict_keys(['tutorial_taskflow_api_virtualenv']) retrieved from /usr/local/python/3.10.7/lib/python3.10/site-packages/airflow/example_dags/tutorial_taskflow_api_virtualenv.py
[2022-10-03T09:47:35.679+0000] {logging_mixin.py:117} INFO - [2022-10-03T09:47:35.679+0000] {dag.py:2573} INFO - Sync 1 DAGs
[2022-10-03T09:47:35.696+0000] {logging_mixin.py:117} INFO - [2022-10-03T09:47:35.695+0000] {dag.py:3324} INFO - Setting next_dagrun for tutorial_taskflow_api_virtualenv to None, run_after=None
[2022-10-03T09:47:35.744+0000] {processor.py:178} INFO - Processing /usr/local/python/3.10.7/lib/python3.10/site-packages/airflow/example_dags/tutorial_taskflow_api_virtualenv.py took 0.119 seconds
