[2022-10-04T18:24:37.572+0000] {taskinstance.py:1165} INFO - Dependencies all met for <TaskInstance: dump_to_s3.create_dump_file manual__2022-10-04T18:24:35.522100+00:00 [queued]>
[2022-10-04T18:24:37.614+0000] {taskinstance.py:1165} INFO - Dependencies all met for <TaskInstance: dump_to_s3.create_dump_file manual__2022-10-04T18:24:35.522100+00:00 [queued]>
[2022-10-04T18:24:37.614+0000] {taskinstance.py:1362} INFO - 
--------------------------------------------------------------------------------
[2022-10-04T18:24:37.614+0000] {taskinstance.py:1363} INFO - Starting attempt 1 of 1
[2022-10-04T18:24:37.614+0000] {taskinstance.py:1364} INFO - 
--------------------------------------------------------------------------------
[2022-10-04T18:24:37.679+0000] {taskinstance.py:1383} INFO - Executing <Task(_PythonDecoratedOperator): create_dump_file> on 2022-10-04 18:24:35.522100+00:00
[2022-10-04T18:24:37.681+0000] {standard_task_runner.py:54} INFO - Started process 4841 to run task
[2022-10-04T18:24:37.685+0000] {standard_task_runner.py:82} INFO - Running: ['airflow', 'tasks', 'run', 'dump_to_s3', 'create_dump_file', 'manual__2022-10-04T18:24:35.522100+00:00', '--job-id', '21', '--raw', '--subdir', 'DAGS_FOLDER/pipeline.py', '--cfg-path', '/tmp/tmpo70h66mz']
[2022-10-04T18:24:37.686+0000] {standard_task_runner.py:83} INFO - Job 21: Subtask create_dump_file
[2022-10-04T18:24:37.687+0000] {dagbag.py:525} INFO - Filling up the DagBag from /workspaces/pipeline-environment/test_airflow/dags/pipeline.py
[2022-10-04T18:24:37.787+0000] {logging_mixin.py:117} WARNING - /usr/local/lib/python3.10/site-packages/airflow/models/dag.py:3393 RemovedInAirflow3Warning: Param `schedule_interval` is deprecated and will be removed in a future release. Please use `schedule` instead.
[2022-10-04T18:24:37.789+0000] {taskmixin.py:205} WARNING - Dependency <Task(_PythonDecoratedOperator): create_dump_file>, collect_messages already registered for DAG: dump_to_s3
[2022-10-04T18:24:37.790+0000] {taskmixin.py:205} WARNING - Dependency <Task(_PythonDecoratedOperator): collect_messages>, create_dump_file already registered for DAG: dump_to_s3
[2022-10-04T18:24:37.790+0000] {taskmixin.py:205} WARNING - Dependency <Task(_PythonDecoratedOperator): create_dump_file>, collect_messages already registered for DAG: dump_to_s3
[2022-10-04T18:24:37.790+0000] {taskmixin.py:205} WARNING - Dependency <Task(_PythonDecoratedOperator): collect_messages>, create_dump_file already registered for DAG: dump_to_s3
[2022-10-04T18:24:37.790+0000] {taskmixin.py:205} WARNING - Dependency <Task(_PythonDecoratedOperator): create_dump_file>, collect_messages already registered for DAG: dump_to_s3
[2022-10-04T18:24:37.790+0000] {taskmixin.py:205} WARNING - Dependency <Task(_PythonDecoratedOperator): collect_messages>, create_dump_file already registered for DAG: dump_to_s3
[2022-10-04T18:24:37.790+0000] {taskmixin.py:205} WARNING - Dependency <Task(_PythonDecoratedOperator): create_dump_file>, collect_messages already registered for DAG: dump_to_s3
[2022-10-04T18:24:37.790+0000] {taskmixin.py:205} WARNING - Dependency <Task(_PythonDecoratedOperator): collect_messages>, create_dump_file already registered for DAG: dump_to_s3
[2022-10-04T18:24:37.791+0000] {taskmixin.py:205} WARNING - Dependency <Task(_PythonDecoratedOperator): create_dump_file>, collect_messages already registered for DAG: dump_to_s3
[2022-10-04T18:24:37.791+0000] {taskmixin.py:205} WARNING - Dependency <Task(_PythonDecoratedOperator): collect_messages>, create_dump_file already registered for DAG: dump_to_s3
[2022-10-04T18:24:37.791+0000] {taskmixin.py:205} WARNING - Dependency <Task(_PythonDecoratedOperator): create_dump_file>, collect_messages already registered for DAG: dump_to_s3
[2022-10-04T18:24:37.791+0000] {taskmixin.py:205} WARNING - Dependency <Task(_PythonDecoratedOperator): collect_messages>, create_dump_file already registered for DAG: dump_to_s3
[2022-10-04T18:24:37.792+0000] {taskmixin.py:205} WARNING - Dependency <Task(_PythonDecoratedOperator): collect_messages>, dump_to_s3 already registered for DAG: dump_to_s3
[2022-10-04T18:24:37.792+0000] {taskmixin.py:205} WARNING - Dependency <Task(_PythonDecoratedOperator): dump_to_s3>, collect_messages already registered for DAG: dump_to_s3
[2022-10-04T18:24:37.792+0000] {taskmixin.py:205} WARNING - Dependency <Task(_PythonDecoratedOperator): collect_messages>, dump_to_s3 already registered for DAG: dump_to_s3
[2022-10-04T18:24:37.792+0000] {taskmixin.py:205} WARNING - Dependency <Task(_PythonDecoratedOperator): dump_to_s3>, collect_messages already registered for DAG: dump_to_s3
[2022-10-04T18:24:37.792+0000] {taskmixin.py:205} WARNING - Dependency <Task(_PythonDecoratedOperator): collect_messages>, dump_to_s3 already registered for DAG: dump_to_s3
[2022-10-04T18:24:37.792+0000] {taskmixin.py:205} WARNING - Dependency <Task(_PythonDecoratedOperator): dump_to_s3>, collect_messages already registered for DAG: dump_to_s3
[2022-10-04T18:24:37.792+0000] {taskmixin.py:205} WARNING - Dependency <Task(_PythonDecoratedOperator): collect_messages>, dump_to_s3 already registered for DAG: dump_to_s3
[2022-10-04T18:24:37.793+0000] {taskmixin.py:205} WARNING - Dependency <Task(_PythonDecoratedOperator): dump_to_s3>, collect_messages already registered for DAG: dump_to_s3
[2022-10-04T18:24:37.793+0000] {taskmixin.py:205} WARNING - Dependency <Task(_PythonDecoratedOperator): collect_messages>, dump_to_s3 already registered for DAG: dump_to_s3
[2022-10-04T18:24:37.793+0000] {taskmixin.py:205} WARNING - Dependency <Task(_PythonDecoratedOperator): dump_to_s3>, collect_messages already registered for DAG: dump_to_s3
[2022-10-04T18:24:37.793+0000] {taskmixin.py:205} WARNING - Dependency <Task(_PythonDecoratedOperator): collect_messages>, dump_to_s3 already registered for DAG: dump_to_s3
[2022-10-04T18:24:37.793+0000] {taskmixin.py:205} WARNING - Dependency <Task(_PythonDecoratedOperator): dump_to_s3>, collect_messages already registered for DAG: dump_to_s3
[2022-10-04T18:24:37.860+0000] {task_command.py:384} INFO - Running <TaskInstance: dump_to_s3.create_dump_file manual__2022-10-04T18:24:35.522100+00:00 [running]> on host b44ee3804a1a
[2022-10-04T18:24:37.978+0000] {taskinstance.py:1590} INFO - Exporting the following env vars:
AIRFLOW_CTX_DAG_OWNER=airflow
AIRFLOW_CTX_DAG_ID=dump_to_s3
AIRFLOW_CTX_TASK_ID=create_dump_file
AIRFLOW_CTX_EXECUTION_DATE=2022-10-04T18:24:35.522100+00:00
AIRFLOW_CTX_TRY_NUMBER=1
AIRFLOW_CTX_DAG_RUN_ID=manual__2022-10-04T18:24:35.522100+00:00
[2022-10-04T18:24:37.979+0000] {taskinstance.py:1851} ERROR - Task failed with exception
Traceback (most recent call last):
  File "/usr/local/lib/python3.10/site-packages/airflow/decorators/base.py", line 188, in execute
    return_value = super().execute(context)
  File "/usr/local/lib/python3.10/site-packages/airflow/operators/python.py", line 175, in execute
    return_value = self.execute_callable()
  File "/usr/local/lib/python3.10/site-packages/airflow/operators/python.py", line 193, in execute_callable
    return self.python_callable(*self.op_args, **self.op_kwargs)
  File "/workspaces/pipeline-environment/test_airflow/dags/pipeline.py", line 34, in create_dump_file
    file = open(f"{home}/data/{format(str(now))}",  'a')
FileNotFoundError: [Errno 2] No such file or directory: '/home/erik/datapipelines-benchmark/ais_pipeline/airflow_ais/dags/data/2022-10-04 16:24:37.979156+00:00'
[2022-10-04T18:24:37.982+0000] {taskinstance.py:1401} INFO - Marking task as FAILED. dag_id=dump_to_s3, task_id=create_dump_file, execution_date=20221004T182435, start_date=20221004T182437, end_date=20221004T182437
[2022-10-04T18:24:38.022+0000] {standard_task_runner.py:102} ERROR - Failed to execute job 21 for task create_dump_file ([Errno 2] No such file or directory: '/home/erik/datapipelines-benchmark/ais_pipeline/airflow_ais/dags/data/2022-10-04 16:24:37.979156+00:00'; 4841)
[2022-10-04T18:24:38.056+0000] {local_task_job.py:164} INFO - Task exited with return code 1
[2022-10-04T18:24:38.137+0000] {local_task_job.py:273} INFO - 0 downstream tasks scheduled from follow-on schedule check
