[2022-10-14T10:47:36.806+0000] {taskinstance.py:1165} INFO - Dependencies all met for <TaskInstance: dump_to_s3.create_dump_file manual__2022-10-14T10:47:34.328748+00:00 [queued]>
[2022-10-14T10:47:36.813+0000] {taskinstance.py:1165} INFO - Dependencies all met for <TaskInstance: dump_to_s3.create_dump_file manual__2022-10-14T10:47:34.328748+00:00 [queued]>
[2022-10-14T10:47:36.813+0000] {taskinstance.py:1362} INFO - 
--------------------------------------------------------------------------------
[2022-10-14T10:47:36.813+0000] {taskinstance.py:1363} INFO - Starting attempt 1 of 1
[2022-10-14T10:47:36.813+0000] {taskinstance.py:1364} INFO - 
--------------------------------------------------------------------------------
[2022-10-14T10:47:36.932+0000] {taskinstance.py:1383} INFO - Executing <Task(_PythonDecoratedOperator): create_dump_file> on 2022-10-14 10:47:34.328748+00:00
[2022-10-14T10:47:36.939+0000] {standard_task_runner.py:54} INFO - Started process 24006 to run task
[2022-10-14T10:47:36.948+0000] {standard_task_runner.py:82} INFO - Running: ['airflow', 'tasks', 'run', 'dump_to_s3', 'create_dump_file', 'manual__2022-10-14T10:47:34.328748+00:00', '--job-id', '110', '--raw', '--subdir', 'DAGS_FOLDER/dump_to_s3.py', '--cfg-path', '/tmp/tmph0wjdyhn']
[2022-10-14T10:47:36.949+0000] {standard_task_runner.py:83} INFO - Job 110: Subtask create_dump_file
[2022-10-14T10:47:36.951+0000] {dagbag.py:525} INFO - Filling up the DagBag from /workspaces/pipeline-environment/test_airflow/dags/dump_to_s3.py
[2022-10-14T10:47:37.337+0000] {logging_mixin.py:117} WARNING - /usr/local/lib/python3.10/site-packages/airflow/models/dag.py:3393 RemovedInAirflow3Warning: Param `schedule_interval` is deprecated and will be removed in a future release. Please use `schedule` instead.
[2022-10-14T10:47:37.340+0000] {taskmixin.py:205} WARNING - Dependency <Task(_PythonDecoratedOperator): create_dump_file>, collect_messages already registered for DAG: dump_to_s3
[2022-10-14T10:47:37.340+0000] {taskmixin.py:205} WARNING - Dependency <Task(_PythonDecoratedOperator): collect_messages>, create_dump_file already registered for DAG: dump_to_s3
[2022-10-14T10:47:37.340+0000] {taskmixin.py:205} WARNING - Dependency <Task(_PythonDecoratedOperator): create_dump_file>, collect_messages already registered for DAG: dump_to_s3
[2022-10-14T10:47:37.340+0000] {taskmixin.py:205} WARNING - Dependency <Task(_PythonDecoratedOperator): collect_messages>, create_dump_file already registered for DAG: dump_to_s3
[2022-10-14T10:47:37.340+0000] {taskmixin.py:205} WARNING - Dependency <Task(_PythonDecoratedOperator): create_dump_file>, collect_messages already registered for DAG: dump_to_s3
[2022-10-14T10:47:37.341+0000] {taskmixin.py:205} WARNING - Dependency <Task(_PythonDecoratedOperator): collect_messages>, create_dump_file already registered for DAG: dump_to_s3
[2022-10-14T10:47:37.341+0000] {taskmixin.py:205} WARNING - Dependency <Task(_PythonDecoratedOperator): create_dump_file>, collect_messages already registered for DAG: dump_to_s3
[2022-10-14T10:47:37.341+0000] {taskmixin.py:205} WARNING - Dependency <Task(_PythonDecoratedOperator): collect_messages>, create_dump_file already registered for DAG: dump_to_s3
[2022-10-14T10:47:37.341+0000] {taskmixin.py:205} WARNING - Dependency <Task(_PythonDecoratedOperator): create_dump_file>, collect_messages already registered for DAG: dump_to_s3
[2022-10-14T10:47:37.341+0000] {taskmixin.py:205} WARNING - Dependency <Task(_PythonDecoratedOperator): collect_messages>, create_dump_file already registered for DAG: dump_to_s3
[2022-10-14T10:47:37.341+0000] {taskmixin.py:205} WARNING - Dependency <Task(_PythonDecoratedOperator): create_dump_file>, collect_messages already registered for DAG: dump_to_s3
[2022-10-14T10:47:37.341+0000] {taskmixin.py:205} WARNING - Dependency <Task(_PythonDecoratedOperator): collect_messages>, create_dump_file already registered for DAG: dump_to_s3
[2022-10-14T10:47:37.342+0000] {taskmixin.py:205} WARNING - Dependency <Task(_PythonDecoratedOperator): collect_messages>, dump_to_s3 already registered for DAG: dump_to_s3
[2022-10-14T10:47:37.342+0000] {taskmixin.py:205} WARNING - Dependency <Task(_PythonDecoratedOperator): dump_to_s3>, collect_messages already registered for DAG: dump_to_s3
[2022-10-14T10:47:37.342+0000] {taskmixin.py:205} WARNING - Dependency <Task(_PythonDecoratedOperator): collect_messages>, dump_to_s3 already registered for DAG: dump_to_s3
[2022-10-14T10:47:37.342+0000] {taskmixin.py:205} WARNING - Dependency <Task(_PythonDecoratedOperator): dump_to_s3>, collect_messages already registered for DAG: dump_to_s3
[2022-10-14T10:47:37.342+0000] {taskmixin.py:205} WARNING - Dependency <Task(_PythonDecoratedOperator): collect_messages>, dump_to_s3 already registered for DAG: dump_to_s3
[2022-10-14T10:47:37.343+0000] {taskmixin.py:205} WARNING - Dependency <Task(_PythonDecoratedOperator): dump_to_s3>, collect_messages already registered for DAG: dump_to_s3
[2022-10-14T10:47:37.343+0000] {taskmixin.py:205} WARNING - Dependency <Task(_PythonDecoratedOperator): collect_messages>, dump_to_s3 already registered for DAG: dump_to_s3
[2022-10-14T10:47:37.343+0000] {taskmixin.py:205} WARNING - Dependency <Task(_PythonDecoratedOperator): dump_to_s3>, collect_messages already registered for DAG: dump_to_s3
[2022-10-14T10:47:37.343+0000] {taskmixin.py:205} WARNING - Dependency <Task(_PythonDecoratedOperator): collect_messages>, dump_to_s3 already registered for DAG: dump_to_s3
[2022-10-14T10:47:37.343+0000] {taskmixin.py:205} WARNING - Dependency <Task(_PythonDecoratedOperator): dump_to_s3>, collect_messages already registered for DAG: dump_to_s3
[2022-10-14T10:47:37.343+0000] {taskmixin.py:205} WARNING - Dependency <Task(_PythonDecoratedOperator): collect_messages>, dump_to_s3 already registered for DAG: dump_to_s3
[2022-10-14T10:47:37.343+0000] {taskmixin.py:205} WARNING - Dependency <Task(_PythonDecoratedOperator): dump_to_s3>, collect_messages already registered for DAG: dump_to_s3
[2022-10-14T10:47:37.670+0000] {task_command.py:384} INFO - Running <TaskInstance: dump_to_s3.create_dump_file manual__2022-10-14T10:47:34.328748+00:00 [running]> on host 499812f3bccf
[2022-10-14T10:47:38.140+0000] {taskinstance.py:1590} INFO - Exporting the following env vars:
AIRFLOW_CTX_DAG_OWNER=airflow
AIRFLOW_CTX_DAG_ID=dump_to_s3
AIRFLOW_CTX_TASK_ID=create_dump_file
AIRFLOW_CTX_EXECUTION_DATE=2022-10-14T10:47:34.328748+00:00
AIRFLOW_CTX_TRY_NUMBER=1
AIRFLOW_CTX_DAG_RUN_ID=manual__2022-10-14T10:47:34.328748+00:00
[2022-10-14T10:47:38.141+0000] {logging_mixin.py:117} INFO - end_time
[2022-10-14T10:47:38.141+0000] {logging_mixin.py:117} INFO - 2022-10-14 12:47:38.140993+00:00
[2022-10-14T10:47:38.141+0000] {logging_mixin.py:117} INFO - start_time
[2022-10-14T10:47:38.141+0000] {logging_mixin.py:117} INFO - 2022-10-13 10:47:38.141008+00:00
[2022-10-14T10:47:38.141+0000] {python.py:177} INFO - Done. Returned value was: {
    "now": "2022-10-14 12:47:38.140993+00:00",
    "start_time": "2022-10-13 10:47:38.141008+00:00"
}
[2022-10-14T10:47:38.193+0000] {taskinstance.py:1401} INFO - Marking task as SUCCESS. dag_id=dump_to_s3, task_id=create_dump_file, execution_date=20221014T104734, start_date=20221014T104736, end_date=20221014T104738
[2022-10-14T10:47:38.320+0000] {local_task_job.py:164} INFO - Task exited with return code 0
[2022-10-14T10:47:38.397+0000] {local_task_job.py:273} INFO - 1 downstream tasks scheduled from follow-on schedule check
