[2022-10-03T09:42:07.987+0000] {processor.py:156} INFO - Started process (PID=23683) to work on /usr/local/python/3.10.7/lib/python3.10/site-packages/airflow/example_dags/plugins/workday.py
[2022-10-03T09:42:07.988+0000] {processor.py:758} INFO - Processing file /usr/local/python/3.10.7/lib/python3.10/site-packages/airflow/example_dags/plugins/workday.py for tasks to queue
[2022-10-03T09:42:07.989+0000] {logging_mixin.py:117} INFO - [2022-10-03T09:42:07.989+0000] {dagbag.py:525} INFO - Filling up the DagBag from /usr/local/python/3.10.7/lib/python3.10/site-packages/airflow/example_dags/plugins/workday.py
[2022-10-03T09:42:07.991+0000] {processor.py:770} WARNING - No viable dags retrieved from /usr/local/python/3.10.7/lib/python3.10/site-packages/airflow/example_dags/plugins/workday.py
[2022-10-03T09:42:08.000+0000] {processor.py:178} INFO - Processing /usr/local/python/3.10.7/lib/python3.10/site-packages/airflow/example_dags/plugins/workday.py took 0.017 seconds
[2022-10-03T09:42:51.754+0000] {processor.py:156} INFO - Started process (PID=24001) to work on /usr/local/python/3.10.7/lib/python3.10/site-packages/airflow/example_dags/plugins/workday.py
[2022-10-03T09:42:51.755+0000] {processor.py:758} INFO - Processing file /usr/local/python/3.10.7/lib/python3.10/site-packages/airflow/example_dags/plugins/workday.py for tasks to queue
[2022-10-03T09:42:51.756+0000] {logging_mixin.py:117} INFO - [2022-10-03T09:42:51.755+0000] {dagbag.py:525} INFO - Filling up the DagBag from /usr/local/python/3.10.7/lib/python3.10/site-packages/airflow/example_dags/plugins/workday.py
[2022-10-03T09:42:51.757+0000] {processor.py:770} WARNING - No viable dags retrieved from /usr/local/python/3.10.7/lib/python3.10/site-packages/airflow/example_dags/plugins/workday.py
[2022-10-03T09:42:51.766+0000] {processor.py:178} INFO - Processing /usr/local/python/3.10.7/lib/python3.10/site-packages/airflow/example_dags/plugins/workday.py took 0.016 seconds
[2022-10-03T09:43:28.472+0000] {processor.py:156} INFO - Started process (PID=24258) to work on /usr/local/python/3.10.7/lib/python3.10/site-packages/airflow/example_dags/plugins/workday.py
[2022-10-03T09:43:28.473+0000] {processor.py:758} INFO - Processing file /usr/local/python/3.10.7/lib/python3.10/site-packages/airflow/example_dags/plugins/workday.py for tasks to queue
[2022-10-03T09:43:28.473+0000] {logging_mixin.py:117} INFO - [2022-10-03T09:43:28.473+0000] {dagbag.py:525} INFO - Filling up the DagBag from /usr/local/python/3.10.7/lib/python3.10/site-packages/airflow/example_dags/plugins/workday.py
[2022-10-03T09:43:28.475+0000] {processor.py:770} WARNING - No viable dags retrieved from /usr/local/python/3.10.7/lib/python3.10/site-packages/airflow/example_dags/plugins/workday.py
[2022-10-03T09:43:28.484+0000] {processor.py:178} INFO - Processing /usr/local/python/3.10.7/lib/python3.10/site-packages/airflow/example_dags/plugins/workday.py took 0.015 seconds
[2022-10-03T09:44:07.603+0000] {processor.py:156} INFO - Started process (PID=24521) to work on /usr/local/python/3.10.7/lib/python3.10/site-packages/airflow/example_dags/plugins/workday.py
[2022-10-03T09:44:07.604+0000] {processor.py:758} INFO - Processing file /usr/local/python/3.10.7/lib/python3.10/site-packages/airflow/example_dags/plugins/workday.py for tasks to queue
[2022-10-03T09:44:07.604+0000] {logging_mixin.py:117} INFO - [2022-10-03T09:44:07.604+0000] {dagbag.py:525} INFO - Filling up the DagBag from /usr/local/python/3.10.7/lib/python3.10/site-packages/airflow/example_dags/plugins/workday.py
[2022-10-03T09:44:07.606+0000] {processor.py:770} WARNING - No viable dags retrieved from /usr/local/python/3.10.7/lib/python3.10/site-packages/airflow/example_dags/plugins/workday.py
[2022-10-03T09:44:07.616+0000] {processor.py:178} INFO - Processing /usr/local/python/3.10.7/lib/python3.10/site-packages/airflow/example_dags/plugins/workday.py took 0.016 seconds
[2022-10-03T09:44:42.003+0000] {processor.py:156} INFO - Started process (PID=24831) to work on /usr/local/python/3.10.7/lib/python3.10/site-packages/airflow/example_dags/plugins/workday.py
[2022-10-03T09:44:42.004+0000] {processor.py:758} INFO - Processing file /usr/local/python/3.10.7/lib/python3.10/site-packages/airflow/example_dags/plugins/workday.py for tasks to queue
[2022-10-03T09:44:42.004+0000] {logging_mixin.py:117} INFO - [2022-10-03T09:44:42.004+0000] {dagbag.py:525} INFO - Filling up the DagBag from /usr/local/python/3.10.7/lib/python3.10/site-packages/airflow/example_dags/plugins/workday.py
[2022-10-03T09:44:42.006+0000] {processor.py:770} WARNING - No viable dags retrieved from /usr/local/python/3.10.7/lib/python3.10/site-packages/airflow/example_dags/plugins/workday.py
[2022-10-03T09:44:42.016+0000] {processor.py:178} INFO - Processing /usr/local/python/3.10.7/lib/python3.10/site-packages/airflow/example_dags/plugins/workday.py took 0.016 seconds
[2022-10-03T09:45:14.867+0000] {processor.py:156} INFO - Started process (PID=25114) to work on /usr/local/python/3.10.7/lib/python3.10/site-packages/airflow/example_dags/plugins/workday.py
[2022-10-03T09:45:14.867+0000] {processor.py:758} INFO - Processing file /usr/local/python/3.10.7/lib/python3.10/site-packages/airflow/example_dags/plugins/workday.py for tasks to queue
[2022-10-03T09:45:14.868+0000] {logging_mixin.py:117} INFO - [2022-10-03T09:45:14.868+0000] {dagbag.py:525} INFO - Filling up the DagBag from /usr/local/python/3.10.7/lib/python3.10/site-packages/airflow/example_dags/plugins/workday.py
[2022-10-03T09:45:14.870+0000] {processor.py:770} WARNING - No viable dags retrieved from /usr/local/python/3.10.7/lib/python3.10/site-packages/airflow/example_dags/plugins/workday.py
[2022-10-03T09:45:14.879+0000] {processor.py:178} INFO - Processing /usr/local/python/3.10.7/lib/python3.10/site-packages/airflow/example_dags/plugins/workday.py took 0.016 seconds
[2022-10-03T09:45:51.783+0000] {processor.py:156} INFO - Started process (PID=25372) to work on /usr/local/python/3.10.7/lib/python3.10/site-packages/airflow/example_dags/plugins/workday.py
[2022-10-03T09:45:51.784+0000] {processor.py:758} INFO - Processing file /usr/local/python/3.10.7/lib/python3.10/site-packages/airflow/example_dags/plugins/workday.py for tasks to queue
[2022-10-03T09:45:51.785+0000] {logging_mixin.py:117} INFO - [2022-10-03T09:45:51.785+0000] {dagbag.py:525} INFO - Filling up the DagBag from /usr/local/python/3.10.7/lib/python3.10/site-packages/airflow/example_dags/plugins/workday.py
[2022-10-03T09:45:51.787+0000] {processor.py:770} WARNING - No viable dags retrieved from /usr/local/python/3.10.7/lib/python3.10/site-packages/airflow/example_dags/plugins/workday.py
[2022-10-03T09:45:51.797+0000] {processor.py:178} INFO - Processing /usr/local/python/3.10.7/lib/python3.10/site-packages/airflow/example_dags/plugins/workday.py took 0.017 seconds
[2022-10-03T09:46:27.254+0000] {processor.py:156} INFO - Started process (PID=25611) to work on /usr/local/python/3.10.7/lib/python3.10/site-packages/airflow/example_dags/plugins/workday.py
[2022-10-03T09:46:27.255+0000] {processor.py:758} INFO - Processing file /usr/local/python/3.10.7/lib/python3.10/site-packages/airflow/example_dags/plugins/workday.py for tasks to queue
[2022-10-03T09:46:27.255+0000] {logging_mixin.py:117} INFO - [2022-10-03T09:46:27.255+0000] {dagbag.py:525} INFO - Filling up the DagBag from /usr/local/python/3.10.7/lib/python3.10/site-packages/airflow/example_dags/plugins/workday.py
[2022-10-03T09:46:27.257+0000] {processor.py:770} WARNING - No viable dags retrieved from /usr/local/python/3.10.7/lib/python3.10/site-packages/airflow/example_dags/plugins/workday.py
[2022-10-03T09:46:27.267+0000] {processor.py:178} INFO - Processing /usr/local/python/3.10.7/lib/python3.10/site-packages/airflow/example_dags/plugins/workday.py took 0.016 seconds
[2022-10-03T09:47:03.534+0000] {processor.py:156} INFO - Started process (PID=25915) to work on /usr/local/python/3.10.7/lib/python3.10/site-packages/airflow/example_dags/plugins/workday.py
[2022-10-03T09:47:03.535+0000] {processor.py:758} INFO - Processing file /usr/local/python/3.10.7/lib/python3.10/site-packages/airflow/example_dags/plugins/workday.py for tasks to queue
[2022-10-03T09:47:03.535+0000] {logging_mixin.py:117} INFO - [2022-10-03T09:47:03.535+0000] {dagbag.py:525} INFO - Filling up the DagBag from /usr/local/python/3.10.7/lib/python3.10/site-packages/airflow/example_dags/plugins/workday.py
[2022-10-03T09:47:03.537+0000] {processor.py:770} WARNING - No viable dags retrieved from /usr/local/python/3.10.7/lib/python3.10/site-packages/airflow/example_dags/plugins/workday.py
[2022-10-03T09:47:03.548+0000] {processor.py:178} INFO - Processing /usr/local/python/3.10.7/lib/python3.10/site-packages/airflow/example_dags/plugins/workday.py took 0.018 seconds
[2022-10-03T09:47:36.596+0000] {processor.py:156} INFO - Started process (PID=26133) to work on /usr/local/python/3.10.7/lib/python3.10/site-packages/airflow/example_dags/plugins/workday.py
[2022-10-03T09:47:36.597+0000] {processor.py:758} INFO - Processing file /usr/local/python/3.10.7/lib/python3.10/site-packages/airflow/example_dags/plugins/workday.py for tasks to queue
[2022-10-03T09:47:36.598+0000] {logging_mixin.py:117} INFO - [2022-10-03T09:47:36.598+0000] {dagbag.py:525} INFO - Filling up the DagBag from /usr/local/python/3.10.7/lib/python3.10/site-packages/airflow/example_dags/plugins/workday.py
[2022-10-03T09:47:36.600+0000] {processor.py:770} WARNING - No viable dags retrieved from /usr/local/python/3.10.7/lib/python3.10/site-packages/airflow/example_dags/plugins/workday.py
[2022-10-03T09:47:36.611+0000] {processor.py:178} INFO - Processing /usr/local/python/3.10.7/lib/python3.10/site-packages/airflow/example_dags/plugins/workday.py took 0.018 seconds
